Nov 20, 2024 9:20:31 PM com.shavi.realtimeeventticketingsystemcli.Main main
INFO: Starting the Ticketing System CLI
Nov 20, 2024 9:20:40 PM com.shavi.realtimeeventticketingsystemcli.configurations.SystemConfiguration <init>
INFO: Creating System Configuration with values: SystemConfiguration{totalTickets=10, ticketReleaseRate=2, customerRetrievalRate=1, maxTicketCapacity=20}
Nov 20, 2024 9:20:40 PM com.shavi.realtimeeventticketingsystemcli.Main sendConfigToBackend
INFO: Response Code: 200
Nov 20, 2024 9:20:40 PM com.shavi.realtimeeventticketingsystemcli.Main sendConfigToBackend
INFO: Configuration saved successfully.
Nov 20, 2024 9:20:40 PM com.shavi.realtimeeventticketingsystemcli.TicketPool <init>
INFO: Ticket pool initialized with maxCapacity: 20
Nov 20, 2024 9:20:42 PM com.shavi.realtimeeventticketingsystemcli.TicketPool retrieveTicket
INFO: Customer is waiting for tickets...
Nov 20, 2024 9:20:42 PM com.shavi.realtimeeventticketingsystemcli.Ticket <init>
INFO: Ticket created: Ticket{id=3, vendorId=2}
Nov 20, 2024 9:20:42 PM com.shavi.realtimeeventticketingsystemcli.Ticket <init>
INFO: Ticket created: Ticket{id=1, vendorId=3}
Nov 20, 2024 9:20:42 PM com.shavi.realtimeeventticketingsystemcli.Ticket <init>
INFO: Ticket created: Ticket{id=2, vendorId=1}
Nov 20, 2024 9:20:42 PM com.shavi.realtimeeventticketingsystemcli.TicketPool retrieveTicket
INFO: Customer is waiting for tickets...
Nov 20, 2024 9:20:42 PM com.shavi.realtimeeventticketingsystemcli.TicketPool retrieveTicket
INFO: Customer is waiting for tickets...
Nov 20, 2024 9:20:42 PM com.shavi.realtimeeventticketingsystemcli.TicketPool retrieveTicket
INFO: Customer is waiting for tickets...
Nov 20, 2024 9:20:42 PM com.shavi.realtimeeventticketingsystemcli.TicketPool getCurrentSize
INFO: Current ticket pool size: 0
Nov 20, 2024 9:20:42 PM com.shavi.realtimeeventticketingsystemcli.TicketPool retrieveTicket
INFO: Customer is waiting for tickets...
Nov 20, 2024 9:20:42 PM com.shavi.realtimeeventticketingsystemcli.Main monitorTicketingOperations
INFO: Monitoring Ticket Pool: Current Size = 0
Nov 20, 2024 9:20:42 PM com.shavi.realtimeeventticketingsystemcli.Main monitorTicketingOperations
WARNING: Warning: Ticket pool is empty!
Nov 20, 2024 9:20:42 PM com.shavi.realtimeeventticketingsystemcli.TicketPool addTicket
INFO: Vendor 1 added ticket ID 2
Nov 20, 2024 9:20:42 PM com.shavi.realtimeeventticketingsystemcli.TicketPool addTicket
INFO: Vendor 3 added ticket ID 1
Nov 20, 2024 9:20:42 PM com.shavi.realtimeeventticketingsystemcli.Vendor run
INFO: Vendor 3 added ticket: 1
Nov 20, 2024 9:20:42 PM com.shavi.realtimeeventticketingsystemcli.Ticket <init>
INFO: Ticket created: Ticket{id=4, vendorId=3}
Nov 20, 2024 9:20:42 PM com.shavi.realtimeeventticketingsystemcli.Vendor run
INFO: Vendor 1 added ticket: 2
Nov 20, 2024 9:20:42 PM com.shavi.realtimeeventticketingsystemcli.Ticket <init>
INFO: Ticket created: Ticket{id=5, vendorId=1}
Nov 20, 2024 9:20:42 PM com.shavi.realtimeeventticketingsystemcli.TicketPool addTicket
INFO: Vendor 2 added ticket ID 3
Nov 20, 2024 9:20:42 PM com.shavi.realtimeeventticketingsystemcli.Vendor run
INFO: Vendor 2 added ticket: 3
Nov 20, 2024 9:20:42 PM com.shavi.realtimeeventticketingsystemcli.Ticket <init>
INFO: Ticket created: Ticket{id=6, vendorId=2}
Nov 20, 2024 9:20:42 PM com.shavi.realtimeeventticketingsystemcli.TicketPool addTicket
INFO: Vendor 1 added ticket ID 5
Nov 20, 2024 9:20:42 PM com.shavi.realtimeeventticketingsystemcli.Vendor run
INFO: Vendor 1 added ticket: 5
Nov 20, 2024 9:20:42 PM com.shavi.realtimeeventticketingsystemcli.TicketPool addTicket
INFO: Vendor 3 added ticket ID 4
Nov 20, 2024 9:20:42 PM com.shavi.realtimeeventticketingsystemcli.Vendor run
INFO: Vendor 3 added ticket: 4
Nov 20, 2024 9:20:42 PM com.shavi.realtimeeventticketingsystemcli.TicketPool retrieveTicket
INFO: Customer retrieved ticket ID 2
Nov 20, 2024 9:20:42 PM com.shavi.realtimeeventticketingsystemcli.TicketPool retrieveTicket
INFO: Customer retrieved ticket ID 1
Nov 20, 2024 9:20:42 PM com.shavi.realtimeeventticketingsystemcli.Customer run
INFO: Customer 5 successfully purchased ticket ID 2
Nov 20, 2024 9:20:42 PM com.shavi.realtimeeventticketingsystemcli.Customer run
INFO: Customer 2 successfully purchased ticket ID 1
Nov 20, 2024 9:20:42 PM com.shavi.realtimeeventticketingsystemcli.TicketPool retrieveTicket
INFO: Customer retrieved ticket ID 3
Nov 20, 2024 9:20:42 PM com.shavi.realtimeeventticketingsystemcli.Customer run
INFO: Customer 3 successfully purchased ticket ID 3
Nov 20, 2024 9:20:42 PM com.shavi.realtimeeventticketingsystemcli.TicketPool retrieveTicket
INFO: Customer retrieved ticket ID 5
Nov 20, 2024 9:20:42 PM com.shavi.realtimeeventticketingsystemcli.Customer run
INFO: Customer 4 successfully purchased ticket ID 5
Nov 20, 2024 9:20:42 PM com.shavi.realtimeeventticketingsystemcli.TicketPool retrieveTicket
INFO: Customer retrieved ticket ID 4
Nov 20, 2024 9:20:42 PM com.shavi.realtimeeventticketingsystemcli.Customer run
INFO: Customer 1 successfully purchased ticket ID 4
Nov 20, 2024 9:20:42 PM com.shavi.realtimeeventticketingsystemcli.TicketPool retrieveTicket
INFO: Customer is waiting for tickets...
Nov 20, 2024 9:20:42 PM com.shavi.realtimeeventticketingsystemcli.TicketPool retrieveTicket
INFO: Customer is waiting for tickets...
Nov 20, 2024 9:20:42 PM com.shavi.realtimeeventticketingsystemcli.TicketPool retrieveTicket
INFO: Customer is waiting for tickets...
Nov 20, 2024 9:20:42 PM com.shavi.realtimeeventticketingsystemcli.TicketPool retrieveTicket
INFO: Customer is waiting for tickets...
Nov 20, 2024 9:20:42 PM com.shavi.realtimeeventticketingsystemcli.TicketPool addTicket
INFO: Vendor 2 added ticket ID 6
Nov 20, 2024 9:20:42 PM com.shavi.realtimeeventticketingsystemcli.Vendor run
INFO: Vendor 2 added ticket: 6
Nov 20, 2024 9:20:42 PM com.shavi.realtimeeventticketingsystemcli.TicketPool retrieveTicket
INFO: Customer retrieved ticket ID 6
Nov 20, 2024 9:20:42 PM com.shavi.realtimeeventticketingsystemcli.Customer run
INFO: Customer 4 successfully purchased ticket ID 6
Nov 20, 2024 9:20:42 PM com.shavi.realtimeeventticketingsystemcli.TicketPool retrieveTicket
INFO: Customer is waiting for tickets...
Nov 20, 2024 9:20:42 PM com.shavi.realtimeeventticketingsystemcli.TicketPool retrieveTicket
INFO: Customer is waiting for tickets...
Nov 20, 2024 9:20:42 PM com.shavi.realtimeeventticketingsystemcli.TicketPool retrieveTicket
INFO: Customer is waiting for tickets...
Nov 20, 2024 9:20:42 PM com.shavi.realtimeeventticketingsystemcli.TicketPool retrieveTicket
INFO: Customer is waiting for tickets...
Nov 20, 2024 9:20:43 PM com.shavi.realtimeeventticketingsystemcli.Ticket <init>
INFO: Ticket created: Ticket{id=7, vendorId=3}
Nov 20, 2024 9:20:43 PM com.shavi.realtimeeventticketingsystemcli.Ticket <init>
INFO: Ticket created: Ticket{id=8, vendorId=1}
Nov 20, 2024 9:20:43 PM com.shavi.realtimeeventticketingsystemcli.Ticket <init>
INFO: Ticket created: Ticket{id=9, vendorId=2}
Nov 20, 2024 9:20:43 PM com.shavi.realtimeeventticketingsystemcli.TicketPool addTicket
INFO: Vendor 3 added ticket ID 7
Nov 20, 2024 9:20:43 PM com.shavi.realtimeeventticketingsystemcli.Vendor run
INFO: Vendor 3 added ticket: 7
Nov 20, 2024 9:20:43 PM com.shavi.realtimeeventticketingsystemcli.TicketPool retrieveTicket
INFO: Customer retrieved ticket ID 7
Nov 20, 2024 9:20:43 PM com.shavi.realtimeeventticketingsystemcli.Ticket <init>
INFO: Ticket created: Ticket{id=10, vendorId=3}
Nov 20, 2024 9:20:43 PM com.shavi.realtimeeventticketingsystemcli.Customer run
INFO: Customer 5 successfully purchased ticket ID 7
Nov 20, 2024 9:20:43 PM com.shavi.realtimeeventticketingsystemcli.TicketPool retrieveTicket
INFO: Customer is waiting for tickets...
Nov 20, 2024 9:20:43 PM com.shavi.realtimeeventticketingsystemcli.TicketPool retrieveTicket
INFO: Customer is waiting for tickets...
Nov 20, 2024 9:20:43 PM com.shavi.realtimeeventticketingsystemcli.TicketPool retrieveTicket
INFO: Customer is waiting for tickets...
Nov 20, 2024 9:20:43 PM com.shavi.realtimeeventticketingsystemcli.TicketPool addTicket
INFO: Vendor 2 added ticket ID 9
Nov 20, 2024 9:20:43 PM com.shavi.realtimeeventticketingsystemcli.Vendor run
INFO: Vendor 2 added ticket: 9
Nov 20, 2024 9:20:43 PM com.shavi.realtimeeventticketingsystemcli.Ticket <init>
INFO: Ticket created: Ticket{id=11, vendorId=2}
Nov 20, 2024 9:20:43 PM com.shavi.realtimeeventticketingsystemcli.TicketPool addTicket
INFO: Vendor 1 added ticket ID 8
Nov 20, 2024 9:20:43 PM com.shavi.realtimeeventticketingsystemcli.Vendor run
INFO: Vendor 1 added ticket: 8
Nov 20, 2024 9:20:43 PM com.shavi.realtimeeventticketingsystemcli.TicketPool addTicket
INFO: Vendor 2 added ticket ID 11
Nov 20, 2024 9:20:43 PM com.shavi.realtimeeventticketingsystemcli.Vendor run
INFO: Vendor 2 added ticket: 11
Nov 20, 2024 9:20:43 PM com.shavi.realtimeeventticketingsystemcli.Ticket <init>
INFO: Ticket created: Ticket{id=12, vendorId=1}
Nov 20, 2024 9:20:43 PM com.shavi.realtimeeventticketingsystemcli.TicketPool retrieveTicket
INFO: Customer retrieved ticket ID 9
Nov 20, 2024 9:20:43 PM com.shavi.realtimeeventticketingsystemcli.Customer run
INFO: Customer 2 successfully purchased ticket ID 9
Nov 20, 2024 9:20:43 PM com.shavi.realtimeeventticketingsystemcli.TicketPool retrieveTicket
INFO: Customer retrieved ticket ID 8
Nov 20, 2024 9:20:43 PM com.shavi.realtimeeventticketingsystemcli.Customer run
INFO: Customer 3 successfully purchased ticket ID 8
Nov 20, 2024 9:20:43 PM com.shavi.realtimeeventticketingsystemcli.TicketPool retrieveTicket
INFO: Customer retrieved ticket ID 11
Nov 20, 2024 9:20:43 PM com.shavi.realtimeeventticketingsystemcli.Customer run
INFO: Customer 1 successfully purchased ticket ID 11
Nov 20, 2024 9:20:43 PM com.shavi.realtimeeventticketingsystemcli.TicketPool addTicket
INFO: Vendor 3 added ticket ID 10
Nov 20, 2024 9:20:43 PM com.shavi.realtimeeventticketingsystemcli.Vendor run
INFO: Vendor 3 added ticket: 10
Nov 20, 2024 9:20:43 PM com.shavi.realtimeeventticketingsystemcli.TicketPool addTicket
INFO: Vendor 1 added ticket ID 12
Nov 20, 2024 9:20:43 PM com.shavi.realtimeeventticketingsystemcli.Vendor run
INFO: Vendor 1 added ticket: 12
Nov 20, 2024 9:20:44 PM com.shavi.realtimeeventticketingsystemcli.TicketPool retrieveTicket
INFO: Customer retrieved ticket ID 10
Nov 20, 2024 9:20:44 PM com.shavi.realtimeeventticketingsystemcli.Customer run
INFO: Customer 4 successfully purchased ticket ID 10
Nov 20, 2024 9:20:44 PM com.shavi.realtimeeventticketingsystemcli.TicketPool retrieveTicket
INFO: Customer retrieved ticket ID 12
Nov 20, 2024 9:20:44 PM com.shavi.realtimeeventticketingsystemcli.Customer run
INFO: Customer 4 successfully purchased ticket ID 12
Nov 20, 2024 9:20:44 PM com.shavi.realtimeeventticketingsystemcli.Ticket <init>
INFO: Ticket created: Ticket{id=15, vendorId=2}
Nov 20, 2024 9:20:44 PM com.shavi.realtimeeventticketingsystemcli.TicketPool addTicket
INFO: Vendor 2 added ticket ID 15
Nov 20, 2024 9:20:44 PM com.shavi.realtimeeventticketingsystemcli.Ticket <init>
INFO: Ticket created: Ticket{id=13, vendorId=1}
Nov 20, 2024 9:20:44 PM com.shavi.realtimeeventticketingsystemcli.TicketPool addTicket
INFO: Vendor 1 added ticket ID 13
Nov 20, 2024 9:20:44 PM com.shavi.realtimeeventticketingsystemcli.Vendor run
INFO: Vendor 1 added ticket: 13
Nov 20, 2024 9:20:44 PM com.shavi.realtimeeventticketingsystemcli.Ticket <init>
INFO: Ticket created: Ticket{id=16, vendorId=1}
Nov 20, 2024 9:20:44 PM com.shavi.realtimeeventticketingsystemcli.TicketPool addTicket
INFO: Vendor 1 added ticket ID 16
Nov 20, 2024 9:20:44 PM com.shavi.realtimeeventticketingsystemcli.Vendor run
INFO: Vendor 1 added ticket: 16
Nov 20, 2024 9:20:44 PM com.shavi.realtimeeventticketingsystemcli.Ticket <init>
INFO: Ticket created: Ticket{id=14, vendorId=3}
Nov 20, 2024 9:20:44 PM com.shavi.realtimeeventticketingsystemcli.TicketPool addTicket
INFO: Vendor 3 added ticket ID 14
Nov 20, 2024 9:20:44 PM com.shavi.realtimeeventticketingsystemcli.Vendor run
INFO: Vendor 3 added ticket: 14
Nov 20, 2024 9:20:44 PM com.shavi.realtimeeventticketingsystemcli.Ticket <init>
INFO: Ticket created: Ticket{id=17, vendorId=3}
Nov 20, 2024 9:20:44 PM com.shavi.realtimeeventticketingsystemcli.TicketPool addTicket
INFO: Vendor 3 added ticket ID 17
Nov 20, 2024 9:20:44 PM com.shavi.realtimeeventticketingsystemcli.Vendor run
INFO: Vendor 3 added ticket: 17
Nov 20, 2024 9:20:44 PM com.shavi.realtimeeventticketingsystemcli.Vendor run
INFO: Vendor 2 added ticket: 15
Nov 20, 2024 9:20:44 PM com.shavi.realtimeeventticketingsystemcli.Ticket <init>
INFO: Ticket created: Ticket{id=18, vendorId=2}
Nov 20, 2024 9:20:44 PM com.shavi.realtimeeventticketingsystemcli.TicketPool addTicket
INFO: Vendor 2 added ticket ID 18
Nov 20, 2024 9:20:44 PM com.shavi.realtimeeventticketingsystemcli.Vendor run
INFO: Vendor 2 added ticket: 18
Nov 20, 2024 9:20:45 PM com.shavi.realtimeeventticketingsystemcli.TicketPool retrieveTicket
INFO: Customer retrieved ticket ID 15
Nov 20, 2024 9:20:45 PM com.shavi.realtimeeventticketingsystemcli.Customer run
INFO: Customer 5 successfully purchased ticket ID 15
Nov 20, 2024 9:20:45 PM com.shavi.realtimeeventticketingsystemcli.TicketPool retrieveTicket
INFO: Customer retrieved ticket ID 13
Nov 20, 2024 9:20:45 PM com.shavi.realtimeeventticketingsystemcli.Customer run
INFO: Customer 2 successfully purchased ticket ID 13
Nov 20, 2024 9:20:45 PM com.shavi.realtimeeventticketingsystemcli.TicketPool retrieveTicket
INFO: Customer retrieved ticket ID 16
Nov 20, 2024 9:20:45 PM com.shavi.realtimeeventticketingsystemcli.Ticket <init>
INFO: Ticket created: Ticket{id=19, vendorId=1}
Nov 20, 2024 9:20:45 PM com.shavi.realtimeeventticketingsystemcli.Customer run
INFO: Customer 1 successfully purchased ticket ID 16
Nov 20, 2024 9:20:45 PM com.shavi.realtimeeventticketingsystemcli.Ticket <init>
INFO: Ticket created: Ticket{id=21, vendorId=2}
Nov 20, 2024 9:20:45 PM com.shavi.realtimeeventticketingsystemcli.Ticket <init>
INFO: Ticket created: Ticket{id=20, vendorId=3}
Nov 20, 2024 9:20:45 PM com.shavi.realtimeeventticketingsystemcli.TicketPool retrieveTicket
INFO: Customer retrieved ticket ID 14
Nov 20, 2024 9:20:45 PM com.shavi.realtimeeventticketingsystemcli.TicketPool addTicket
INFO: Vendor 3 added ticket ID 20
Nov 20, 2024 9:20:45 PM com.shavi.realtimeeventticketingsystemcli.Customer run
INFO: Customer 3 successfully purchased ticket ID 14
Nov 20, 2024 9:20:45 PM com.shavi.realtimeeventticketingsystemcli.Vendor run
INFO: Vendor 3 added ticket: 20
Nov 20, 2024 9:20:45 PM com.shavi.realtimeeventticketingsystemcli.Ticket <init>
INFO: Ticket created: Ticket{id=22, vendorId=3}
Nov 20, 2024 9:20:45 PM com.shavi.realtimeeventticketingsystemcli.TicketPool addTicket
INFO: Vendor 2 added ticket ID 21
Nov 20, 2024 9:20:45 PM com.shavi.realtimeeventticketingsystemcli.Vendor run
INFO: Vendor 2 added ticket: 21
Nov 20, 2024 9:20:45 PM com.shavi.realtimeeventticketingsystemcli.TicketPool retrieveTicket
INFO: Customer retrieved ticket ID 17
Nov 20, 2024 9:20:45 PM com.shavi.realtimeeventticketingsystemcli.Ticket <init>
INFO: Ticket created: Ticket{id=23, vendorId=2}
Nov 20, 2024 9:20:45 PM com.shavi.realtimeeventticketingsystemcli.Customer run
INFO: Customer 1 successfully purchased ticket ID 17
Nov 20, 2024 9:20:45 PM com.shavi.realtimeeventticketingsystemcli.TicketPool addTicket
INFO: Vendor 1 added ticket ID 19
Nov 20, 2024 9:20:45 PM com.shavi.realtimeeventticketingsystemcli.Vendor run
INFO: Vendor 1 added ticket: 19
Nov 20, 2024 9:20:45 PM com.shavi.realtimeeventticketingsystemcli.TicketPool retrieveTicket
INFO: Customer retrieved ticket ID 18
Nov 20, 2024 9:20:45 PM com.shavi.realtimeeventticketingsystemcli.Ticket <init>
INFO: Ticket created: Ticket{id=24, vendorId=1}
Nov 20, 2024 9:20:45 PM com.shavi.realtimeeventticketingsystemcli.Customer run
INFO: Customer 2 successfully purchased ticket ID 18
Nov 20, 2024 9:20:45 PM com.shavi.realtimeeventticketingsystemcli.TicketPool retrieveTicket
INFO: Customer retrieved ticket ID 20
Nov 20, 2024 9:20:45 PM com.shavi.realtimeeventticketingsystemcli.Customer run
INFO: Customer 5 successfully purchased ticket ID 20
Nov 20, 2024 9:20:45 PM com.shavi.realtimeeventticketingsystemcli.TicketPool addTicket
INFO: Vendor 1 added ticket ID 24
Nov 20, 2024 9:20:45 PM com.shavi.realtimeeventticketingsystemcli.Vendor run
INFO: Vendor 1 added ticket: 24
Nov 20, 2024 9:20:45 PM com.shavi.realtimeeventticketingsystemcli.TicketPool addTicket
INFO: Vendor 2 added ticket ID 23
Nov 20, 2024 9:20:45 PM com.shavi.realtimeeventticketingsystemcli.Vendor run
INFO: Vendor 2 added ticket: 23
Nov 20, 2024 9:20:45 PM com.shavi.realtimeeventticketingsystemcli.TicketPool addTicket
INFO: Vendor 3 added ticket ID 22
Nov 20, 2024 9:20:45 PM com.shavi.realtimeeventticketingsystemcli.Vendor run
INFO: Vendor 3 added ticket: 22
Nov 20, 2024 9:20:45 PM com.shavi.realtimeeventticketingsystemcli.TicketPool retrieveTicket
INFO: Customer retrieved ticket ID 21
Nov 20, 2024 9:20:45 PM com.shavi.realtimeeventticketingsystemcli.Customer run
INFO: Customer 3 successfully purchased ticket ID 21
Nov 20, 2024 9:20:46 PM com.shavi.realtimeeventticketingsystemcli.TicketPool retrieveTicket
INFO: Customer retrieved ticket ID 19
Nov 20, 2024 9:20:46 PM com.shavi.realtimeeventticketingsystemcli.Customer run
INFO: Customer 4 successfully purchased ticket ID 19
Nov 20, 2024 9:20:46 PM com.shavi.realtimeeventticketingsystemcli.TicketPool retrieveTicket
INFO: Customer retrieved ticket ID 24
Nov 20, 2024 9:20:46 PM com.shavi.realtimeeventticketingsystemcli.Customer run
INFO: Customer 4 successfully purchased ticket ID 24
Nov 20, 2024 9:20:46 PM com.shavi.realtimeeventticketingsystemcli.Ticket <init>
INFO: Ticket created: Ticket{id=25, vendorId=1}
Nov 20, 2024 9:20:46 PM com.shavi.realtimeeventticketingsystemcli.Ticket <init>
INFO: Ticket created: Ticket{id=26, vendorId=2}
Nov 20, 2024 9:20:46 PM com.shavi.realtimeeventticketingsystemcli.Ticket <init>
INFO: Ticket created: Ticket{id=27, vendorId=3}
Nov 20, 2024 9:20:46 PM com.shavi.realtimeeventticketingsystemcli.TicketPool addTicket
INFO: Vendor 1 added ticket ID 25
Nov 20, 2024 9:20:46 PM com.shavi.realtimeeventticketingsystemcli.Vendor run
INFO: Vendor 1 added ticket: 25
Nov 20, 2024 9:20:46 PM com.shavi.realtimeeventticketingsystemcli.Ticket <init>
INFO: Ticket created: Ticket{id=28, vendorId=1}
Nov 20, 2024 9:20:46 PM com.shavi.realtimeeventticketingsystemcli.TicketPool addTicket
INFO: Vendor 3 added ticket ID 27
Nov 20, 2024 9:20:46 PM com.shavi.realtimeeventticketingsystemcli.Vendor run
INFO: Vendor 3 added ticket: 27
Nov 20, 2024 9:20:46 PM com.shavi.realtimeeventticketingsystemcli.TicketPool addTicket
INFO: Vendor 2 added ticket ID 26
Nov 20, 2024 9:20:46 PM com.shavi.realtimeeventticketingsystemcli.Vendor run
INFO: Vendor 2 added ticket: 26
Nov 20, 2024 9:20:46 PM com.shavi.realtimeeventticketingsystemcli.Ticket <init>
INFO: Ticket created: Ticket{id=30, vendorId=2}
Nov 20, 2024 9:20:46 PM com.shavi.realtimeeventticketingsystemcli.Ticket <init>
INFO: Ticket created: Ticket{id=29, vendorId=3}
Nov 20, 2024 9:20:46 PM com.shavi.realtimeeventticketingsystemcli.TicketPool addTicket
INFO: Vendor 1 added ticket ID 28
Nov 20, 2024 9:20:46 PM com.shavi.realtimeeventticketingsystemcli.Vendor run
INFO: Vendor 1 added ticket: 28
Nov 20, 2024 9:20:46 PM com.shavi.realtimeeventticketingsystemcli.TicketPool addTicket
INFO: Vendor 3 added ticket ID 29
Nov 20, 2024 9:20:46 PM com.shavi.realtimeeventticketingsystemcli.Vendor run
INFO: Vendor 3 added ticket: 29
Nov 20, 2024 9:20:46 PM com.shavi.realtimeeventticketingsystemcli.TicketPool addTicket
INFO: Vendor 2 added ticket ID 30
Nov 20, 2024 9:20:46 PM com.shavi.realtimeeventticketingsystemcli.Vendor run
INFO: Vendor 2 added ticket: 30
Nov 20, 2024 9:20:47 PM com.shavi.realtimeeventticketingsystemcli.TicketPool getCurrentSize
INFO: Current ticket pool size: 8
Nov 20, 2024 9:20:47 PM com.shavi.realtimeeventticketingsystemcli.Main monitorTicketingOperations
INFO: Monitoring Ticket Pool: Current Size = 8
Nov 20, 2024 9:20:47 PM com.shavi.realtimeeventticketingsystemcli.TicketPool retrieveTicket
INFO: Customer retrieved ticket ID 23
Nov 20, 2024 9:20:47 PM com.shavi.realtimeeventticketingsystemcli.Customer run
INFO: Customer 1 successfully purchased ticket ID 23
Nov 20, 2024 9:20:47 PM com.shavi.realtimeeventticketingsystemcli.TicketPool retrieveTicket
INFO: Customer retrieved ticket ID 22
Nov 20, 2024 9:20:47 PM com.shavi.realtimeeventticketingsystemcli.Customer run
INFO: Customer 3 successfully purchased ticket ID 22
Nov 20, 2024 9:20:47 PM com.shavi.realtimeeventticketingsystemcli.TicketPool retrieveTicket
INFO: Customer retrieved ticket ID 25
Nov 20, 2024 9:20:47 PM com.shavi.realtimeeventticketingsystemcli.Customer run
INFO: Customer 5 successfully purchased ticket ID 25
Nov 20, 2024 9:20:47 PM com.shavi.realtimeeventticketingsystemcli.TicketPool retrieveTicket
INFO: Customer retrieved ticket ID 27
Nov 20, 2024 9:20:47 PM com.shavi.realtimeeventticketingsystemcli.Customer run
INFO: Customer 2 successfully purchased ticket ID 27
Nov 20, 2024 9:20:47 PM com.shavi.realtimeeventticketingsystemcli.TicketPool retrieveTicket
INFO: Customer retrieved ticket ID 26
Nov 20, 2024 9:20:47 PM com.shavi.realtimeeventticketingsystemcli.Customer run
INFO: Customer 5 successfully purchased ticket ID 26
Nov 20, 2024 9:20:47 PM com.shavi.realtimeeventticketingsystemcli.TicketPool retrieveTicket
INFO: Customer retrieved ticket ID 28
Nov 20, 2024 9:20:47 PM com.shavi.realtimeeventticketingsystemcli.Customer run
INFO: Customer 3 successfully purchased ticket ID 28
Nov 20, 2024 9:20:47 PM com.shavi.realtimeeventticketingsystemcli.TicketPool retrieveTicket
INFO: Customer retrieved ticket ID 29
Nov 20, 2024 9:20:47 PM com.shavi.realtimeeventticketingsystemcli.Customer run
INFO: Customer 1 successfully purchased ticket ID 29
Nov 20, 2024 9:20:47 PM com.shavi.realtimeeventticketingsystemcli.TicketPool retrieveTicket
INFO: Customer retrieved ticket ID 30
Nov 20, 2024 9:20:47 PM com.shavi.realtimeeventticketingsystemcli.Customer run
INFO: Customer 2 successfully purchased ticket ID 30
Nov 20, 2024 9:20:48 PM com.shavi.realtimeeventticketingsystemcli.TicketPool retrieveTicket
INFO: Customer is waiting for tickets...
Nov 20, 2024 9:20:49 PM com.shavi.realtimeeventticketingsystemcli.TicketPool retrieveTicket
INFO: Customer is waiting for tickets...
Nov 20, 2024 9:20:49 PM com.shavi.realtimeeventticketingsystemcli.TicketPool retrieveTicket
INFO: Customer is waiting for tickets...
Nov 20, 2024 9:20:49 PM com.shavi.realtimeeventticketingsystemcli.TicketPool retrieveTicket
INFO: Customer is waiting for tickets...
Nov 20, 2024 9:20:49 PM com.shavi.realtimeeventticketingsystemcli.TicketPool retrieveTicket
INFO: Customer is waiting for tickets...
Nov 20, 2024 9:20:52 PM com.shavi.realtimeeventticketingsystemcli.TicketPool getCurrentSize
INFO: Current ticket pool size: 0
Nov 20, 2024 9:20:52 PM com.shavi.realtimeeventticketingsystemcli.Main monitorTicketingOperations
INFO: Monitoring Ticket Pool: Current Size = 0
Nov 20, 2024 9:20:52 PM com.shavi.realtimeeventticketingsystemcli.Main monitorTicketingOperations
WARNING: Warning: Ticket pool is empty!
Nov 20, 2024 9:20:57 PM com.shavi.realtimeeventticketingsystemcli.TicketPool getCurrentSize
INFO: Current ticket pool size: 0
Nov 20, 2024 9:20:57 PM com.shavi.realtimeeventticketingsystemcli.Main monitorTicketingOperations
INFO: Monitoring Ticket Pool: Current Size = 0
Nov 20, 2024 9:20:57 PM com.shavi.realtimeeventticketingsystemcli.Main monitorTicketingOperations
WARNING: Warning: Ticket pool is empty!
Nov 20, 2024 9:21:00 PM com.shavi.realtimeeventticketingsystemcli.TicketPool retrieveTicket
SEVERE: Customer was interrupted while waiting for tickets.
Nov 20, 2024 9:21:00 PM com.shavi.realtimeeventticketingsystemcli.TicketPool retrieveTicket
SEVERE: Customer was interrupted while waiting for tickets.
Nov 20, 2024 9:21:00 PM com.shavi.realtimeeventticketingsystemcli.Customer run
INFO: Customer 5 found no tickets available.
Nov 20, 2024 9:21:00 PM com.shavi.realtimeeventticketingsystemcli.TicketPool retrieveTicket
SEVERE: Customer was interrupted while waiting for tickets.
Nov 20, 2024 9:21:00 PM com.shavi.realtimeeventticketingsystemcli.Customer run
INFO: Customer 4 found no tickets available.
Nov 20, 2024 9:21:00 PM com.shavi.realtimeeventticketingsystemcli.Customer run
INFO: Customer 2 found no tickets available.
Nov 20, 2024 9:21:00 PM com.shavi.realtimeeventticketingsystemcli.Customer run
INFO: Customer 2 has finished all attempts.
Nov 20, 2024 9:21:00 PM com.shavi.realtimeeventticketingsystemcli.Customer run
INFO: Customer 5 has finished all attempts.
Nov 20, 2024 9:21:00 PM com.shavi.realtimeeventticketingsystemcli.TicketPool retrieveTicket
SEVERE: Customer was interrupted while waiting for tickets.
Nov 20, 2024 9:21:00 PM com.shavi.realtimeeventticketingsystemcli.Customer run
INFO: Customer 4 has finished all attempts.
Nov 20, 2024 9:21:00 PM com.shavi.realtimeeventticketingsystemcli.Customer run
INFO: Customer 3 found no tickets available.
Nov 20, 2024 9:21:00 PM com.shavi.realtimeeventticketingsystemcli.Customer run
INFO: Customer 3 has finished all attempts.
Nov 20, 2024 9:21:00 PM com.shavi.realtimeeventticketingsystemcli.TicketPool retrieveTicket
SEVERE: Customer was interrupted while waiting for tickets.
Nov 20, 2024 9:21:00 PM com.shavi.realtimeeventticketingsystemcli.Customer run
INFO: Customer 1 found no tickets available.
Nov 20, 2024 9:21:00 PM com.shavi.realtimeeventticketingsystemcli.Customer run
INFO: Customer 1 has finished all attempts.
Nov 20, 2024 9:21:02 PM com.shavi.realtimeeventticketingsystemcli.TicketPool getCurrentSize
INFO: Current ticket pool size: 0
Nov 20, 2024 9:21:02 PM com.shavi.realtimeeventticketingsystemcli.Main monitorTicketingOperations
INFO: Monitoring Ticket Pool: Current Size = 0
Nov 20, 2024 9:21:02 PM com.shavi.realtimeeventticketingsystemcli.Main monitorTicketingOperations
WARNING: Warning: Ticket pool is empty!
Nov 20, 2024 9:21:07 PM com.shavi.realtimeeventticketingsystemcli.TicketPool getCurrentSize
INFO: Current ticket pool size: 0
Nov 20, 2024 9:21:07 PM com.shavi.realtimeeventticketingsystemcli.Main monitorTicketingOperations
INFO: Monitoring Ticket Pool: Current Size = 0
Nov 20, 2024 9:21:07 PM com.shavi.realtimeeventticketingsystemcli.Main monitorTicketingOperations
WARNING: Warning: Ticket pool is empty!
Nov 20, 2024 9:21:12 PM com.shavi.realtimeeventticketingsystemcli.TicketPool getCurrentSize
INFO: Current ticket pool size: 0
Nov 20, 2024 9:21:12 PM com.shavi.realtimeeventticketingsystemcli.Main monitorTicketingOperations
INFO: Monitoring Ticket Pool: Current Size = 0
Nov 20, 2024 9:21:12 PM com.shavi.realtimeeventticketingsystemcli.Main monitorTicketingOperations
WARNING: Warning: Ticket pool is empty!
Nov 20, 2024 9:21:13 PM com.shavi.realtimeeventticketingsystemcli.Ticket <init>
INFO: Ticket created: Ticket{id=31, vendorId=2}
Nov 20, 2024 9:21:13 PM com.shavi.realtimeeventticketingsystemcli.Ticket <init>
INFO: Ticket created: Ticket{id=32, vendorId=1}
Nov 20, 2024 9:21:13 PM com.shavi.realtimeeventticketingsystemcli.Ticket <init>
INFO: Ticket created: Ticket{id=33, vendorId=3}
Nov 20, 2024 9:21:13 PM com.shavi.realtimeeventticketingsystemcli.TicketPool retrieveTicket
INFO: Customer is waiting for tickets...
Nov 20, 2024 9:21:13 PM com.shavi.realtimeeventticketingsystemcli.TicketPool addTicket
INFO: Vendor 3 added ticket ID 33
Nov 20, 2024 9:21:13 PM com.shavi.realtimeeventticketingsystemcli.Vendor run
INFO: Vendor 3 added ticket: 33
Nov 20, 2024 9:21:13 PM com.shavi.realtimeeventticketingsystemcli.TicketPool addTicket
INFO: Vendor 1 added ticket ID 32
Nov 20, 2024 9:21:13 PM com.shavi.realtimeeventticketingsystemcli.Ticket <init>
INFO: Ticket created: Ticket{id=34, vendorId=3}
Nov 20, 2024 9:21:13 PM com.shavi.realtimeeventticketingsystemcli.Vendor run
INFO: Vendor 1 added ticket: 32
Nov 20, 2024 9:21:13 PM com.shavi.realtimeeventticketingsystemcli.TicketPool getCurrentSize
INFO: Current ticket pool size: 2
Nov 20, 2024 9:21:13 PM com.shavi.realtimeeventticketingsystemcli.Ticket <init>
INFO: Ticket created: Ticket{id=35, vendorId=1}
Nov 20, 2024 9:21:13 PM com.shavi.realtimeeventticketingsystemcli.Main monitorTicketingOperations
INFO: Monitoring Ticket Pool: Current Size = 2
Nov 20, 2024 9:21:13 PM com.shavi.realtimeeventticketingsystemcli.TicketPool addTicket
INFO: Vendor 2 added ticket ID 31
Nov 20, 2024 9:21:13 PM com.shavi.realtimeeventticketingsystemcli.Vendor run
INFO: Vendor 2 added ticket: 31
Nov 20, 2024 9:21:13 PM com.shavi.realtimeeventticketingsystemcli.Ticket <init>
INFO: Ticket created: Ticket{id=36, vendorId=2}
Nov 20, 2024 9:21:13 PM com.shavi.realtimeeventticketingsystemcli.TicketPool retrieveTicket
INFO: Customer retrieved ticket ID 33
Nov 20, 2024 9:21:13 PM com.shavi.realtimeeventticketingsystemcli.Customer run
INFO: Customer 5 successfully purchased ticket ID 33
Nov 20, 2024 9:21:13 PM com.shavi.realtimeeventticketingsystemcli.TicketPool retrieveTicket
INFO: Customer retrieved ticket ID 32
Nov 20, 2024 9:21:13 PM com.shavi.realtimeeventticketingsystemcli.Customer run
INFO: Customer 5 successfully purchased ticket ID 32
Nov 20, 2024 9:21:13 PM com.shavi.realtimeeventticketingsystemcli.TicketPool retrieveTicket
INFO: Customer retrieved ticket ID 31
Nov 20, 2024 9:21:13 PM com.shavi.realtimeeventticketingsystemcli.Customer run
INFO: Customer 4 successfully purchased ticket ID 31
Nov 20, 2024 9:21:13 PM com.shavi.realtimeeventticketingsystemcli.TicketPool retrieveTicket
INFO: Customer is waiting for tickets...
Nov 20, 2024 9:21:13 PM com.shavi.realtimeeventticketingsystemcli.TicketPool retrieveTicket
INFO: Customer is waiting for tickets...
Nov 20, 2024 9:21:13 PM com.shavi.realtimeeventticketingsystemcli.TicketPool retrieveTicket
INFO: Customer is waiting for tickets...
Nov 20, 2024 9:21:13 PM com.shavi.realtimeeventticketingsystemcli.TicketPool addTicket
INFO: Vendor 2 added ticket ID 36
Nov 20, 2024 9:21:13 PM com.shavi.realtimeeventticketingsystemcli.Vendor run
INFO: Vendor 2 added ticket: 36
Nov 20, 2024 9:21:13 PM com.shavi.realtimeeventticketingsystemcli.TicketPool addTicket
INFO: Vendor 1 added ticket ID 35
Nov 20, 2024 9:21:13 PM com.shavi.realtimeeventticketingsystemcli.Vendor run
INFO: Vendor 1 added ticket: 35
Nov 20, 2024 9:21:13 PM com.shavi.realtimeeventticketingsystemcli.TicketPool addTicket
INFO: Vendor 3 added ticket ID 34
Nov 20, 2024 9:21:13 PM com.shavi.realtimeeventticketingsystemcli.Vendor run
INFO: Vendor 3 added ticket: 34
Nov 20, 2024 9:21:13 PM com.shavi.realtimeeventticketingsystemcli.TicketPool retrieveTicket
INFO: Customer retrieved ticket ID 36
Nov 20, 2024 9:21:13 PM com.shavi.realtimeeventticketingsystemcli.Customer run
INFO: Customer 1 successfully purchased ticket ID 36
Nov 20, 2024 9:21:13 PM com.shavi.realtimeeventticketingsystemcli.TicketPool retrieveTicket
INFO: Customer retrieved ticket ID 35
Nov 20, 2024 9:21:13 PM com.shavi.realtimeeventticketingsystemcli.Customer run
INFO: Customer 2 successfully purchased ticket ID 35
Nov 20, 2024 9:21:13 PM com.shavi.realtimeeventticketingsystemcli.TicketPool retrieveTicket
INFO: Customer retrieved ticket ID 34
Nov 20, 2024 9:21:13 PM com.shavi.realtimeeventticketingsystemcli.Customer run
INFO: Customer 3 successfully purchased ticket ID 34
Nov 20, 2024 9:21:13 PM com.shavi.realtimeeventticketingsystemcli.TicketPool retrieveTicket
INFO: Customer is waiting for tickets...
Nov 20, 2024 9:21:13 PM com.shavi.realtimeeventticketingsystemcli.TicketPool retrieveTicket
INFO: Customer is waiting for tickets...
Nov 20, 2024 9:21:13 PM com.shavi.realtimeeventticketingsystemcli.TicketPool retrieveTicket
INFO: Customer is waiting for tickets...
Nov 20, 2024 9:21:13 PM com.shavi.realtimeeventticketingsystemcli.TicketPool retrieveTicket
INFO: Customer is waiting for tickets...
Nov 20, 2024 9:21:14 PM com.shavi.realtimeeventticketingsystemcli.Ticket <init>
INFO: Ticket created: Ticket{id=38, vendorId=3}
Nov 20, 2024 9:21:14 PM com.shavi.realtimeeventticketingsystemcli.Ticket <init>
INFO: Ticket created: Ticket{id=39, vendorId=2}
Nov 20, 2024 9:21:14 PM com.shavi.realtimeeventticketingsystemcli.Ticket <init>
INFO: Ticket created: Ticket{id=37, vendorId=1}
Nov 20, 2024 9:21:14 PM com.shavi.realtimeeventticketingsystemcli.TicketPool addTicket
INFO: Vendor 3 added ticket ID 38
Nov 20, 2024 9:21:14 PM com.shavi.realtimeeventticketingsystemcli.Vendor run
INFO: Vendor 3 added ticket: 38
Nov 20, 2024 9:21:14 PM com.shavi.realtimeeventticketingsystemcli.TicketPool retrieveTicket
INFO: Customer retrieved ticket ID 38
Nov 20, 2024 9:21:14 PM com.shavi.realtimeeventticketingsystemcli.Ticket <init>
INFO: Ticket created: Ticket{id=40, vendorId=3}
Nov 20, 2024 9:21:14 PM com.shavi.realtimeeventticketingsystemcli.Customer run
INFO: Customer 4 successfully purchased ticket ID 38
Nov 20, 2024 9:21:14 PM com.shavi.realtimeeventticketingsystemcli.TicketPool retrieveTicket
INFO: Customer is waiting for tickets...
Nov 20, 2024 9:21:14 PM com.shavi.realtimeeventticketingsystemcli.TicketPool retrieveTicket
INFO: Customer is waiting for tickets...
Nov 20, 2024 9:21:14 PM com.shavi.realtimeeventticketingsystemcli.TicketPool retrieveTicket
INFO: Customer is waiting for tickets...
Nov 20, 2024 9:21:14 PM com.shavi.realtimeeventticketingsystemcli.TicketPool addTicket
INFO: Vendor 1 added ticket ID 37
Nov 20, 2024 9:21:14 PM com.shavi.realtimeeventticketingsystemcli.Vendor run
INFO: Vendor 1 added ticket: 37
Nov 20, 2024 9:21:14 PM com.shavi.realtimeeventticketingsystemcli.TicketPool addTicket
INFO: Vendor 2 added ticket ID 39
Nov 20, 2024 9:21:14 PM com.shavi.realtimeeventticketingsystemcli.Ticket <init>
INFO: Ticket created: Ticket{id=41, vendorId=1}
Nov 20, 2024 9:21:14 PM com.shavi.realtimeeventticketingsystemcli.Vendor run
INFO: Vendor 2 added ticket: 39
Nov 20, 2024 9:21:14 PM com.shavi.realtimeeventticketingsystemcli.TicketPool retrieveTicket
INFO: Customer retrieved ticket ID 37
Nov 20, 2024 9:21:14 PM com.shavi.realtimeeventticketingsystemcli.Ticket <init>
INFO: Ticket created: Ticket{id=42, vendorId=2}
Nov 20, 2024 9:21:14 PM com.shavi.realtimeeventticketingsystemcli.Customer run
INFO: Customer 3 successfully purchased ticket ID 37
Nov 20, 2024 9:21:14 PM com.shavi.realtimeeventticketingsystemcli.TicketPool retrieveTicket
INFO: Customer retrieved ticket ID 39
Nov 20, 2024 9:21:14 PM com.shavi.realtimeeventticketingsystemcli.Customer run
INFO: Customer 2 successfully purchased ticket ID 39
Nov 20, 2024 9:21:14 PM com.shavi.realtimeeventticketingsystemcli.TicketPool retrieveTicket
INFO: Customer is waiting for tickets...
Nov 20, 2024 9:21:14 PM com.shavi.realtimeeventticketingsystemcli.TicketPool addTicket
INFO: Vendor 3 added ticket ID 40
Nov 20, 2024 9:21:14 PM com.shavi.realtimeeventticketingsystemcli.Vendor run
INFO: Vendor 3 added ticket: 40
Nov 20, 2024 9:21:14 PM com.shavi.realtimeeventticketingsystemcli.TicketPool retrieveTicket
INFO: Customer retrieved ticket ID 40
Nov 20, 2024 9:21:14 PM com.shavi.realtimeeventticketingsystemcli.Customer run
INFO: Customer 1 successfully purchased ticket ID 40
Nov 20, 2024 9:21:14 PM com.shavi.realtimeeventticketingsystemcli.TicketPool addTicket
INFO: Vendor 2 added ticket ID 42
Nov 20, 2024 9:21:14 PM com.shavi.realtimeeventticketingsystemcli.Vendor run
INFO: Vendor 2 added ticket: 42
Nov 20, 2024 9:21:14 PM com.shavi.realtimeeventticketingsystemcli.TicketPool addTicket
INFO: Vendor 1 added ticket ID 41
Nov 20, 2024 9:21:14 PM com.shavi.realtimeeventticketingsystemcli.Vendor run
INFO: Vendor 1 added ticket: 41
Nov 20, 2024 9:21:15 PM com.shavi.realtimeeventticketingsystemcli.TicketPool retrieveTicket
INFO: Customer retrieved ticket ID 42
Nov 20, 2024 9:21:15 PM com.shavi.realtimeeventticketingsystemcli.Customer run
INFO: Customer 5 successfully purchased ticket ID 42
Nov 20, 2024 9:21:15 PM com.shavi.realtimeeventticketingsystemcli.TicketPool retrieveTicket
INFO: Customer retrieved ticket ID 41
Nov 20, 2024 9:21:15 PM com.shavi.realtimeeventticketingsystemcli.Customer run
INFO: Customer 5 successfully purchased ticket ID 41
Nov 20, 2024 9:21:15 PM com.shavi.realtimeeventticketingsystemcli.Ticket <init>
INFO: Ticket created: Ticket{id=43, vendorId=1}
Nov 20, 2024 9:21:15 PM com.shavi.realtimeeventticketingsystemcli.Ticket <init>
INFO: Ticket created: Ticket{id=45, vendorId=3}
Nov 20, 2024 9:21:15 PM com.shavi.realtimeeventticketingsystemcli.Ticket <init>
INFO: Ticket created: Ticket{id=44, vendorId=2}
Nov 20, 2024 9:21:15 PM com.shavi.realtimeeventticketingsystemcli.TicketPool addTicket
INFO: Vendor 1 added ticket ID 43
Nov 20, 2024 9:21:15 PM com.shavi.realtimeeventticketingsystemcli.Vendor run
INFO: Vendor 1 added ticket: 43
Nov 20, 2024 9:21:15 PM com.shavi.realtimeeventticketingsystemcli.TicketPool addTicket
INFO: Vendor 2 added ticket ID 44
Nov 20, 2024 9:21:15 PM com.shavi.realtimeeventticketingsystemcli.Vendor run
INFO: Vendor 2 added ticket: 44
Nov 20, 2024 9:21:15 PM com.shavi.realtimeeventticketingsystemcli.Ticket <init>
INFO: Ticket created: Ticket{id=46, vendorId=1}
Nov 20, 2024 9:21:15 PM com.shavi.realtimeeventticketingsystemcli.TicketPool addTicket
INFO: Vendor 3 added ticket ID 45
Nov 20, 2024 9:21:15 PM com.shavi.realtimeeventticketingsystemcli.Ticket <init>
INFO: Ticket created: Ticket{id=47, vendorId=2}
Nov 20, 2024 9:21:15 PM com.shavi.realtimeeventticketingsystemcli.TicketPool addTicket
INFO: Vendor 1 added ticket ID 46
Nov 20, 2024 9:21:15 PM com.shavi.realtimeeventticketingsystemcli.Vendor run
INFO: Vendor 1 added ticket: 46
Nov 20, 2024 9:21:15 PM com.shavi.realtimeeventticketingsystemcli.Vendor run
INFO: Vendor 3 added ticket: 45
Nov 20, 2024 9:21:15 PM com.shavi.realtimeeventticketingsystemcli.Ticket <init>
INFO: Ticket created: Ticket{id=48, vendorId=3}
Nov 20, 2024 9:21:15 PM com.shavi.realtimeeventticketingsystemcli.TicketPool addTicket
INFO: Vendor 2 added ticket ID 47
Nov 20, 2024 9:21:15 PM com.shavi.realtimeeventticketingsystemcli.Vendor run
INFO: Vendor 2 added ticket: 47
Nov 20, 2024 9:21:15 PM com.shavi.realtimeeventticketingsystemcli.TicketPool addTicket
INFO: Vendor 3 added ticket ID 48
Nov 20, 2024 9:21:15 PM com.shavi.realtimeeventticketingsystemcli.Vendor run
INFO: Vendor 3 added ticket: 48
Nov 20, 2024 9:21:16 PM com.shavi.realtimeeventticketingsystemcli.TicketPool retrieveTicket
INFO: Customer retrieved ticket ID 43
Nov 20, 2024 9:21:16 PM com.shavi.realtimeeventticketingsystemcli.Customer run
INFO: Customer 4 successfully purchased ticket ID 43
Nov 20, 2024 9:21:16 PM com.shavi.realtimeeventticketingsystemcli.TicketPool retrieveTicket
INFO: Customer retrieved ticket ID 44
Nov 20, 2024 9:21:16 PM com.shavi.realtimeeventticketingsystemcli.Customer run
INFO: Customer 1 successfully purchased ticket ID 44
Nov 20, 2024 9:21:16 PM com.shavi.realtimeeventticketingsystemcli.TicketPool retrieveTicket
INFO: Customer retrieved ticket ID 45
Nov 20, 2024 9:21:16 PM com.shavi.realtimeeventticketingsystemcli.Customer run
INFO: Customer 3 successfully purchased ticket ID 45
Nov 20, 2024 9:21:16 PM com.shavi.realtimeeventticketingsystemcli.TicketPool retrieveTicket
INFO: Customer retrieved ticket ID 46
Nov 20, 2024 9:21:16 PM com.shavi.realtimeeventticketingsystemcli.Customer run
INFO: Customer 2 successfully purchased ticket ID 46
Nov 20, 2024 9:21:16 PM com.shavi.realtimeeventticketingsystemcli.TicketPool retrieveTicket
INFO: Customer retrieved ticket ID 47
Nov 20, 2024 9:21:16 PM com.shavi.realtimeeventticketingsystemcli.Customer run
INFO: Customer 3 successfully purchased ticket ID 47
Nov 20, 2024 9:21:16 PM com.shavi.realtimeeventticketingsystemcli.TicketPool retrieveTicket
INFO: Customer retrieved ticket ID 48
Nov 20, 2024 9:21:16 PM com.shavi.realtimeeventticketingsystemcli.Customer run
INFO: Customer 1 successfully purchased ticket ID 48
Nov 20, 2024 9:21:16 PM com.shavi.realtimeeventticketingsystemcli.TicketPool retrieveTicket
INFO: Customer is waiting for tickets...
Nov 20, 2024 9:21:16 PM com.shavi.realtimeeventticketingsystemcli.TicketPool retrieveTicket
INFO: Customer is waiting for tickets...
Nov 20, 2024 9:21:16 PM com.shavi.realtimeeventticketingsystemcli.Ticket <init>
INFO: Ticket created: Ticket{id=51, vendorId=1}
Nov 20, 2024 9:21:16 PM com.shavi.realtimeeventticketingsystemcli.Ticket <init>
INFO: Ticket created: Ticket{id=50, vendorId=3}
Nov 20, 2024 9:21:16 PM com.shavi.realtimeeventticketingsystemcli.Ticket <init>
INFO: Ticket created: Ticket{id=49, vendorId=2}
Nov 20, 2024 9:21:16 PM com.shavi.realtimeeventticketingsystemcli.TicketPool addTicket
INFO: Vendor 1 added ticket ID 51
Nov 20, 2024 9:21:16 PM com.shavi.realtimeeventticketingsystemcli.Vendor run
INFO: Vendor 1 added ticket: 51
Nov 20, 2024 9:21:16 PM com.shavi.realtimeeventticketingsystemcli.TicketPool retrieveTicket
INFO: Customer retrieved ticket ID 51
Nov 20, 2024 9:21:16 PM com.shavi.realtimeeventticketingsystemcli.Ticket <init>
INFO: Ticket created: Ticket{id=52, vendorId=1}
Nov 20, 2024 9:21:16 PM com.shavi.realtimeeventticketingsystemcli.Customer run
INFO: Customer 4 successfully purchased ticket ID 51
Nov 20, 2024 9:21:16 PM com.shavi.realtimeeventticketingsystemcli.TicketPool retrieveTicket
INFO: Customer is waiting for tickets...
Nov 20, 2024 9:21:16 PM com.shavi.realtimeeventticketingsystemcli.TicketPool addTicket
INFO: Vendor 2 added ticket ID 49
Nov 20, 2024 9:21:16 PM com.shavi.realtimeeventticketingsystemcli.Vendor run
INFO: Vendor 2 added ticket: 49
Nov 20, 2024 9:21:16 PM com.shavi.realtimeeventticketingsystemcli.TicketPool addTicket
INFO: Vendor 3 added ticket ID 50
Nov 20, 2024 9:21:16 PM com.shavi.realtimeeventticketingsystemcli.Vendor run
INFO: Vendor 3 added ticket: 50
Nov 20, 2024 9:21:16 PM com.shavi.realtimeeventticketingsystemcli.Ticket <init>
INFO: Ticket created: Ticket{id=54, vendorId=3}
Nov 20, 2024 9:21:16 PM com.shavi.realtimeeventticketingsystemcli.Ticket <init>
INFO: Ticket created: Ticket{id=53, vendorId=2}
Nov 20, 2024 9:21:16 PM com.shavi.realtimeeventticketingsystemcli.TicketPool retrieveTicket
INFO: Customer retrieved ticket ID 49
Nov 20, 2024 9:21:16 PM com.shavi.realtimeeventticketingsystemcli.Customer run
INFO: Customer 2 successfully purchased ticket ID 49
Nov 20, 2024 9:21:16 PM com.shavi.realtimeeventticketingsystemcli.TicketPool addTicket
INFO: Vendor 1 added ticket ID 52
Nov 20, 2024 9:21:16 PM com.shavi.realtimeeventticketingsystemcli.Vendor run
INFO: Vendor 1 added ticket: 52
Nov 20, 2024 9:21:16 PM com.shavi.realtimeeventticketingsystemcli.TicketPool addTicket
INFO: Vendor 2 added ticket ID 53
Nov 20, 2024 9:21:16 PM com.shavi.realtimeeventticketingsystemcli.Vendor run
INFO: Vendor 2 added ticket: 53
Nov 20, 2024 9:21:16 PM com.shavi.realtimeeventticketingsystemcli.TicketPool addTicket
INFO: Vendor 3 added ticket ID 54
Nov 20, 2024 9:21:16 PM com.shavi.realtimeeventticketingsystemcli.Vendor run
INFO: Vendor 3 added ticket: 54
Nov 20, 2024 9:21:17 PM com.shavi.realtimeeventticketingsystemcli.TicketPool getCurrentSize
INFO: Current ticket pool size: 4
Nov 20, 2024 9:21:17 PM com.shavi.realtimeeventticketingsystemcli.Main monitorTicketingOperations
INFO: Monitoring Ticket Pool: Current Size = 4
Nov 20, 2024 9:21:17 PM com.shavi.realtimeeventticketingsystemcli.TicketPool retrieveTicket
INFO: Customer retrieved ticket ID 50
Nov 20, 2024 9:21:17 PM com.shavi.realtimeeventticketingsystemcli.Customer run
INFO: Customer 5 successfully purchased ticket ID 50
Nov 20, 2024 9:21:17 PM com.shavi.realtimeeventticketingsystemcli.TicketPool retrieveTicket
INFO: Customer retrieved ticket ID 52
Nov 20, 2024 9:21:17 PM com.shavi.realtimeeventticketingsystemcli.Customer run
INFO: Customer 5 successfully purchased ticket ID 52
Nov 20, 2024 9:21:17 PM com.shavi.realtimeeventticketingsystemcli.Ticket <init>
INFO: Ticket created: Ticket{id=55, vendorId=3}
Nov 20, 2024 9:21:17 PM com.shavi.realtimeeventticketingsystemcli.TicketPool addTicket
INFO: Vendor 3 added ticket ID 55
Nov 20, 2024 9:21:17 PM com.shavi.realtimeeventticketingsystemcli.Vendor run
INFO: Vendor 3 added ticket: 55
Nov 20, 2024 9:21:17 PM com.shavi.realtimeeventticketingsystemcli.Ticket <init>
INFO: Ticket created: Ticket{id=58, vendorId=3}
Nov 20, 2024 9:21:17 PM com.shavi.realtimeeventticketingsystemcli.TicketPool addTicket
INFO: Vendor 3 added ticket ID 58
Nov 20, 2024 9:21:17 PM com.shavi.realtimeeventticketingsystemcli.Vendor run
INFO: Vendor 3 added ticket: 58
Nov 20, 2024 9:21:17 PM com.shavi.realtimeeventticketingsystemcli.Ticket <init>
INFO: Ticket created: Ticket{id=56, vendorId=2}
Nov 20, 2024 9:21:17 PM com.shavi.realtimeeventticketingsystemcli.Ticket <init>
INFO: Ticket created: Ticket{id=57, vendorId=1}
Nov 20, 2024 9:21:17 PM com.shavi.realtimeeventticketingsystemcli.TicketPool addTicket
INFO: Vendor 2 added ticket ID 56
Nov 20, 2024 9:21:17 PM com.shavi.realtimeeventticketingsystemcli.Vendor run
INFO: Vendor 2 added ticket: 56
Nov 20, 2024 9:21:17 PM com.shavi.realtimeeventticketingsystemcli.TicketPool addTicket
INFO: Vendor 1 added ticket ID 57
Nov 20, 2024 9:21:17 PM com.shavi.realtimeeventticketingsystemcli.Vendor run
INFO: Vendor 1 added ticket: 57
Nov 20, 2024 9:21:17 PM com.shavi.realtimeeventticketingsystemcli.Ticket <init>
INFO: Ticket created: Ticket{id=59, vendorId=2}
Nov 20, 2024 9:21:17 PM com.shavi.realtimeeventticketingsystemcli.Ticket <init>
INFO: Ticket created: Ticket{id=60, vendorId=1}
Nov 20, 2024 9:21:17 PM com.shavi.realtimeeventticketingsystemcli.TicketPool addTicket
INFO: Vendor 2 added ticket ID 59
Nov 20, 2024 9:21:17 PM com.shavi.realtimeeventticketingsystemcli.Vendor run
INFO: Vendor 2 added ticket: 59
Nov 20, 2024 9:21:17 PM com.shavi.realtimeeventticketingsystemcli.TicketPool addTicket
INFO: Vendor 1 added ticket ID 60
Nov 20, 2024 9:21:17 PM com.shavi.realtimeeventticketingsystemcli.Vendor run
INFO: Vendor 1 added ticket: 60
Nov 20, 2024 9:21:18 PM com.shavi.realtimeeventticketingsystemcli.TicketPool getCurrentSize
INFO: Current ticket pool size: 8
Nov 20, 2024 9:21:18 PM com.shavi.realtimeeventticketingsystemcli.Main monitorTicketingOperations
INFO: Monitoring Ticket Pool: Current Size = 8
Nov 20, 2024 9:21:18 PM com.shavi.realtimeeventticketingsystemcli.TicketPool retrieveTicket
INFO: Customer retrieved ticket ID 53
Nov 20, 2024 9:21:18 PM com.shavi.realtimeeventticketingsystemcli.Customer run
INFO: Customer 3 successfully purchased ticket ID 53
Nov 20, 2024 9:21:18 PM com.shavi.realtimeeventticketingsystemcli.TicketPool retrieveTicket
INFO: Customer retrieved ticket ID 54
Nov 20, 2024 9:21:18 PM com.shavi.realtimeeventticketingsystemcli.Customer run
INFO: Customer 1 successfully purchased ticket ID 54
Nov 20, 2024 9:21:18 PM com.shavi.realtimeeventticketingsystemcli.TicketPool retrieveTicket
INFO: Customer retrieved ticket ID 55
Nov 20, 2024 9:21:18 PM com.shavi.realtimeeventticketingsystemcli.Customer run
INFO: Customer 3 successfully purchased ticket ID 55
Nov 20, 2024 9:21:18 PM com.shavi.realtimeeventticketingsystemcli.TicketPool retrieveTicket
INFO: Customer retrieved ticket ID 58
Nov 20, 2024 9:21:18 PM com.shavi.realtimeeventticketingsystemcli.Customer run
INFO: Customer 1 successfully purchased ticket ID 58
Nov 20, 2024 9:21:18 PM com.shavi.realtimeeventticketingsystemcli.TicketPool retrieveTicket
INFO: Customer retrieved ticket ID 56
Nov 20, 2024 9:21:18 PM com.shavi.realtimeeventticketingsystemcli.Customer run
INFO: Customer 4 successfully purchased ticket ID 56
Nov 20, 2024 9:21:18 PM com.shavi.realtimeeventticketingsystemcli.TicketPool retrieveTicket
INFO: Customer retrieved ticket ID 57
Nov 20, 2024 9:21:18 PM com.shavi.realtimeeventticketingsystemcli.Customer run
INFO: Customer 2 successfully purchased ticket ID 57
Nov 20, 2024 9:21:18 PM com.shavi.realtimeeventticketingsystemcli.TicketPool retrieveTicket
INFO: Customer retrieved ticket ID 59
Nov 20, 2024 9:21:18 PM com.shavi.realtimeeventticketingsystemcli.Customer run
INFO: Customer 4 successfully purchased ticket ID 59
Nov 20, 2024 9:21:18 PM com.shavi.realtimeeventticketingsystemcli.TicketPool retrieveTicket
INFO: Customer retrieved ticket ID 60
Nov 20, 2024 9:21:18 PM com.shavi.realtimeeventticketingsystemcli.Customer run
INFO: Customer 2 successfully purchased ticket ID 60
Nov 20, 2024 9:21:19 PM com.shavi.realtimeeventticketingsystemcli.TicketPool retrieveTicket
INFO: Customer is waiting for tickets...
Nov 20, 2024 9:21:20 PM com.shavi.realtimeeventticketingsystemcli.TicketPool retrieveTicket
INFO: Customer is waiting for tickets...
Nov 20, 2024 9:21:20 PM com.shavi.realtimeeventticketingsystemcli.TicketPool retrieveTicket
INFO: Customer is waiting for tickets...
Nov 20, 2024 9:21:20 PM com.shavi.realtimeeventticketingsystemcli.TicketPool retrieveTicket
INFO: Customer is waiting for tickets...
Nov 20, 2024 9:21:20 PM com.shavi.realtimeeventticketingsystemcli.TicketPool retrieveTicket
INFO: Customer is waiting for tickets...
Nov 20, 2024 9:21:22 PM com.shavi.realtimeeventticketingsystemcli.TicketPool getCurrentSize
INFO: Current ticket pool size: 0
Nov 20, 2024 9:21:22 PM com.shavi.realtimeeventticketingsystemcli.Main monitorTicketingOperations
INFO: Monitoring Ticket Pool: Current Size = 0
Nov 20, 2024 9:21:22 PM com.shavi.realtimeeventticketingsystemcli.Main monitorTicketingOperations
WARNING: Warning: Ticket pool is empty!
Nov 20, 2024 9:21:23 PM com.shavi.realtimeeventticketingsystemcli.TicketPool getCurrentSize
INFO: Current ticket pool size: 0
Nov 20, 2024 9:21:23 PM com.shavi.realtimeeventticketingsystemcli.Main monitorTicketingOperations
INFO: Monitoring Ticket Pool: Current Size = 0
Nov 20, 2024 9:21:23 PM com.shavi.realtimeeventticketingsystemcli.Main monitorTicketingOperations
WARNING: Warning: Ticket pool is empty!
Nov 20, 2024 9:21:27 PM com.shavi.realtimeeventticketingsystemcli.TicketPool getCurrentSize
INFO: Current ticket pool size: 0
Nov 20, 2024 9:21:27 PM com.shavi.realtimeeventticketingsystemcli.Main monitorTicketingOperations
INFO: Monitoring Ticket Pool: Current Size = 0
Nov 20, 2024 9:21:27 PM com.shavi.realtimeeventticketingsystemcli.Main monitorTicketingOperations
WARNING: Warning: Ticket pool is empty!
Nov 20, 2024 9:21:28 PM com.shavi.realtimeeventticketingsystemcli.TicketPool getCurrentSize
INFO: Current ticket pool size: 0
Nov 20, 2024 9:21:28 PM com.shavi.realtimeeventticketingsystemcli.Main monitorTicketingOperations
INFO: Monitoring Ticket Pool: Current Size = 0
Nov 20, 2024 9:21:28 PM com.shavi.realtimeeventticketingsystemcli.Main monitorTicketingOperations
WARNING: Warning: Ticket pool is empty!
Nov 20, 2024 9:21:32 PM com.shavi.realtimeeventticketingsystemcli.TicketPool getCurrentSize
INFO: Current ticket pool size: 0
Nov 20, 2024 9:21:32 PM com.shavi.realtimeeventticketingsystemcli.Main monitorTicketingOperations
INFO: Monitoring Ticket Pool: Current Size = 0
Nov 20, 2024 9:21:32 PM com.shavi.realtimeeventticketingsystemcli.Main monitorTicketingOperations
WARNING: Warning: Ticket pool is empty!
Nov 20, 2024 9:21:33 PM com.shavi.realtimeeventticketingsystemcli.Main main
INFO: Exiting the Ticketing System CLI
Nov 20, 2024 9:21:33 PM com.shavi.realtimeeventticketingsystemcli.TicketPool retrieveTicket
SEVERE: Customer was interrupted while waiting for tickets.
Nov 20, 2024 9:21:33 PM com.shavi.realtimeeventticketingsystemcli.Customer run
INFO: Customer 2 found no tickets available.
Nov 20, 2024 9:21:33 PM com.shavi.realtimeeventticketingsystemcli.TicketPool retrieveTicket
SEVERE: Customer was interrupted while waiting for tickets.
Nov 20, 2024 9:21:33 PM com.shavi.realtimeeventticketingsystemcli.Customer run
INFO: Customer 2 has finished all attempts.
Nov 20, 2024 9:21:33 PM com.shavi.realtimeeventticketingsystemcli.Customer run
INFO: Customer 1 found no tickets available.
Nov 20, 2024 9:21:33 PM com.shavi.realtimeeventticketingsystemcli.TicketPool retrieveTicket
SEVERE: Customer was interrupted while waiting for tickets.
Nov 20, 2024 9:21:33 PM com.shavi.realtimeeventticketingsystemcli.Customer run
INFO: Customer 5 found no tickets available.
Nov 20, 2024 9:21:33 PM com.shavi.realtimeeventticketingsystemcli.Customer run
INFO: Customer 5 has finished all attempts.
Nov 20, 2024 9:21:33 PM com.shavi.realtimeeventticketingsystemcli.TicketPool retrieveTicket
SEVERE: Customer was interrupted while waiting for tickets.
Nov 20, 2024 9:21:33 PM com.shavi.realtimeeventticketingsystemcli.Customer run
INFO: Customer 4 found no tickets available.
Nov 20, 2024 9:21:33 PM com.shavi.realtimeeventticketingsystemcli.Customer run
INFO: Customer 1 has finished all attempts.
Nov 20, 2024 9:21:33 PM com.shavi.realtimeeventticketingsystemcli.TicketPool retrieveTicket
SEVERE: Customer was interrupted while waiting for tickets.
Nov 20, 2024 9:21:33 PM com.shavi.realtimeeventticketingsystemcli.Customer run
INFO: Customer 3 found no tickets available.
Nov 20, 2024 9:21:33 PM com.shavi.realtimeeventticketingsystemcli.Customer run
INFO: Customer 4 has finished all attempts.
Nov 20, 2024 9:21:33 PM com.shavi.realtimeeventticketingsystemcli.Customer run
INFO: Customer 3 has finished all attempts.
