Nov 03, 2024 5:46:02 PM com.shavi.realtimeeventticketingsystemcli.Main main
INFO: Starting Ticketing System CLI
Nov 03, 2024 5:46:02 PM com.shavi.realtimeeventticketingsystemcli.Main getValidInput
INFO: Enter total tickets (0 or positive):
Nov 03, 2024 5:46:19 PM com.shavi.realtimeeventticketingsystemcli.Main getValidInput
INFO: Enter ticket release rate (0 to 100):
Nov 03, 2024 5:46:24 PM com.shavi.realtimeeventticketingsystemcli.Main getValidInput
INFO: Enter customer retrieval rate (1 to 10):
Nov 03, 2024 5:46:27 PM com.shavi.realtimeeventticketingsystemcli.Main getValidInput
INFO: Enter maximum ticket capacity (0 or positive):
Nov 03, 2024 5:46:28 PM com.shavi.realtimeeventticketingsystemcli.Main sendConfigToBackend
INFO: Response Code: 200
Nov 03, 2024 5:46:28 PM com.shavi.realtimeeventticketingsystemcli.Main sendConfigToBackend
INFO: Configuration saved successfully.
Nov 03, 2024 6:07:56 PM com.shavi.realtimeeventticketingsystemcli.Main main
INFO: Starting Ticketing System CLI
Nov 03, 2024 6:07:56 PM com.shavi.realtimeeventticketingsystemcli.Main getValidInput
INFO: Enter total tickets (0 or positive):
Nov 03, 2024 6:08:08 PM com.shavi.realtimeeventticketingsystemcli.Main getValidInput
INFO: Enter ticket release rate (0 to 100):
Nov 03, 2024 6:08:13 PM com.shavi.realtimeeventticketingsystemcli.Main getValidInput
INFO: Enter customer retrieval rate (1 to 10):
Nov 03, 2024 6:08:15 PM com.shavi.realtimeeventticketingsystemcli.Main getValidInput
INFO: Enter maximum ticket capacity (0 or positive):
Nov 03, 2024 6:08:20 PM com.shavi.realtimeeventticketingsystemcli.Main sendConfigToBackend
INFO: Response Code: 200
Nov 03, 2024 6:08:20 PM com.shavi.realtimeeventticketingsystemcli.Main sendConfigToBackend
INFO: Configuration saved successfully.
