Nov 20, 2024 11:36:20 PM com.shavi.realtimeeventticketingsystemcli.Main main
INFO: Starting the Ticketing System CLI
Nov 20, 2024 11:36:29 PM com.shavi.realtimeeventticketingsystemcli.configurations.SystemConfiguration <init>
INFO: Creating System Configuration with values: SystemConfiguration{totalTickets=20, ticketReleaseRate=5, customerRetrievalRate=2, maxTicketCapacity=30}
Nov 20, 2024 11:36:29 PM com.shavi.realtimeeventticketingsystemcli.Main sendConfigToBackend
INFO: Response Code: 200
Nov 20, 2024 11:36:29 PM com.shavi.realtimeeventticketingsystemcli.Main sendConfigToBackend
INFO: Configuration saved successfully.
Nov 20, 2024 11:36:29 PM com.shavi.realtimeeventticketingsystemcli.TicketPool <init>
INFO: Ticket pool initialized with maxCapacity: 30
Nov 20, 2024 11:36:34 PM com.shavi.realtimeeventticketingsystemcli.TicketPool retrieveTicket
INFO: Customer is waiting for tickets...
Nov 20, 2024 11:36:34 PM com.shavi.realtimeeventticketingsystemcli.Ticket <init>
INFO: Ticket created: Ticket{id=3, vendorId=2}
Nov 20, 2024 11:36:34 PM com.shavi.realtimeeventticketingsystemcli.Ticket <init>
INFO: Ticket created: Ticket{id=2, vendorId=3}
Nov 20, 2024 11:36:34 PM com.shavi.realtimeeventticketingsystemcli.Ticket <init>
INFO: Ticket created: Ticket{id=1, vendorId=1}
Nov 20, 2024 11:36:34 PM com.shavi.realtimeeventticketingsystemcli.TicketPool getCurrentSize
INFO: Current ticket pool size: 0
Nov 20, 2024 11:36:34 PM com.shavi.realtimeeventticketingsystemcli.Main monitorTicketingOperations
INFO: Monitoring Ticket Pool: Current Size = 0
Nov 20, 2024 11:36:34 PM com.shavi.realtimeeventticketingsystemcli.TicketPool retrieveTicket
INFO: Customer is waiting for tickets...
Nov 20, 2024 11:36:34 PM com.shavi.realtimeeventticketingsystemcli.Main monitorTicketingOperations
WARNING: Warning: Ticket pool is empty!
Nov 20, 2024 11:36:34 PM com.shavi.realtimeeventticketingsystemcli.TicketPool retrieveTicket
INFO: Customer is waiting for tickets...
Nov 20, 2024 11:36:34 PM com.shavi.realtimeeventticketingsystemcli.TicketPool retrieveTicket
INFO: Customer is waiting for tickets...
Nov 20, 2024 11:36:34 PM com.shavi.realtimeeventticketingsystemcli.TicketPool retrieveTicket
INFO: Customer is waiting for tickets...
Nov 20, 2024 11:36:34 PM com.shavi.realtimeeventticketingsystemcli.TicketPool addTicket
INFO: Vendor 1 added ticket ID 1
Nov 20, 2024 11:36:34 PM com.shavi.realtimeeventticketingsystemcli.TicketPool addTicket
INFO: Vendor 3 added ticket ID 2
Nov 20, 2024 11:36:34 PM com.shavi.realtimeeventticketingsystemcli.Vendor run
INFO: Vendor 3 added ticket: 2
Nov 20, 2024 11:36:34 PM com.shavi.realtimeeventticketingsystemcli.Ticket <init>
INFO: Ticket created: Ticket{id=4, vendorId=3}
Nov 20, 2024 11:36:34 PM com.shavi.realtimeeventticketingsystemcli.Vendor run
INFO: Vendor 1 added ticket: 1
Nov 20, 2024 11:36:34 PM com.shavi.realtimeeventticketingsystemcli.Ticket <init>
INFO: Ticket created: Ticket{id=5, vendorId=1}
Nov 20, 2024 11:36:34 PM com.shavi.realtimeeventticketingsystemcli.TicketPool addTicket
INFO: Vendor 2 added ticket ID 3
Nov 20, 2024 11:36:34 PM com.shavi.realtimeeventticketingsystemcli.Vendor run
INFO: Vendor 2 added ticket: 3
Nov 20, 2024 11:36:34 PM com.shavi.realtimeeventticketingsystemcli.Ticket <init>
INFO: Ticket created: Ticket{id=6, vendorId=2}
Nov 20, 2024 11:36:34 PM com.shavi.realtimeeventticketingsystemcli.TicketPool addTicket
INFO: Vendor 1 added ticket ID 5
Nov 20, 2024 11:36:34 PM com.shavi.realtimeeventticketingsystemcli.Vendor run
INFO: Vendor 1 added ticket: 5
Nov 20, 2024 11:36:34 PM com.shavi.realtimeeventticketingsystemcli.Ticket <init>
INFO: Ticket created: Ticket{id=7, vendorId=1}
Nov 20, 2024 11:36:34 PM com.shavi.realtimeeventticketingsystemcli.TicketPool addTicket
INFO: Vendor 3 added ticket ID 4
Nov 20, 2024 11:36:34 PM com.shavi.realtimeeventticketingsystemcli.Vendor run
INFO: Vendor 3 added ticket: 4
Nov 20, 2024 11:36:34 PM com.shavi.realtimeeventticketingsystemcli.TicketPool retrieveTicket
INFO: Customer retrieved ticket ID 1
Nov 20, 2024 11:36:34 PM com.shavi.realtimeeventticketingsystemcli.Ticket <init>
INFO: Ticket created: Ticket{id=8, vendorId=3}
Nov 20, 2024 11:36:34 PM com.shavi.realtimeeventticketingsystemcli.TicketPool retrieveTicket
INFO: Customer retrieved ticket ID 2
Nov 20, 2024 11:36:34 PM com.shavi.realtimeeventticketingsystemcli.Customer run
INFO: Customer 2 successfully purchased ticket ID 1
Nov 20, 2024 11:36:34 PM com.shavi.realtimeeventticketingsystemcli.Customer run
INFO: Customer 3 successfully purchased ticket ID 2
Nov 20, 2024 11:36:34 PM com.shavi.realtimeeventticketingsystemcli.TicketPool retrieveTicket
INFO: Customer retrieved ticket ID 3
Nov 20, 2024 11:36:34 PM com.shavi.realtimeeventticketingsystemcli.Customer run
INFO: Customer 5 successfully purchased ticket ID 3
Nov 20, 2024 11:36:34 PM com.shavi.realtimeeventticketingsystemcli.TicketPool retrieveTicket
INFO: Customer retrieved ticket ID 5
Nov 20, 2024 11:36:34 PM com.shavi.realtimeeventticketingsystemcli.Customer run
INFO: Customer 4 successfully purchased ticket ID 5
Nov 20, 2024 11:36:34 PM com.shavi.realtimeeventticketingsystemcli.TicketPool retrieveTicket
INFO: Customer retrieved ticket ID 4
Nov 20, 2024 11:36:34 PM com.shavi.realtimeeventticketingsystemcli.Customer run
INFO: Customer 1 successfully purchased ticket ID 4
Nov 20, 2024 11:36:34 PM com.shavi.realtimeeventticketingsystemcli.TicketPool retrieveTicket
INFO: Customer is waiting for tickets...
Nov 20, 2024 11:36:34 PM com.shavi.realtimeeventticketingsystemcli.TicketPool retrieveTicket
INFO: Customer is waiting for tickets...
Nov 20, 2024 11:36:34 PM com.shavi.realtimeeventticketingsystemcli.TicketPool retrieveTicket
INFO: Customer is waiting for tickets...
Nov 20, 2024 11:36:34 PM com.shavi.realtimeeventticketingsystemcli.TicketPool retrieveTicket
INFO: Customer is waiting for tickets...
Nov 20, 2024 11:36:34 PM com.shavi.realtimeeventticketingsystemcli.TicketPool addTicket
INFO: Vendor 3 added ticket ID 8
Nov 20, 2024 11:36:34 PM com.shavi.realtimeeventticketingsystemcli.Vendor run
INFO: Vendor 3 added ticket: 8
Nov 20, 2024 11:36:34 PM com.shavi.realtimeeventticketingsystemcli.Ticket <init>
INFO: Ticket created: Ticket{id=9, vendorId=3}
Nov 20, 2024 11:36:34 PM com.shavi.realtimeeventticketingsystemcli.TicketPool addTicket
INFO: Vendor 1 added ticket ID 7
Nov 20, 2024 11:36:34 PM com.shavi.realtimeeventticketingsystemcli.Vendor run
INFO: Vendor 1 added ticket: 7
Nov 20, 2024 11:36:34 PM com.shavi.realtimeeventticketingsystemcli.Ticket <init>
INFO: Ticket created: Ticket{id=10, vendorId=1}
Nov 20, 2024 11:36:34 PM com.shavi.realtimeeventticketingsystemcli.TicketPool addTicket
INFO: Vendor 2 added ticket ID 6
Nov 20, 2024 11:36:34 PM com.shavi.realtimeeventticketingsystemcli.Vendor run
INFO: Vendor 2 added ticket: 6
Nov 20, 2024 11:36:34 PM com.shavi.realtimeeventticketingsystemcli.Ticket <init>
INFO: Ticket created: Ticket{id=11, vendorId=2}
Nov 20, 2024 11:36:34 PM com.shavi.realtimeeventticketingsystemcli.TicketPool addTicket
INFO: Vendor 1 added ticket ID 10
Nov 20, 2024 11:36:34 PM com.shavi.realtimeeventticketingsystemcli.Vendor run
INFO: Vendor 1 added ticket: 10
Nov 20, 2024 11:36:34 PM com.shavi.realtimeeventticketingsystemcli.TicketPool addTicket
INFO: Vendor 3 added ticket ID 9
Nov 20, 2024 11:36:34 PM com.shavi.realtimeeventticketingsystemcli.Vendor run
INFO: Vendor 3 added ticket: 9
Nov 20, 2024 11:36:34 PM com.shavi.realtimeeventticketingsystemcli.Ticket <init>
INFO: Ticket created: Ticket{id=13, vendorId=3}
Nov 20, 2024 11:36:34 PM com.shavi.realtimeeventticketingsystemcli.Ticket <init>
INFO: Ticket created: Ticket{id=12, vendorId=1}
Nov 20, 2024 11:36:34 PM com.shavi.realtimeeventticketingsystemcli.TicketPool retrieveTicket
INFO: Customer retrieved ticket ID 8
Nov 20, 2024 11:36:34 PM com.shavi.realtimeeventticketingsystemcli.Customer run
INFO: Customer 2 successfully purchased ticket ID 8
Nov 20, 2024 11:36:34 PM com.shavi.realtimeeventticketingsystemcli.TicketPool retrieveTicket
INFO: Customer retrieved ticket ID 7
Nov 20, 2024 11:36:34 PM com.shavi.realtimeeventticketingsystemcli.Customer run
INFO: Customer 3 successfully purchased ticket ID 7
Nov 20, 2024 11:36:34 PM com.shavi.realtimeeventticketingsystemcli.TicketPool retrieveTicket
INFO: Customer retrieved ticket ID 6
Nov 20, 2024 11:36:34 PM com.shavi.realtimeeventticketingsystemcli.Customer run
INFO: Customer 5 successfully purchased ticket ID 6
Nov 20, 2024 11:36:34 PM com.shavi.realtimeeventticketingsystemcli.TicketPool retrieveTicket
INFO: Customer retrieved ticket ID 10
Nov 20, 2024 11:36:34 PM com.shavi.realtimeeventticketingsystemcli.Customer run
INFO: Customer 4 successfully purchased ticket ID 10
Nov 20, 2024 11:36:34 PM com.shavi.realtimeeventticketingsystemcli.TicketPool retrieveTicket
INFO: Customer retrieved ticket ID 9
Nov 20, 2024 11:36:34 PM com.shavi.realtimeeventticketingsystemcli.Customer run
INFO: Customer 1 successfully purchased ticket ID 9
Nov 20, 2024 11:36:34 PM com.shavi.realtimeeventticketingsystemcli.TicketPool addTicket
INFO: Vendor 1 added ticket ID 12
Nov 20, 2024 11:36:34 PM com.shavi.realtimeeventticketingsystemcli.Vendor run
INFO: Vendor 1 added ticket: 12
Nov 20, 2024 11:36:34 PM com.shavi.realtimeeventticketingsystemcli.TicketPool addTicket
INFO: Vendor 3 added ticket ID 13
Nov 20, 2024 11:36:34 PM com.shavi.realtimeeventticketingsystemcli.Vendor run
INFO: Vendor 3 added ticket: 13
Nov 20, 2024 11:36:34 PM com.shavi.realtimeeventticketingsystemcli.TicketPool addTicket
INFO: Vendor 2 added ticket ID 11
Nov 20, 2024 11:36:34 PM com.shavi.realtimeeventticketingsystemcli.Vendor run
INFO: Vendor 2 added ticket: 11
Nov 20, 2024 11:36:34 PM com.shavi.realtimeeventticketingsystemcli.Ticket <init>
INFO: Ticket created: Ticket{id=14, vendorId=2}
Nov 20, 2024 11:36:34 PM com.shavi.realtimeeventticketingsystemcli.TicketPool addTicket
INFO: Vendor 2 added ticket ID 14
Nov 20, 2024 11:36:34 PM com.shavi.realtimeeventticketingsystemcli.Vendor run
INFO: Vendor 2 added ticket: 14
Nov 20, 2024 11:36:34 PM com.shavi.realtimeeventticketingsystemcli.Ticket <init>
INFO: Ticket created: Ticket{id=15, vendorId=2}
Nov 20, 2024 11:36:34 PM com.shavi.realtimeeventticketingsystemcli.TicketPool addTicket
INFO: Vendor 2 added ticket ID 15
Nov 20, 2024 11:36:34 PM com.shavi.realtimeeventticketingsystemcli.Vendor run
INFO: Vendor 2 added ticket: 15
Nov 20, 2024 11:36:35 PM com.shavi.realtimeeventticketingsystemcli.Ticket <init>
INFO: Ticket created: Ticket{id=17, vendorId=2}
Nov 20, 2024 11:36:35 PM com.shavi.realtimeeventticketingsystemcli.Ticket <init>
INFO: Ticket created: Ticket{id=16, vendorId=1}
Nov 20, 2024 11:36:35 PM com.shavi.realtimeeventticketingsystemcli.Ticket <init>
INFO: Ticket created: Ticket{id=18, vendorId=3}
Nov 20, 2024 11:36:35 PM com.shavi.realtimeeventticketingsystemcli.TicketPool addTicket
INFO: Vendor 2 added ticket ID 17
Nov 20, 2024 11:36:35 PM com.shavi.realtimeeventticketingsystemcli.Vendor run
INFO: Vendor 2 added ticket: 17
Nov 20, 2024 11:36:35 PM com.shavi.realtimeeventticketingsystemcli.Ticket <init>
INFO: Ticket created: Ticket{id=19, vendorId=2}
Nov 20, 2024 11:36:35 PM com.shavi.realtimeeventticketingsystemcli.TicketPool addTicket
INFO: Vendor 3 added ticket ID 18
Nov 20, 2024 11:36:35 PM com.shavi.realtimeeventticketingsystemcli.Vendor run
INFO: Vendor 3 added ticket: 18
Nov 20, 2024 11:36:35 PM com.shavi.realtimeeventticketingsystemcli.Ticket <init>
INFO: Ticket created: Ticket{id=20, vendorId=3}
Nov 20, 2024 11:36:35 PM com.shavi.realtimeeventticketingsystemcli.TicketPool addTicket
INFO: Vendor 1 added ticket ID 16
Nov 20, 2024 11:36:35 PM com.shavi.realtimeeventticketingsystemcli.Vendor run
INFO: Vendor 1 added ticket: 16
Nov 20, 2024 11:36:35 PM com.shavi.realtimeeventticketingsystemcli.Ticket <init>
INFO: Ticket created: Ticket{id=21, vendorId=1}
Nov 20, 2024 11:36:35 PM com.shavi.realtimeeventticketingsystemcli.TicketPool addTicket
INFO: Vendor 3 added ticket ID 20
Nov 20, 2024 11:36:35 PM com.shavi.realtimeeventticketingsystemcli.Vendor run
INFO: Vendor 3 added ticket: 20
Nov 20, 2024 11:36:35 PM com.shavi.realtimeeventticketingsystemcli.Ticket <init>
INFO: Ticket created: Ticket{id=22, vendorId=3}
Nov 20, 2024 11:36:35 PM com.shavi.realtimeeventticketingsystemcli.TicketPool addTicket
INFO: Vendor 2 added ticket ID 19
Nov 20, 2024 11:36:35 PM com.shavi.realtimeeventticketingsystemcli.Vendor run
INFO: Vendor 2 added ticket: 19
Nov 20, 2024 11:36:35 PM com.shavi.realtimeeventticketingsystemcli.Ticket <init>
INFO: Ticket created: Ticket{id=23, vendorId=2}
Nov 20, 2024 11:36:35 PM com.shavi.realtimeeventticketingsystemcli.TicketPool addTicket
INFO: Vendor 3 added ticket ID 22
Nov 20, 2024 11:36:35 PM com.shavi.realtimeeventticketingsystemcli.Vendor run
INFO: Vendor 3 added ticket: 22
Nov 20, 2024 11:36:35 PM com.shavi.realtimeeventticketingsystemcli.Ticket <init>
INFO: Ticket created: Ticket{id=24, vendorId=3}
Nov 20, 2024 11:36:35 PM com.shavi.realtimeeventticketingsystemcli.TicketPool addTicket
INFO: Vendor 1 added ticket ID 21
Nov 20, 2024 11:36:35 PM com.shavi.realtimeeventticketingsystemcli.Vendor run
INFO: Vendor 1 added ticket: 21
Nov 20, 2024 11:36:35 PM com.shavi.realtimeeventticketingsystemcli.Ticket <init>
INFO: Ticket created: Ticket{id=25, vendorId=1}
Nov 20, 2024 11:36:35 PM com.shavi.realtimeeventticketingsystemcli.TicketPool addTicket
INFO: Vendor 3 added ticket ID 24
Nov 20, 2024 11:36:35 PM com.shavi.realtimeeventticketingsystemcli.Vendor run
INFO: Vendor 3 added ticket: 24
Nov 20, 2024 11:36:35 PM com.shavi.realtimeeventticketingsystemcli.TicketPool addTicket
INFO: Vendor 2 added ticket ID 23
Nov 20, 2024 11:36:35 PM com.shavi.realtimeeventticketingsystemcli.Vendor run
INFO: Vendor 2 added ticket: 23
Nov 20, 2024 11:36:35 PM com.shavi.realtimeeventticketingsystemcli.Ticket <init>
INFO: Ticket created: Ticket{id=27, vendorId=2}
Nov 20, 2024 11:36:35 PM com.shavi.realtimeeventticketingsystemcli.Ticket <init>
INFO: Ticket created: Ticket{id=26, vendorId=3}
Nov 20, 2024 11:36:35 PM com.shavi.realtimeeventticketingsystemcli.TicketPool addTicket
INFO: Vendor 1 added ticket ID 25
Nov 20, 2024 11:36:35 PM com.shavi.realtimeeventticketingsystemcli.Vendor run
INFO: Vendor 1 added ticket: 25
Nov 20, 2024 11:36:35 PM com.shavi.realtimeeventticketingsystemcli.Ticket <init>
INFO: Ticket created: Ticket{id=28, vendorId=1}
Nov 20, 2024 11:36:35 PM com.shavi.realtimeeventticketingsystemcli.TicketPool addTicket
INFO: Vendor 3 added ticket ID 26
Nov 20, 2024 11:36:35 PM com.shavi.realtimeeventticketingsystemcli.Vendor run
INFO: Vendor 3 added ticket: 26
Nov 20, 2024 11:36:35 PM com.shavi.realtimeeventticketingsystemcli.TicketPool addTicket
INFO: Vendor 2 added ticket ID 27
Nov 20, 2024 11:36:35 PM com.shavi.realtimeeventticketingsystemcli.Vendor run
INFO: Vendor 2 added ticket: 27
Nov 20, 2024 11:36:35 PM com.shavi.realtimeeventticketingsystemcli.Ticket <init>
INFO: Ticket created: Ticket{id=29, vendorId=2}
Nov 20, 2024 11:36:35 PM com.shavi.realtimeeventticketingsystemcli.TicketPool addTicket
INFO: Vendor 1 added ticket ID 28
Nov 20, 2024 11:36:35 PM com.shavi.realtimeeventticketingsystemcli.Vendor run
INFO: Vendor 1 added ticket: 28
Nov 20, 2024 11:36:35 PM com.shavi.realtimeeventticketingsystemcli.Ticket <init>
INFO: Ticket created: Ticket{id=30, vendorId=1}
Nov 20, 2024 11:36:35 PM com.shavi.realtimeeventticketingsystemcli.TicketPool addTicket
INFO: Vendor 2 added ticket ID 29
Nov 20, 2024 11:36:35 PM com.shavi.realtimeeventticketingsystemcli.Vendor run
INFO: Vendor 2 added ticket: 29
Nov 20, 2024 11:36:35 PM com.shavi.realtimeeventticketingsystemcli.TicketPool addTicket
INFO: Vendor 1 added ticket ID 30
Nov 20, 2024 11:36:35 PM com.shavi.realtimeeventticketingsystemcli.Vendor run
INFO: Vendor 1 added ticket: 30
Nov 20, 2024 11:36:36 PM com.shavi.realtimeeventticketingsystemcli.TicketPool retrieveTicket
INFO: Customer retrieved ticket ID 12
Nov 20, 2024 11:36:36 PM com.shavi.realtimeeventticketingsystemcli.Customer run
INFO: Customer 4 successfully purchased ticket ID 12
Nov 20, 2024 11:36:36 PM com.shavi.realtimeeventticketingsystemcli.TicketPool retrieveTicket
INFO: Customer retrieved ticket ID 13
Nov 20, 2024 11:36:36 PM com.shavi.realtimeeventticketingsystemcli.Customer run
INFO: Customer 3 successfully purchased ticket ID 13
Nov 20, 2024 11:36:36 PM com.shavi.realtimeeventticketingsystemcli.TicketPool retrieveTicket
INFO: Customer retrieved ticket ID 11
Nov 20, 2024 11:36:36 PM com.shavi.realtimeeventticketingsystemcli.Customer run
INFO: Customer 2 successfully purchased ticket ID 11
Nov 20, 2024 11:36:36 PM com.shavi.realtimeeventticketingsystemcli.TicketPool retrieveTicket
INFO: Customer retrieved ticket ID 14
Nov 20, 2024 11:36:36 PM com.shavi.realtimeeventticketingsystemcli.Customer run
INFO: Customer 1 successfully purchased ticket ID 14
Nov 20, 2024 11:36:36 PM com.shavi.realtimeeventticketingsystemcli.TicketPool retrieveTicket
INFO: Customer retrieved ticket ID 15
Nov 20, 2024 11:36:36 PM com.shavi.realtimeeventticketingsystemcli.Customer run
INFO: Customer 5 successfully purchased ticket ID 15
Nov 20, 2024 11:36:36 PM com.shavi.realtimeeventticketingsystemcli.TicketPool retrieveTicket
INFO: Customer retrieved ticket ID 17
Nov 20, 2024 11:36:36 PM com.shavi.realtimeeventticketingsystemcli.Customer run
INFO: Customer 1 successfully purchased ticket ID 17
Nov 20, 2024 11:36:36 PM com.shavi.realtimeeventticketingsystemcli.TicketPool retrieveTicket
INFO: Customer retrieved ticket ID 18
Nov 20, 2024 11:36:36 PM com.shavi.realtimeeventticketingsystemcli.Customer run
INFO: Customer 2 successfully purchased ticket ID 18
Nov 20, 2024 11:36:36 PM com.shavi.realtimeeventticketingsystemcli.TicketPool retrieveTicket
INFO: Customer retrieved ticket ID 16
Nov 20, 2024 11:36:36 PM com.shavi.realtimeeventticketingsystemcli.Customer run
INFO: Customer 3 successfully purchased ticket ID 16
Nov 20, 2024 11:36:36 PM com.shavi.realtimeeventticketingsystemcli.TicketPool retrieveTicket
INFO: Customer retrieved ticket ID 20
Nov 20, 2024 11:36:36 PM com.shavi.realtimeeventticketingsystemcli.Customer run
INFO: Customer 4 successfully purchased ticket ID 20
Nov 20, 2024 11:36:36 PM com.shavi.realtimeeventticketingsystemcli.TicketPool retrieveTicket
INFO: Customer retrieved ticket ID 19
Nov 20, 2024 11:36:36 PM com.shavi.realtimeeventticketingsystemcli.Customer run
INFO: Customer 5 successfully purchased ticket ID 19
Nov 20, 2024 11:36:36 PM com.shavi.realtimeeventticketingsystemcli.Ticket <init>
INFO: Ticket created: Ticket{id=33, vendorId=3}
Nov 20, 2024 11:36:36 PM com.shavi.realtimeeventticketingsystemcli.TicketPool addTicket
INFO: Vendor 3 added ticket ID 33
Nov 20, 2024 11:36:36 PM com.shavi.realtimeeventticketingsystemcli.Vendor run
INFO: Vendor 3 added ticket: 33
Nov 20, 2024 11:36:36 PM com.shavi.realtimeeventticketingsystemcli.Ticket <init>
INFO: Ticket created: Ticket{id=32, vendorId=2}
Nov 20, 2024 11:36:36 PM com.shavi.realtimeeventticketingsystemcli.Ticket <init>
INFO: Ticket created: Ticket{id=31, vendorId=1}
Nov 20, 2024 11:36:36 PM com.shavi.realtimeeventticketingsystemcli.Ticket <init>
INFO: Ticket created: Ticket{id=34, vendorId=3}
Nov 20, 2024 11:36:36 PM com.shavi.realtimeeventticketingsystemcli.TicketPool addTicket
INFO: Vendor 2 added ticket ID 32
Nov 20, 2024 11:36:36 PM com.shavi.realtimeeventticketingsystemcli.Vendor run
INFO: Vendor 2 added ticket: 32
Nov 20, 2024 11:36:36 PM com.shavi.realtimeeventticketingsystemcli.Ticket <init>
INFO: Ticket created: Ticket{id=35, vendorId=2}
Nov 20, 2024 11:36:36 PM com.shavi.realtimeeventticketingsystemcli.TicketPool addTicket
INFO: Vendor 3 added ticket ID 34
Nov 20, 2024 11:36:36 PM com.shavi.realtimeeventticketingsystemcli.Vendor run
INFO: Vendor 3 added ticket: 34
Nov 20, 2024 11:36:36 PM com.shavi.realtimeeventticketingsystemcli.TicketPool addTicket
INFO: Vendor 1 added ticket ID 31
Nov 20, 2024 11:36:36 PM com.shavi.realtimeeventticketingsystemcli.Vendor run
INFO: Vendor 1 added ticket: 31
Nov 20, 2024 11:36:36 PM com.shavi.realtimeeventticketingsystemcli.Ticket <init>
INFO: Ticket created: Ticket{id=37, vendorId=1}
Nov 20, 2024 11:36:36 PM com.shavi.realtimeeventticketingsystemcli.Ticket <init>
INFO: Ticket created: Ticket{id=36, vendorId=3}
Nov 20, 2024 11:36:36 PM com.shavi.realtimeeventticketingsystemcli.TicketPool addTicket
INFO: Vendor 2 added ticket ID 35
Nov 20, 2024 11:36:36 PM com.shavi.realtimeeventticketingsystemcli.Vendor run
INFO: Vendor 2 added ticket: 35
Nov 20, 2024 11:36:36 PM com.shavi.realtimeeventticketingsystemcli.TicketPool addTicket
INFO: Vendor 3 added ticket ID 36
Nov 20, 2024 11:36:36 PM com.shavi.realtimeeventticketingsystemcli.Vendor run
INFO: Vendor 3 added ticket: 36
Nov 20, 2024 11:36:36 PM com.shavi.realtimeeventticketingsystemcli.Ticket <init>
INFO: Ticket created: Ticket{id=39, vendorId=3}
Nov 20, 2024 11:36:36 PM com.shavi.realtimeeventticketingsystemcli.Ticket <init>
INFO: Ticket created: Ticket{id=38, vendorId=2}
Nov 20, 2024 11:36:36 PM com.shavi.realtimeeventticketingsystemcli.TicketPool addTicket
INFO: Vendor 1 added ticket ID 37
Nov 20, 2024 11:36:36 PM com.shavi.realtimeeventticketingsystemcli.Vendor run
INFO: Vendor 1 added ticket: 37
Nov 20, 2024 11:36:36 PM com.shavi.realtimeeventticketingsystemcli.Ticket <init>
INFO: Ticket created: Ticket{id=40, vendorId=1}
Nov 20, 2024 11:36:36 PM com.shavi.realtimeeventticketingsystemcli.TicketPool addTicket
INFO: Vendor 2 added ticket ID 38
Nov 20, 2024 11:36:36 PM com.shavi.realtimeeventticketingsystemcli.Vendor run
INFO: Vendor 2 added ticket: 38
Nov 20, 2024 11:36:36 PM com.shavi.realtimeeventticketingsystemcli.Ticket <init>
INFO: Ticket created: Ticket{id=41, vendorId=2}
Nov 20, 2024 11:36:36 PM com.shavi.realtimeeventticketingsystemcli.TicketPool addTicket
INFO: Vendor 3 added ticket ID 39
Nov 20, 2024 11:36:36 PM com.shavi.realtimeeventticketingsystemcli.Vendor run
INFO: Vendor 3 added ticket: 39
Nov 20, 2024 11:36:36 PM com.shavi.realtimeeventticketingsystemcli.TicketPool addTicket
INFO: Vendor 2 added ticket ID 41
Nov 20, 2024 11:36:36 PM com.shavi.realtimeeventticketingsystemcli.Vendor run
INFO: Vendor 2 added ticket: 41
Nov 20, 2024 11:36:36 PM com.shavi.realtimeeventticketingsystemcli.Ticket <init>
INFO: Ticket created: Ticket{id=43, vendorId=2}
Nov 20, 2024 11:36:36 PM com.shavi.realtimeeventticketingsystemcli.Ticket <init>
INFO: Ticket created: Ticket{id=42, vendorId=3}
Nov 20, 2024 11:36:36 PM com.shavi.realtimeeventticketingsystemcli.TicketPool addTicket
INFO: Vendor 1 added ticket ID 40
Nov 20, 2024 11:36:36 PM com.shavi.realtimeeventticketingsystemcli.Vendor run
INFO: Vendor 1 added ticket: 40
Nov 20, 2024 11:36:36 PM com.shavi.realtimeeventticketingsystemcli.TicketPool addTicket
INFO: Vendor 3 added ticket ID 42
Nov 20, 2024 11:36:36 PM com.shavi.realtimeeventticketingsystemcli.Vendor run
INFO: Vendor 3 added ticket: 42
Nov 20, 2024 11:36:36 PM com.shavi.realtimeeventticketingsystemcli.Ticket <init>
INFO: Ticket created: Ticket{id=44, vendorId=1}
Nov 20, 2024 11:36:36 PM com.shavi.realtimeeventticketingsystemcli.TicketPool addTicket
INFO: Vendor 2 added ticket ID 43
Nov 20, 2024 11:36:36 PM com.shavi.realtimeeventticketingsystemcli.Vendor run
INFO: Vendor 2 added ticket: 43
Nov 20, 2024 11:36:36 PM com.shavi.realtimeeventticketingsystemcli.TicketPool addTicket
INFO: Vendor 1 added ticket ID 44
Nov 20, 2024 11:36:36 PM com.shavi.realtimeeventticketingsystemcli.Vendor run
INFO: Vendor 1 added ticket: 44
Nov 20, 2024 11:36:36 PM com.shavi.realtimeeventticketingsystemcli.Ticket <init>
INFO: Ticket created: Ticket{id=45, vendorId=1}
Nov 20, 2024 11:36:36 PM com.shavi.realtimeeventticketingsystemcli.TicketPool addTicket
INFO: Vendor 1 added ticket ID 45
Nov 20, 2024 11:36:36 PM com.shavi.realtimeeventticketingsystemcli.Vendor run
INFO: Vendor 1 added ticket: 45
Nov 20, 2024 11:36:37 PM com.shavi.realtimeeventticketingsystemcli.Vendor run
WARNING: Vendor 3 was unable to release tickets due to high demand. Please wait for the next ticket release cycle.
Nov 20, 2024 11:36:37 PM com.shavi.realtimeeventticketingsystemcli.Customer run
WARNING: Customer 1 was interrupted.
Nov 20, 2024 11:36:37 PM com.shavi.realtimeeventticketingsystemcli.Customer run
WARNING: Customer 4 was interrupted.
Nov 20, 2024 11:36:37 PM com.shavi.realtimeeventticketingsystemcli.Customer run
WARNING: Customer 3 was interrupted.
Nov 20, 2024 11:36:37 PM com.shavi.realtimeeventticketingsystemcli.Vendor run
WARNING: Vendor 2 was unable to release tickets due to high demand. Please wait for the next ticket release cycle.
Nov 20, 2024 11:36:37 PM com.shavi.realtimeeventticketingsystemcli.Customer run
WARNING: Customer 2 was interrupted.
Nov 20, 2024 11:36:37 PM com.shavi.realtimeeventticketingsystemcli.Vendor run
WARNING: Vendor 1 was unable to release tickets due to high demand. Please wait for the next ticket release cycle.
Nov 20, 2024 11:36:37 PM com.shavi.realtimeeventticketingsystemcli.Customer run
WARNING: Customer 5 was interrupted.
Nov 20, 2024 11:36:37 PM com.shavi.realtimeeventticketingsystemcli.Customer run
INFO: Customer 1 has finished all attempts.
Nov 20, 2024 11:36:37 PM com.shavi.realtimeeventticketingsystemcli.Customer run
INFO: Customer 4 has finished all attempts.
Nov 20, 2024 11:36:37 PM com.shavi.realtimeeventticketingsystemcli.Customer run
INFO: Customer 3 has finished all attempts.
Nov 20, 2024 11:36:37 PM com.shavi.realtimeeventticketingsystemcli.Customer run
INFO: Customer 2 has finished all attempts.
Nov 20, 2024 11:36:37 PM com.shavi.realtimeeventticketingsystemcli.Customer run
INFO: Customer 5 has finished all attempts.
Nov 20, 2024 11:36:39 PM com.shavi.realtimeeventticketingsystemcli.TicketPool getCurrentSize
INFO: Current ticket pool size: 25
Nov 20, 2024 11:36:39 PM com.shavi.realtimeeventticketingsystemcli.Main monitorTicketingOperations
INFO: Monitoring Ticket Pool: Current Size = 25
Nov 20, 2024 11:36:44 PM com.shavi.realtimeeventticketingsystemcli.TicketPool getCurrentSize
INFO: Current ticket pool size: 25
Nov 20, 2024 11:36:44 PM com.shavi.realtimeeventticketingsystemcli.Main monitorTicketingOperations
INFO: Monitoring Ticket Pool: Current Size = 25
Nov 20, 2024 11:36:49 PM com.shavi.realtimeeventticketingsystemcli.TicketPool getCurrentSize
INFO: Current ticket pool size: 25
Nov 20, 2024 11:36:49 PM com.shavi.realtimeeventticketingsystemcli.Main monitorTicketingOperations
INFO: Monitoring Ticket Pool: Current Size = 25
Nov 20, 2024 11:36:54 PM com.shavi.realtimeeventticketingsystemcli.TicketPool getCurrentSize
INFO: Current ticket pool size: 25
Nov 20, 2024 11:36:54 PM com.shavi.realtimeeventticketingsystemcli.Main monitorTicketingOperations
INFO: Monitoring Ticket Pool: Current Size = 25
Nov 20, 2024 11:36:59 PM com.shavi.realtimeeventticketingsystemcli.TicketPool getCurrentSize
INFO: Current ticket pool size: 25
Nov 20, 2024 11:36:59 PM com.shavi.realtimeeventticketingsystemcli.Main monitorTicketingOperations
INFO: Monitoring Ticket Pool: Current Size = 25
Nov 20, 2024 11:37:04 PM com.shavi.realtimeeventticketingsystemcli.TicketPool getCurrentSize
INFO: Current ticket pool size: 25
Nov 20, 2024 11:37:04 PM com.shavi.realtimeeventticketingsystemcli.Main monitorTicketingOperations
INFO: Monitoring Ticket Pool: Current Size = 25
Nov 20, 2024 11:37:09 PM com.shavi.realtimeeventticketingsystemcli.TicketPool getCurrentSize
INFO: Current ticket pool size: 25
Nov 20, 2024 11:37:09 PM com.shavi.realtimeeventticketingsystemcli.Main monitorTicketingOperations
INFO: Monitoring Ticket Pool: Current Size = 25
Nov 20, 2024 11:37:14 PM com.shavi.realtimeeventticketingsystemcli.TicketPool getCurrentSize
INFO: Current ticket pool size: 25
Nov 20, 2024 11:37:14 PM com.shavi.realtimeeventticketingsystemcli.Main monitorTicketingOperations
INFO: Monitoring Ticket Pool: Current Size = 25
Nov 20, 2024 11:37:17 PM com.shavi.realtimeeventticketingsystemcli.Ticket <init>
INFO: Ticket created: Ticket{id=47, vendorId=2}
Nov 20, 2024 11:37:17 PM com.shavi.realtimeeventticketingsystemcli.Ticket <init>
INFO: Ticket created: Ticket{id=46, vendorId=1}
Nov 20, 2024 11:37:17 PM com.shavi.realtimeeventticketingsystemcli.TicketPool retrieveTicket
INFO: Customer retrieved ticket ID 22
Nov 20, 2024 11:37:17 PM com.shavi.realtimeeventticketingsystemcli.Ticket <init>
INFO: Ticket created: Ticket{id=48, vendorId=3}
Nov 20, 2024 11:37:17 PM com.shavi.realtimeeventticketingsystemcli.Customer run
INFO: Customer 1 successfully purchased ticket ID 22
Nov 20, 2024 11:37:17 PM com.shavi.realtimeeventticketingsystemcli.TicketPool addTicket
INFO: Vendor 1 added ticket ID 46
Nov 20, 2024 11:37:17 PM com.shavi.realtimeeventticketingsystemcli.Vendor run
INFO: Vendor 1 added ticket: 46
Nov 20, 2024 11:37:17 PM com.shavi.realtimeeventticketingsystemcli.Ticket <init>
INFO: Ticket created: Ticket{id=49, vendorId=1}
Nov 20, 2024 11:37:17 PM com.shavi.realtimeeventticketingsystemcli.TicketPool retrieveTicket
INFO: Customer retrieved ticket ID 21
Nov 20, 2024 11:37:17 PM com.shavi.realtimeeventticketingsystemcli.Customer run
INFO: Customer 5 successfully purchased ticket ID 21
Nov 20, 2024 11:37:17 PM com.shavi.realtimeeventticketingsystemcli.TicketPool addTicket
INFO: Vendor 2 added ticket ID 47
Nov 20, 2024 11:37:17 PM com.shavi.realtimeeventticketingsystemcli.Vendor run
INFO: Vendor 2 added ticket: 47
Nov 20, 2024 11:37:17 PM com.shavi.realtimeeventticketingsystemcli.Ticket <init>
INFO: Ticket created: Ticket{id=50, vendorId=2}
Nov 20, 2024 11:37:17 PM com.shavi.realtimeeventticketingsystemcli.TicketPool getCurrentSize
INFO: Current ticket pool size: 25
Nov 20, 2024 11:37:17 PM com.shavi.realtimeeventticketingsystemcli.Main monitorTicketingOperations
INFO: Monitoring Ticket Pool: Current Size = 25
Nov 20, 2024 11:37:17 PM com.shavi.realtimeeventticketingsystemcli.TicketPool retrieveTicket
INFO: Customer retrieved ticket ID 24
Nov 20, 2024 11:37:17 PM com.shavi.realtimeeventticketingsystemcli.Customer run
INFO: Customer 4 successfully purchased ticket ID 24
Nov 20, 2024 11:37:17 PM com.shavi.realtimeeventticketingsystemcli.TicketPool retrieveTicket
INFO: Customer retrieved ticket ID 23
Nov 20, 2024 11:37:17 PM com.shavi.realtimeeventticketingsystemcli.Customer run
INFO: Customer 3 successfully purchased ticket ID 23
Nov 20, 2024 11:37:17 PM com.shavi.realtimeeventticketingsystemcli.TicketPool retrieveTicket
INFO: Customer retrieved ticket ID 25
Nov 20, 2024 11:37:17 PM com.shavi.realtimeeventticketingsystemcli.Customer run
INFO: Customer 2 successfully purchased ticket ID 25
Nov 20, 2024 11:37:17 PM com.shavi.realtimeeventticketingsystemcli.TicketPool retrieveTicket
INFO: Customer retrieved ticket ID 26
Nov 20, 2024 11:37:17 PM com.shavi.realtimeeventticketingsystemcli.Customer run
INFO: Customer 3 successfully purchased ticket ID 26
Nov 20, 2024 11:37:17 PM com.shavi.realtimeeventticketingsystemcli.TicketPool retrieveTicket
INFO: Customer retrieved ticket ID 27
Nov 20, 2024 11:37:17 PM com.shavi.realtimeeventticketingsystemcli.Customer run
INFO: Customer 4 successfully purchased ticket ID 27
Nov 20, 2024 11:37:17 PM com.shavi.realtimeeventticketingsystemcli.TicketPool addTicket
INFO: Vendor 2 added ticket ID 50
Nov 20, 2024 11:37:17 PM com.shavi.realtimeeventticketingsystemcli.Vendor run
INFO: Vendor 2 added ticket: 50
Nov 20, 2024 11:37:17 PM com.shavi.realtimeeventticketingsystemcli.TicketPool retrieveTicket
INFO: Customer retrieved ticket ID 28
Nov 20, 2024 11:37:17 PM com.shavi.realtimeeventticketingsystemcli.Ticket <init>
INFO: Ticket created: Ticket{id=51, vendorId=2}
Nov 20, 2024 11:37:17 PM com.shavi.realtimeeventticketingsystemcli.Customer run
INFO: Customer 5 successfully purchased ticket ID 28
Nov 20, 2024 11:37:17 PM com.shavi.realtimeeventticketingsystemcli.TicketPool addTicket
INFO: Vendor 1 added ticket ID 49
Nov 20, 2024 11:37:17 PM com.shavi.realtimeeventticketingsystemcli.Vendor run
INFO: Vendor 1 added ticket: 49
Nov 20, 2024 11:37:17 PM com.shavi.realtimeeventticketingsystemcli.TicketPool retrieveTicket
INFO: Customer retrieved ticket ID 29
Nov 20, 2024 11:37:17 PM com.shavi.realtimeeventticketingsystemcli.Ticket <init>
INFO: Ticket created: Ticket{id=52, vendorId=1}
Nov 20, 2024 11:37:17 PM com.shavi.realtimeeventticketingsystemcli.Customer run
INFO: Customer 1 successfully purchased ticket ID 29
Nov 20, 2024 11:37:17 PM com.shavi.realtimeeventticketingsystemcli.TicketPool addTicket
INFO: Vendor 3 added ticket ID 48
Nov 20, 2024 11:37:17 PM com.shavi.realtimeeventticketingsystemcli.Vendor run
INFO: Vendor 3 added ticket: 48
Nov 20, 2024 11:37:17 PM com.shavi.realtimeeventticketingsystemcli.Ticket <init>
INFO: Ticket created: Ticket{id=53, vendorId=3}
Nov 20, 2024 11:37:17 PM com.shavi.realtimeeventticketingsystemcli.TicketPool addTicket
INFO: Vendor 1 added ticket ID 52
Nov 20, 2024 11:37:17 PM com.shavi.realtimeeventticketingsystemcli.Vendor run
INFO: Vendor 1 added ticket: 52
Nov 20, 2024 11:37:17 PM com.shavi.realtimeeventticketingsystemcli.Ticket <init>
INFO: Ticket created: Ticket{id=54, vendorId=1}
Nov 20, 2024 11:37:17 PM com.shavi.realtimeeventticketingsystemcli.TicketPool addTicket
INFO: Vendor 2 added ticket ID 51
Nov 20, 2024 11:37:17 PM com.shavi.realtimeeventticketingsystemcli.Vendor run
INFO: Vendor 2 added ticket: 51
Nov 20, 2024 11:37:17 PM com.shavi.realtimeeventticketingsystemcli.Ticket <init>
INFO: Ticket created: Ticket{id=55, vendorId=2}
Nov 20, 2024 11:37:17 PM com.shavi.realtimeeventticketingsystemcli.TicketPool retrieveTicket
INFO: Customer retrieved ticket ID 30
Nov 20, 2024 11:37:17 PM com.shavi.realtimeeventticketingsystemcli.Customer run
INFO: Customer 2 successfully purchased ticket ID 30
Nov 20, 2024 11:37:17 PM com.shavi.realtimeeventticketingsystemcli.TicketPool addTicket
INFO: Vendor 2 added ticket ID 55
Nov 20, 2024 11:37:17 PM com.shavi.realtimeeventticketingsystemcli.Vendor run
INFO: Vendor 2 added ticket: 55
Nov 20, 2024 11:37:17 PM com.shavi.realtimeeventticketingsystemcli.TicketPool addTicket
INFO: Vendor 1 added ticket ID 54
Nov 20, 2024 11:37:17 PM com.shavi.realtimeeventticketingsystemcli.Vendor run
INFO: Vendor 1 added ticket: 54
Nov 20, 2024 11:37:17 PM com.shavi.realtimeeventticketingsystemcli.Ticket <init>
INFO: Ticket created: Ticket{id=57, vendorId=1}
Nov 20, 2024 11:37:17 PM com.shavi.realtimeeventticketingsystemcli.Ticket <init>
INFO: Ticket created: Ticket{id=56, vendorId=2}
Nov 20, 2024 11:37:17 PM com.shavi.realtimeeventticketingsystemcli.TicketPool addTicket
INFO: Vendor 3 added ticket ID 53
Nov 20, 2024 11:37:17 PM com.shavi.realtimeeventticketingsystemcli.Vendor run
INFO: Vendor 3 added ticket: 53
Nov 20, 2024 11:37:17 PM com.shavi.realtimeeventticketingsystemcli.Ticket <init>
INFO: Ticket created: Ticket{id=58, vendorId=3}
Nov 20, 2024 11:37:17 PM com.shavi.realtimeeventticketingsystemcli.TicketPool addTicket
INFO: Vendor 2 added ticket ID 56
Nov 20, 2024 11:37:17 PM com.shavi.realtimeeventticketingsystemcli.Vendor run
INFO: Vendor 2 added ticket: 56
Nov 20, 2024 11:37:17 PM com.shavi.realtimeeventticketingsystemcli.TicketPool addTicket
INFO: Vendor 1 added ticket ID 57
Nov 20, 2024 11:37:17 PM com.shavi.realtimeeventticketingsystemcli.Vendor run
INFO: Vendor 1 added ticket: 57
Nov 20, 2024 11:37:17 PM com.shavi.realtimeeventticketingsystemcli.TicketPool addTicket
INFO: Vendor 3 added ticket ID 58
Nov 20, 2024 11:37:17 PM com.shavi.realtimeeventticketingsystemcli.Vendor run
INFO: Vendor 3 added ticket: 58
Nov 20, 2024 11:37:17 PM com.shavi.realtimeeventticketingsystemcli.Ticket <init>
INFO: Ticket created: Ticket{id=59, vendorId=3}
Nov 20, 2024 11:37:17 PM com.shavi.realtimeeventticketingsystemcli.TicketPool addTicket
INFO: Vendor 3 added ticket ID 59
Nov 20, 2024 11:37:17 PM com.shavi.realtimeeventticketingsystemcli.Vendor run
INFO: Vendor 3 added ticket: 59
Nov 20, 2024 11:37:17 PM com.shavi.realtimeeventticketingsystemcli.Ticket <init>
INFO: Ticket created: Ticket{id=60, vendorId=3}
Nov 20, 2024 11:37:17 PM com.shavi.realtimeeventticketingsystemcli.TicketPool addTicket
INFO: Vendor 3 added ticket ID 60
Nov 20, 2024 11:37:17 PM com.shavi.realtimeeventticketingsystemcli.Vendor run
INFO: Vendor 3 added ticket: 60
Nov 20, 2024 11:37:18 PM com.shavi.realtimeeventticketingsystemcli.Ticket <init>
INFO: Ticket created: Ticket{id=61, vendorId=1}
Nov 20, 2024 11:37:18 PM com.shavi.realtimeeventticketingsystemcli.Ticket <init>
INFO: Ticket created: Ticket{id=62, vendorId=2}
Nov 20, 2024 11:37:18 PM com.shavi.realtimeeventticketingsystemcli.Ticket <init>
INFO: Ticket created: Ticket{id=63, vendorId=3}
Nov 20, 2024 11:37:18 PM com.shavi.realtimeeventticketingsystemcli.TicketPool addTicket
INFO: Vendor 1 is waiting to add tickets...
Nov 20, 2024 11:37:18 PM com.shavi.realtimeeventticketingsystemcli.TicketPool addTicket
INFO: Vendor 3 is waiting to add tickets...
Nov 20, 2024 11:37:18 PM com.shavi.realtimeeventticketingsystemcli.TicketPool addTicket
INFO: Vendor 2 is waiting to add tickets...
Nov 20, 2024 11:37:19 PM com.shavi.realtimeeventticketingsystemcli.TicketPool retrieveTicket
INFO: Customer retrieved ticket ID 33
Nov 20, 2024 11:37:19 PM com.shavi.realtimeeventticketingsystemcli.Customer run
INFO: Customer 4 successfully purchased ticket ID 33
Nov 20, 2024 11:37:19 PM com.shavi.realtimeeventticketingsystemcli.TicketPool addTicket
INFO: Vendor 1 added ticket ID 61
Nov 20, 2024 11:37:19 PM com.shavi.realtimeeventticketingsystemcli.Vendor run
INFO: Vendor 1 added ticket: 61
Nov 20, 2024 11:37:19 PM com.shavi.realtimeeventticketingsystemcli.TicketPool retrieveTicket
INFO: Customer retrieved ticket ID 32
Nov 20, 2024 11:37:19 PM com.shavi.realtimeeventticketingsystemcli.Ticket <init>
INFO: Ticket created: Ticket{id=64, vendorId=1}
Nov 20, 2024 11:37:19 PM com.shavi.realtimeeventticketingsystemcli.Customer run
INFO: Customer 4 successfully purchased ticket ID 32
Nov 20, 2024 11:37:19 PM com.shavi.realtimeeventticketingsystemcli.TicketPool addTicket
INFO: Vendor 2 added ticket ID 62
Nov 20, 2024 11:37:19 PM com.shavi.realtimeeventticketingsystemcli.Vendor run
INFO: Vendor 2 added ticket: 62
Nov 20, 2024 11:37:19 PM com.shavi.realtimeeventticketingsystemcli.TicketPool addTicket
INFO: Vendor 3 is waiting to add tickets...
Nov 20, 2024 11:37:19 PM com.shavi.realtimeeventticketingsystemcli.Ticket <init>
INFO: Ticket created: Ticket{id=65, vendorId=2}
Nov 20, 2024 11:37:19 PM com.shavi.realtimeeventticketingsystemcli.TicketPool retrieveTicket
INFO: Customer retrieved ticket ID 34
Nov 20, 2024 11:37:19 PM com.shavi.realtimeeventticketingsystemcli.Customer run
INFO: Customer 2 successfully purchased ticket ID 34
Nov 20, 2024 11:37:19 PM com.shavi.realtimeeventticketingsystemcli.TicketPool retrieveTicket
INFO: Customer retrieved ticket ID 31
Nov 20, 2024 11:37:19 PM com.shavi.realtimeeventticketingsystemcli.Customer run
INFO: Customer 1 successfully purchased ticket ID 31
Nov 20, 2024 11:37:19 PM com.shavi.realtimeeventticketingsystemcli.TicketPool retrieveTicket
INFO: Customer retrieved ticket ID 35
Nov 20, 2024 11:37:19 PM com.shavi.realtimeeventticketingsystemcli.Customer run
INFO: Customer 5 successfully purchased ticket ID 35
Nov 20, 2024 11:37:19 PM com.shavi.realtimeeventticketingsystemcli.TicketPool retrieveTicket
INFO: Customer retrieved ticket ID 36
Nov 20, 2024 11:37:19 PM com.shavi.realtimeeventticketingsystemcli.Customer run
INFO: Customer 3 successfully purchased ticket ID 36
Nov 20, 2024 11:37:19 PM com.shavi.realtimeeventticketingsystemcli.TicketPool retrieveTicket
INFO: Customer retrieved ticket ID 37
Nov 20, 2024 11:37:19 PM com.shavi.realtimeeventticketingsystemcli.Customer run
INFO: Customer 5 successfully purchased ticket ID 37
Nov 20, 2024 11:37:19 PM com.shavi.realtimeeventticketingsystemcli.TicketPool retrieveTicket
INFO: Customer retrieved ticket ID 38
Nov 20, 2024 11:37:19 PM com.shavi.realtimeeventticketingsystemcli.Customer run
INFO: Customer 1 successfully purchased ticket ID 38
Nov 20, 2024 11:37:19 PM com.shavi.realtimeeventticketingsystemcli.TicketPool retrieveTicket
INFO: Customer retrieved ticket ID 39
Nov 20, 2024 11:37:19 PM com.shavi.realtimeeventticketingsystemcli.Customer run
INFO: Customer 2 successfully purchased ticket ID 39
Nov 20, 2024 11:37:19 PM com.shavi.realtimeeventticketingsystemcli.TicketPool addTicket
INFO: Vendor 3 added ticket ID 63
Nov 20, 2024 11:37:19 PM com.shavi.realtimeeventticketingsystemcli.Vendor run
INFO: Vendor 3 added ticket: 63
Nov 20, 2024 11:37:19 PM com.shavi.realtimeeventticketingsystemcli.Ticket <init>
INFO: Ticket created: Ticket{id=66, vendorId=3}
Nov 20, 2024 11:37:19 PM com.shavi.realtimeeventticketingsystemcli.TicketPool addTicket
INFO: Vendor 2 added ticket ID 65
Nov 20, 2024 11:37:19 PM com.shavi.realtimeeventticketingsystemcli.Vendor run
INFO: Vendor 2 added ticket: 65
Nov 20, 2024 11:37:19 PM com.shavi.realtimeeventticketingsystemcli.TicketPool addTicket
INFO: Vendor 1 added ticket ID 64
Nov 20, 2024 11:37:19 PM com.shavi.realtimeeventticketingsystemcli.Vendor run
INFO: Vendor 1 added ticket: 64
Nov 20, 2024 11:37:19 PM com.shavi.realtimeeventticketingsystemcli.Ticket <init>
INFO: Ticket created: Ticket{id=68, vendorId=1}
Nov 20, 2024 11:37:19 PM com.shavi.realtimeeventticketingsystemcli.Ticket <init>
INFO: Ticket created: Ticket{id=67, vendorId=2}
Nov 20, 2024 11:37:19 PM com.shavi.realtimeeventticketingsystemcli.TicketPool addTicket
INFO: Vendor 3 added ticket ID 66
Nov 20, 2024 11:37:19 PM com.shavi.realtimeeventticketingsystemcli.Vendor run
INFO: Vendor 3 added ticket: 66
Nov 20, 2024 11:37:19 PM com.shavi.realtimeeventticketingsystemcli.TicketPool retrieveTicket
INFO: Customer retrieved ticket ID 41
Nov 20, 2024 11:37:19 PM com.shavi.realtimeeventticketingsystemcli.Customer run
INFO: Customer 3 successfully purchased ticket ID 41
Nov 20, 2024 11:37:19 PM com.shavi.realtimeeventticketingsystemcli.Ticket <init>
INFO: Ticket created: Ticket{id=69, vendorId=3}
Nov 20, 2024 11:37:19 PM com.shavi.realtimeeventticketingsystemcli.TicketPool addTicket
INFO: Vendor 2 added ticket ID 67
Nov 20, 2024 11:37:19 PM com.shavi.realtimeeventticketingsystemcli.Vendor run
INFO: Vendor 2 added ticket: 67
Nov 20, 2024 11:37:19 PM com.shavi.realtimeeventticketingsystemcli.Ticket <init>
INFO: Ticket created: Ticket{id=70, vendorId=2}
Nov 20, 2024 11:37:19 PM com.shavi.realtimeeventticketingsystemcli.TicketPool addTicket
INFO: Vendor 1 added ticket ID 68
Nov 20, 2024 11:37:19 PM com.shavi.realtimeeventticketingsystemcli.Vendor run
INFO: Vendor 1 added ticket: 68
Nov 20, 2024 11:37:19 PM com.shavi.realtimeeventticketingsystemcli.Ticket <init>
INFO: Ticket created: Ticket{id=71, vendorId=1}
Nov 20, 2024 11:37:19 PM com.shavi.realtimeeventticketingsystemcli.TicketPool addTicket
INFO: Vendor 2 added ticket ID 70
Nov 20, 2024 11:37:19 PM com.shavi.realtimeeventticketingsystemcli.Vendor run
INFO: Vendor 2 added ticket: 70
Nov 20, 2024 11:37:19 PM com.shavi.realtimeeventticketingsystemcli.TicketPool addTicket
INFO: Vendor 3 added ticket ID 69
Nov 20, 2024 11:37:19 PM com.shavi.realtimeeventticketingsystemcli.Vendor run
INFO: Vendor 3 added ticket: 69
Nov 20, 2024 11:37:19 PM com.shavi.realtimeeventticketingsystemcli.Ticket <init>
INFO: Ticket created: Ticket{id=73, vendorId=3}
Nov 20, 2024 11:37:19 PM com.shavi.realtimeeventticketingsystemcli.Ticket <init>
INFO: Ticket created: Ticket{id=72, vendorId=2}
Nov 20, 2024 11:37:19 PM com.shavi.realtimeeventticketingsystemcli.TicketPool addTicket
INFO: Vendor 1 is waiting to add tickets...
Nov 20, 2024 11:37:19 PM com.shavi.realtimeeventticketingsystemcli.TicketPool addTicket
INFO: Vendor 2 is waiting to add tickets...
Nov 20, 2024 11:37:19 PM com.shavi.realtimeeventticketingsystemcli.TicketPool addTicket
INFO: Vendor 3 is waiting to add tickets...
Nov 20, 2024 11:37:19 PM com.shavi.realtimeeventticketingsystemcli.TicketPool getCurrentSize
INFO: Current ticket pool size: 30
Nov 20, 2024 11:37:19 PM com.shavi.realtimeeventticketingsystemcli.Main monitorTicketingOperations
INFO: Monitoring Ticket Pool: Current Size = 30
Nov 20, 2024 11:37:21 PM com.shavi.realtimeeventticketingsystemcli.TicketPool retrieveTicket
INFO: Customer retrieved ticket ID 40
Nov 20, 2024 11:37:21 PM com.shavi.realtimeeventticketingsystemcli.TicketPool addTicket
INFO: Vendor 1 added ticket ID 71
Nov 20, 2024 11:37:21 PM com.shavi.realtimeeventticketingsystemcli.Customer run
INFO: Customer 1 successfully purchased ticket ID 40
Nov 20, 2024 11:37:21 PM com.shavi.realtimeeventticketingsystemcli.Vendor run
INFO: Vendor 1 added ticket: 71
Nov 20, 2024 11:37:21 PM com.shavi.realtimeeventticketingsystemcli.TicketPool addTicket
INFO: Vendor 3 is waiting to add tickets...
Nov 20, 2024 11:37:21 PM com.shavi.realtimeeventticketingsystemcli.Ticket <init>
INFO: Ticket created: Ticket{id=74, vendorId=1}
Nov 20, 2024 11:37:21 PM com.shavi.realtimeeventticketingsystemcli.TicketPool addTicket
INFO: Vendor 2 is waiting to add tickets...
Nov 20, 2024 11:37:21 PM com.shavi.realtimeeventticketingsystemcli.TicketPool retrieveTicket
INFO: Customer retrieved ticket ID 42
Nov 20, 2024 11:37:21 PM com.shavi.realtimeeventticketingsystemcli.Customer run
INFO: Customer 2 successfully purchased ticket ID 42
Nov 20, 2024 11:37:21 PM com.shavi.realtimeeventticketingsystemcli.TicketPool retrieveTicket
INFO: Customer retrieved ticket ID 43
Nov 20, 2024 11:37:21 PM com.shavi.realtimeeventticketingsystemcli.Customer run
INFO: Customer 3 successfully purchased ticket ID 43
Nov 20, 2024 11:37:21 PM com.shavi.realtimeeventticketingsystemcli.TicketPool retrieveTicket
INFO: Customer retrieved ticket ID 44
Nov 20, 2024 11:37:21 PM com.shavi.realtimeeventticketingsystemcli.Customer run
INFO: Customer 4 successfully purchased ticket ID 44
Nov 20, 2024 11:37:21 PM com.shavi.realtimeeventticketingsystemcli.TicketPool retrieveTicket
INFO: Customer retrieved ticket ID 45
Nov 20, 2024 11:37:21 PM com.shavi.realtimeeventticketingsystemcli.Customer run
INFO: Customer 5 successfully purchased ticket ID 45
Nov 20, 2024 11:37:21 PM com.shavi.realtimeeventticketingsystemcli.TicketPool retrieveTicket
INFO: Customer retrieved ticket ID 46
Nov 20, 2024 11:37:21 PM com.shavi.realtimeeventticketingsystemcli.Customer run
INFO: Customer 4 successfully purchased ticket ID 46
Nov 20, 2024 11:37:21 PM com.shavi.realtimeeventticketingsystemcli.TicketPool retrieveTicket
INFO: Customer retrieved ticket ID 47
Nov 20, 2024 11:37:21 PM com.shavi.realtimeeventticketingsystemcli.Customer run
INFO: Customer 3 successfully purchased ticket ID 47
Nov 20, 2024 11:37:21 PM com.shavi.realtimeeventticketingsystemcli.TicketPool retrieveTicket
INFO: Customer retrieved ticket ID 50
Nov 20, 2024 11:37:21 PM com.shavi.realtimeeventticketingsystemcli.Customer run
INFO: Customer 2 successfully purchased ticket ID 50
Nov 20, 2024 11:37:21 PM com.shavi.realtimeeventticketingsystemcli.TicketPool addTicket
INFO: Vendor 2 added ticket ID 72
Nov 20, 2024 11:37:21 PM com.shavi.realtimeeventticketingsystemcli.Vendor run
INFO: Vendor 2 added ticket: 72
Nov 20, 2024 11:37:21 PM com.shavi.realtimeeventticketingsystemcli.TicketPool addTicket
INFO: Vendor 3 added ticket ID 73
Nov 20, 2024 11:37:21 PM com.shavi.realtimeeventticketingsystemcli.Vendor run
INFO: Vendor 3 added ticket: 73
Nov 20, 2024 11:37:21 PM com.shavi.realtimeeventticketingsystemcli.Ticket <init>
INFO: Ticket created: Ticket{id=75, vendorId=3}
Nov 20, 2024 11:37:21 PM com.shavi.realtimeeventticketingsystemcli.TicketPool addTicket
INFO: Vendor 1 added ticket ID 74
Nov 20, 2024 11:37:21 PM com.shavi.realtimeeventticketingsystemcli.Vendor run
INFO: Vendor 1 added ticket: 74
Nov 20, 2024 11:37:21 PM com.shavi.realtimeeventticketingsystemcli.TicketPool retrieveTicket
INFO: Customer retrieved ticket ID 49
Nov 20, 2024 11:37:21 PM com.shavi.realtimeeventticketingsystemcli.Customer run
INFO: Customer 1 successfully purchased ticket ID 49
Nov 20, 2024 11:37:21 PM com.shavi.realtimeeventticketingsystemcli.TicketPool addTicket
INFO: Vendor 3 added ticket ID 75
Nov 20, 2024 11:37:21 PM com.shavi.realtimeeventticketingsystemcli.Vendor run
INFO: Vendor 3 added ticket: 75
Nov 20, 2024 11:37:21 PM com.shavi.realtimeeventticketingsystemcli.TicketPool retrieveTicket
INFO: Customer retrieved ticket ID 48
Nov 20, 2024 11:37:21 PM com.shavi.realtimeeventticketingsystemcli.Customer run
INFO: Customer 5 successfully purchased ticket ID 48
Nov 20, 2024 11:37:22 PM com.shavi.realtimeeventticketingsystemcli.TicketPool getCurrentSize
INFO: Current ticket pool size: 25
Nov 20, 2024 11:37:22 PM com.shavi.realtimeeventticketingsystemcli.Main monitorTicketingOperations
INFO: Monitoring Ticket Pool: Current Size = 25
Nov 20, 2024 11:37:22 PM com.shavi.realtimeeventticketingsystemcli.Ticket <init>
INFO: Ticket created: Ticket{id=76, vendorId=2}
Nov 20, 2024 11:37:22 PM com.shavi.realtimeeventticketingsystemcli.TicketPool addTicket
INFO: Vendor 2 added ticket ID 76
Nov 20, 2024 11:37:22 PM com.shavi.realtimeeventticketingsystemcli.Vendor run
INFO: Vendor 2 added ticket: 76
Nov 20, 2024 11:37:22 PM com.shavi.realtimeeventticketingsystemcli.Ticket <init>
INFO: Ticket created: Ticket{id=79, vendorId=2}
Nov 20, 2024 11:37:22 PM com.shavi.realtimeeventticketingsystemcli.TicketPool addTicket
INFO: Vendor 2 added ticket ID 79
Nov 20, 2024 11:37:22 PM com.shavi.realtimeeventticketingsystemcli.Vendor run
INFO: Vendor 2 added ticket: 79
Nov 20, 2024 11:37:22 PM com.shavi.realtimeeventticketingsystemcli.Ticket <init>
INFO: Ticket created: Ticket{id=78, vendorId=3}
Nov 20, 2024 11:37:22 PM com.shavi.realtimeeventticketingsystemcli.TicketPool addTicket
INFO: Vendor 3 added ticket ID 78
Nov 20, 2024 11:37:22 PM com.shavi.realtimeeventticketingsystemcli.Vendor run
INFO: Vendor 3 added ticket: 78
Nov 20, 2024 11:37:22 PM com.shavi.realtimeeventticketingsystemcli.Ticket <init>
INFO: Ticket created: Ticket{id=81, vendorId=3}
Nov 20, 2024 11:37:22 PM com.shavi.realtimeeventticketingsystemcli.Ticket <init>
INFO: Ticket created: Ticket{id=77, vendorId=1}
Nov 20, 2024 11:37:22 PM com.shavi.realtimeeventticketingsystemcli.Ticket <init>
INFO: Ticket created: Ticket{id=80, vendorId=2}
Nov 20, 2024 11:37:22 PM com.shavi.realtimeeventticketingsystemcli.TicketPool addTicket
INFO: Vendor 3 added ticket ID 81
Nov 20, 2024 11:37:22 PM com.shavi.realtimeeventticketingsystemcli.Vendor run
INFO: Vendor 3 added ticket: 81
Nov 20, 2024 11:37:22 PM com.shavi.realtimeeventticketingsystemcli.TicketPool addTicket
INFO: Vendor 2 added ticket ID 80
Nov 20, 2024 11:37:22 PM com.shavi.realtimeeventticketingsystemcli.Vendor run
INFO: Vendor 2 added ticket: 80
Nov 20, 2024 11:37:22 PM com.shavi.realtimeeventticketingsystemcli.TicketPool addTicket
INFO: Vendor 1 is waiting to add tickets...
Nov 20, 2024 11:37:22 PM com.shavi.realtimeeventticketingsystemcli.Ticket <init>
INFO: Ticket created: Ticket{id=82, vendorId=3}
Nov 20, 2024 11:37:22 PM com.shavi.realtimeeventticketingsystemcli.TicketPool addTicket
INFO: Vendor 3 is waiting to add tickets...
Nov 20, 2024 11:37:22 PM com.shavi.realtimeeventticketingsystemcli.Ticket <init>
INFO: Ticket created: Ticket{id=83, vendorId=2}
Nov 20, 2024 11:37:22 PM com.shavi.realtimeeventticketingsystemcli.TicketPool addTicket
INFO: Vendor 2 is waiting to add tickets...
Nov 20, 2024 11:37:23 PM com.shavi.realtimeeventticketingsystemcli.TicketPool retrieveTicket
INFO: Customer retrieved ticket ID 52
Nov 20, 2024 11:37:23 PM com.shavi.realtimeeventticketingsystemcli.Customer run
INFO: Customer 4 successfully purchased ticket ID 52
Nov 20, 2024 11:37:23 PM com.shavi.realtimeeventticketingsystemcli.TicketPool addTicket
INFO: Vendor 1 added ticket ID 77
Nov 20, 2024 11:37:23 PM com.shavi.realtimeeventticketingsystemcli.Vendor run
INFO: Vendor 1 added ticket: 77
Nov 20, 2024 11:37:23 PM com.shavi.realtimeeventticketingsystemcli.Ticket <init>
INFO: Ticket created: Ticket{id=84, vendorId=1}
Nov 20, 2024 11:37:23 PM com.shavi.realtimeeventticketingsystemcli.TicketPool retrieveTicket
INFO: Customer retrieved ticket ID 51
Nov 20, 2024 11:37:23 PM com.shavi.realtimeeventticketingsystemcli.Customer run
INFO: Customer 4 successfully purchased ticket ID 51
Nov 20, 2024 11:37:23 PM com.shavi.realtimeeventticketingsystemcli.TicketPool addTicket
INFO: Vendor 2 added ticket ID 83
Nov 20, 2024 11:37:23 PM com.shavi.realtimeeventticketingsystemcli.Vendor run
INFO: Vendor 2 added ticket: 83
Nov 20, 2024 11:37:23 PM com.shavi.realtimeeventticketingsystemcli.TicketPool addTicket
INFO: Vendor 3 is waiting to add tickets...
Nov 20, 2024 11:37:23 PM com.shavi.realtimeeventticketingsystemcli.Ticket <init>
INFO: Ticket created: Ticket{id=85, vendorId=2}
Nov 20, 2024 11:37:23 PM com.shavi.realtimeeventticketingsystemcli.TicketPool retrieveTicket
INFO: Customer retrieved ticket ID 55
Nov 20, 2024 11:37:23 PM com.shavi.realtimeeventticketingsystemcli.Customer run
INFO: Customer 2 successfully purchased ticket ID 55
Nov 20, 2024 11:37:23 PM com.shavi.realtimeeventticketingsystemcli.TicketPool retrieveTicket
INFO: Customer retrieved ticket ID 54
Nov 20, 2024 11:37:23 PM com.shavi.realtimeeventticketingsystemcli.Customer run
INFO: Customer 3 successfully purchased ticket ID 54
Nov 20, 2024 11:37:23 PM com.shavi.realtimeeventticketingsystemcli.TicketPool retrieveTicket
INFO: Customer retrieved ticket ID 53
Nov 20, 2024 11:37:23 PM com.shavi.realtimeeventticketingsystemcli.Customer run
INFO: Customer 5 successfully purchased ticket ID 53
Nov 20, 2024 11:37:23 PM com.shavi.realtimeeventticketingsystemcli.TicketPool retrieveTicket
INFO: Customer retrieved ticket ID 56
Nov 20, 2024 11:37:23 PM com.shavi.realtimeeventticketingsystemcli.Customer run
INFO: Customer 1 successfully purchased ticket ID 56
Nov 20, 2024 11:37:23 PM com.shavi.realtimeeventticketingsystemcli.TicketPool retrieveTicket
INFO: Customer retrieved ticket ID 57
Nov 20, 2024 11:37:23 PM com.shavi.realtimeeventticketingsystemcli.Customer run
INFO: Customer 5 successfully purchased ticket ID 57
Nov 20, 2024 11:37:23 PM com.shavi.realtimeeventticketingsystemcli.TicketPool retrieveTicket
INFO: Customer retrieved ticket ID 58
Nov 20, 2024 11:37:23 PM com.shavi.realtimeeventticketingsystemcli.Customer run
INFO: Customer 3 successfully purchased ticket ID 58
Nov 20, 2024 11:37:23 PM com.shavi.realtimeeventticketingsystemcli.TicketPool retrieveTicket
INFO: Customer retrieved ticket ID 59
Nov 20, 2024 11:37:23 PM com.shavi.realtimeeventticketingsystemcli.Customer run
INFO: Customer 2 successfully purchased ticket ID 59
Nov 20, 2024 11:37:23 PM com.shavi.realtimeeventticketingsystemcli.TicketPool addTicket
INFO: Vendor 3 added ticket ID 82
Nov 20, 2024 11:37:23 PM com.shavi.realtimeeventticketingsystemcli.Vendor run
INFO: Vendor 3 added ticket: 82
Nov 20, 2024 11:37:23 PM com.shavi.realtimeeventticketingsystemcli.TicketPool addTicket
INFO: Vendor 2 added ticket ID 85
Nov 20, 2024 11:37:23 PM com.shavi.realtimeeventticketingsystemcli.Vendor run
INFO: Vendor 2 added ticket: 85
Nov 20, 2024 11:37:23 PM com.shavi.realtimeeventticketingsystemcli.Ticket <init>
INFO: Ticket created: Ticket{id=86, vendorId=3}
Nov 20, 2024 11:37:23 PM com.shavi.realtimeeventticketingsystemcli.TicketPool addTicket
INFO: Vendor 1 added ticket ID 84
Nov 20, 2024 11:37:23 PM com.shavi.realtimeeventticketingsystemcli.Vendor run
INFO: Vendor 1 added ticket: 84
Nov 20, 2024 11:37:23 PM com.shavi.realtimeeventticketingsystemcli.TicketPool addTicket
INFO: Vendor 3 added ticket ID 86
Nov 20, 2024 11:37:23 PM com.shavi.realtimeeventticketingsystemcli.Vendor run
INFO: Vendor 3 added ticket: 86
Nov 20, 2024 11:37:23 PM com.shavi.realtimeeventticketingsystemcli.Ticket <init>
INFO: Ticket created: Ticket{id=88, vendorId=3}
Nov 20, 2024 11:37:23 PM com.shavi.realtimeeventticketingsystemcli.Ticket <init>
INFO: Ticket created: Ticket{id=87, vendorId=1}
Nov 20, 2024 11:37:23 PM com.shavi.realtimeeventticketingsystemcli.TicketPool retrieveTicket
INFO: Customer retrieved ticket ID 60
Nov 20, 2024 11:37:23 PM com.shavi.realtimeeventticketingsystemcli.Customer run
INFO: Customer 1 successfully purchased ticket ID 60
Nov 20, 2024 11:37:23 PM com.shavi.realtimeeventticketingsystemcli.TicketPool addTicket
INFO: Vendor 1 added ticket ID 87
Nov 20, 2024 11:37:23 PM com.shavi.realtimeeventticketingsystemcli.Vendor run
INFO: Vendor 1 added ticket: 87
Nov 20, 2024 11:37:23 PM com.shavi.realtimeeventticketingsystemcli.Ticket <init>
INFO: Ticket created: Ticket{id=89, vendorId=1}
Nov 20, 2024 11:37:23 PM com.shavi.realtimeeventticketingsystemcli.TicketPool addTicket
INFO: Vendor 3 added ticket ID 88
Nov 20, 2024 11:37:23 PM com.shavi.realtimeeventticketingsystemcli.Vendor run
INFO: Vendor 3 added ticket: 88
Nov 20, 2024 11:37:23 PM com.shavi.realtimeeventticketingsystemcli.TicketPool addTicket
INFO: Vendor 1 added ticket ID 89
Nov 20, 2024 11:37:23 PM com.shavi.realtimeeventticketingsystemcli.Vendor run
INFO: Vendor 1 added ticket: 89
Nov 20, 2024 11:37:23 PM com.shavi.realtimeeventticketingsystemcli.Ticket <init>
INFO: Ticket created: Ticket{id=90, vendorId=1}
Nov 20, 2024 11:37:23 PM com.shavi.realtimeeventticketingsystemcli.TicketPool addTicket
INFO: Vendor 1 added ticket ID 90
Nov 20, 2024 11:37:23 PM com.shavi.realtimeeventticketingsystemcli.Vendor run
INFO: Vendor 1 added ticket: 90
Nov 20, 2024 11:37:24 PM com.shavi.realtimeeventticketingsystemcli.Ticket <init>
INFO: Ticket created: Ticket{id=91, vendorId=1}
Nov 20, 2024 11:37:24 PM com.shavi.realtimeeventticketingsystemcli.TicketPool addTicket
INFO: Vendor 1 is waiting to add tickets...
Nov 20, 2024 11:37:24 PM com.shavi.realtimeeventticketingsystemcli.Ticket <init>
INFO: Ticket created: Ticket{id=92, vendorId=3}
Nov 20, 2024 11:37:24 PM com.shavi.realtimeeventticketingsystemcli.TicketPool addTicket
INFO: Vendor 3 is waiting to add tickets...
Nov 20, 2024 11:37:24 PM com.shavi.realtimeeventticketingsystemcli.Ticket <init>
INFO: Ticket created: Ticket{id=93, vendorId=2}
Nov 20, 2024 11:37:24 PM com.shavi.realtimeeventticketingsystemcli.TicketPool addTicket
INFO: Vendor 2 is waiting to add tickets...
Nov 20, 2024 11:37:24 PM com.shavi.realtimeeventticketingsystemcli.TicketPool getCurrentSize
INFO: Current ticket pool size: 30
Nov 20, 2024 11:37:24 PM com.shavi.realtimeeventticketingsystemcli.Main monitorTicketingOperations
INFO: Monitoring Ticket Pool: Current Size = 30
Nov 20, 2024 11:37:25 PM com.shavi.realtimeeventticketingsystemcli.TicketPool retrieveTicket
INFO: Customer retrieved ticket ID 61
Nov 20, 2024 11:37:25 PM com.shavi.realtimeeventticketingsystemcli.Customer run
INFO: Customer 3 successfully purchased ticket ID 61
Nov 20, 2024 11:37:25 PM com.shavi.realtimeeventticketingsystemcli.TicketPool addTicket
INFO: Vendor 1 added ticket ID 91
Nov 20, 2024 11:37:25 PM com.shavi.realtimeeventticketingsystemcli.Vendor run
INFO: Vendor 1 added ticket: 91
Nov 20, 2024 11:37:25 PM com.shavi.realtimeeventticketingsystemcli.TicketPool retrieveTicket
INFO: Customer retrieved ticket ID 62
Nov 20, 2024 11:37:25 PM com.shavi.realtimeeventticketingsystemcli.Customer run
INFO: Customer 3 successfully purchased ticket ID 62
Nov 20, 2024 11:37:25 PM com.shavi.realtimeeventticketingsystemcli.Ticket <init>
INFO: Ticket created: Ticket{id=94, vendorId=1}
Nov 20, 2024 11:37:25 PM com.shavi.realtimeeventticketingsystemcli.TicketPool addTicket
INFO: Vendor 2 added ticket ID 93
Nov 20, 2024 11:37:25 PM com.shavi.realtimeeventticketingsystemcli.Vendor run
INFO: Vendor 2 added ticket: 93
Nov 20, 2024 11:37:25 PM com.shavi.realtimeeventticketingsystemcli.Ticket <init>
INFO: Ticket created: Ticket{id=95, vendorId=2}
Nov 20, 2024 11:37:25 PM com.shavi.realtimeeventticketingsystemcli.TicketPool addTicket
INFO: Vendor 3 is waiting to add tickets...
Nov 20, 2024 11:37:25 PM com.shavi.realtimeeventticketingsystemcli.TicketPool retrieveTicket
INFO: Customer retrieved ticket ID 63
Nov 20, 2024 11:37:25 PM com.shavi.realtimeeventticketingsystemcli.Customer run
INFO: Customer 5 successfully purchased ticket ID 63
Nov 20, 2024 11:37:25 PM com.shavi.realtimeeventticketingsystemcli.TicketPool retrieveTicket
INFO: Customer retrieved ticket ID 65
Nov 20, 2024 11:37:25 PM com.shavi.realtimeeventticketingsystemcli.Customer run
INFO: Customer 4 successfully purchased ticket ID 65
Nov 20, 2024 11:37:25 PM com.shavi.realtimeeventticketingsystemcli.TicketPool retrieveTicket
INFO: Customer retrieved ticket ID 64
Nov 20, 2024 11:37:25 PM com.shavi.realtimeeventticketingsystemcli.Customer run
INFO: Customer 2 successfully purchased ticket ID 64
Nov 20, 2024 11:37:25 PM com.shavi.realtimeeventticketingsystemcli.TicketPool retrieveTicket
INFO: Customer retrieved ticket ID 66
Nov 20, 2024 11:37:25 PM com.shavi.realtimeeventticketingsystemcli.Customer run
INFO: Customer 1 successfully purchased ticket ID 66
Nov 20, 2024 11:37:25 PM com.shavi.realtimeeventticketingsystemcli.TicketPool retrieveTicket
INFO: Customer retrieved ticket ID 67
Nov 20, 2024 11:37:25 PM com.shavi.realtimeeventticketingsystemcli.Customer run
INFO: Customer 2 successfully purchased ticket ID 67
Nov 20, 2024 11:37:25 PM com.shavi.realtimeeventticketingsystemcli.TicketPool retrieveTicket
INFO: Customer retrieved ticket ID 68
Nov 20, 2024 11:37:25 PM com.shavi.realtimeeventticketingsystemcli.Customer run
INFO: Customer 4 successfully purchased ticket ID 68
Nov 20, 2024 11:37:25 PM com.shavi.realtimeeventticketingsystemcli.TicketPool retrieveTicket
INFO: Customer retrieved ticket ID 70
Nov 20, 2024 11:37:25 PM com.shavi.realtimeeventticketingsystemcli.Customer run
INFO: Customer 5 successfully purchased ticket ID 70
Nov 20, 2024 11:37:25 PM com.shavi.realtimeeventticketingsystemcli.TicketPool addTicket
INFO: Vendor 3 added ticket ID 92
Nov 20, 2024 11:37:25 PM com.shavi.realtimeeventticketingsystemcli.Vendor run
INFO: Vendor 3 added ticket: 92
Nov 20, 2024 11:37:25 PM com.shavi.realtimeeventticketingsystemcli.Ticket <init>
INFO: Ticket created: Ticket{id=96, vendorId=3}
Nov 20, 2024 11:37:25 PM com.shavi.realtimeeventticketingsystemcli.TicketPool addTicket
INFO: Vendor 2 added ticket ID 95
Nov 20, 2024 11:37:25 PM com.shavi.realtimeeventticketingsystemcli.Vendor run
INFO: Vendor 2 added ticket: 95
Nov 20, 2024 11:37:25 PM com.shavi.realtimeeventticketingsystemcli.Ticket <init>
INFO: Ticket created: Ticket{id=97, vendorId=2}
Nov 20, 2024 11:37:25 PM com.shavi.realtimeeventticketingsystemcli.TicketPool addTicket
INFO: Vendor 1 added ticket ID 94
Nov 20, 2024 11:37:25 PM com.shavi.realtimeeventticketingsystemcli.Vendor run
INFO: Vendor 1 added ticket: 94
Nov 20, 2024 11:37:25 PM com.shavi.realtimeeventticketingsystemcli.Ticket <init>
INFO: Ticket created: Ticket{id=98, vendorId=1}
Nov 20, 2024 11:37:25 PM com.shavi.realtimeeventticketingsystemcli.TicketPool addTicket
INFO: Vendor 2 added ticket ID 97
Nov 20, 2024 11:37:25 PM com.shavi.realtimeeventticketingsystemcli.Vendor run
INFO: Vendor 2 added ticket: 97
Nov 20, 2024 11:37:25 PM com.shavi.realtimeeventticketingsystemcli.Ticket <init>
INFO: Ticket created: Ticket{id=99, vendorId=2}
Nov 20, 2024 11:37:25 PM com.shavi.realtimeeventticketingsystemcli.TicketPool addTicket
INFO: Vendor 3 added ticket ID 96
Nov 20, 2024 11:37:25 PM com.shavi.realtimeeventticketingsystemcli.Vendor run
INFO: Vendor 3 added ticket: 96
Nov 20, 2024 11:37:25 PM com.shavi.realtimeeventticketingsystemcli.Ticket <init>
INFO: Ticket created: Ticket{id=100, vendorId=3}
Nov 20, 2024 11:37:25 PM com.shavi.realtimeeventticketingsystemcli.TicketPool retrieveTicket
INFO: Customer retrieved ticket ID 69
Nov 20, 2024 11:37:25 PM com.shavi.realtimeeventticketingsystemcli.Customer run
INFO: Customer 1 successfully purchased ticket ID 69
Nov 20, 2024 11:37:25 PM com.shavi.realtimeeventticketingsystemcli.TicketPool addTicket
INFO: Vendor 3 added ticket ID 100
Nov 20, 2024 11:37:25 PM com.shavi.realtimeeventticketingsystemcli.Vendor run
INFO: Vendor 3 added ticket: 100
Nov 20, 2024 11:37:25 PM com.shavi.realtimeeventticketingsystemcli.Ticket <init>
INFO: Ticket created: Ticket{id=101, vendorId=3}
Nov 20, 2024 11:37:25 PM com.shavi.realtimeeventticketingsystemcli.TicketPool addTicket
INFO: Vendor 2 added ticket ID 99
Nov 20, 2024 11:37:25 PM com.shavi.realtimeeventticketingsystemcli.Vendor run
INFO: Vendor 2 added ticket: 99
Nov 20, 2024 11:37:25 PM com.shavi.realtimeeventticketingsystemcli.Ticket <init>
INFO: Ticket created: Ticket{id=102, vendorId=2}
Nov 20, 2024 11:37:25 PM com.shavi.realtimeeventticketingsystemcli.TicketPool addTicket
INFO: Vendor 1 added ticket ID 98
Nov 20, 2024 11:37:25 PM com.shavi.realtimeeventticketingsystemcli.Vendor run
INFO: Vendor 1 added ticket: 98
Nov 20, 2024 11:37:25 PM com.shavi.realtimeeventticketingsystemcli.Ticket <init>
INFO: Ticket created: Ticket{id=103, vendorId=1}
Nov 20, 2024 11:37:25 PM com.shavi.realtimeeventticketingsystemcli.TicketPool addTicket
INFO: Vendor 2 is waiting to add tickets...
Nov 20, 2024 11:37:25 PM com.shavi.realtimeeventticketingsystemcli.TicketPool addTicket
INFO: Vendor 3 is waiting to add tickets...
Nov 20, 2024 11:37:25 PM com.shavi.realtimeeventticketingsystemcli.TicketPool addTicket
INFO: Vendor 1 is waiting to add tickets...
Nov 20, 2024 11:37:27 PM com.shavi.realtimeeventticketingsystemcli.TicketPool getCurrentSize
INFO: Current ticket pool size: 30
Nov 20, 2024 11:37:27 PM com.shavi.realtimeeventticketingsystemcli.Main monitorTicketingOperations
INFO: Monitoring Ticket Pool: Current Size = 30
Nov 20, 2024 11:37:27 PM com.shavi.realtimeeventticketingsystemcli.TicketPool retrieveTicket
INFO: Customer retrieved ticket ID 71
Nov 20, 2024 11:37:27 PM com.shavi.realtimeeventticketingsystemcli.Customer run
INFO: Customer 4 successfully purchased ticket ID 71
Nov 20, 2024 11:37:27 PM com.shavi.realtimeeventticketingsystemcli.TicketPool addTicket
INFO: Vendor 2 added ticket ID 102
Nov 20, 2024 11:37:27 PM com.shavi.realtimeeventticketingsystemcli.Vendor run
INFO: Vendor 2 added ticket: 102
Nov 20, 2024 11:37:27 PM com.shavi.realtimeeventticketingsystemcli.TicketPool retrieveTicket
INFO: Customer retrieved ticket ID 72
Nov 20, 2024 11:37:27 PM com.shavi.realtimeeventticketingsystemcli.Customer run
INFO: Customer 4 successfully purchased ticket ID 72
Nov 20, 2024 11:37:27 PM com.shavi.realtimeeventticketingsystemcli.TicketPool addTicket
INFO: Vendor 1 added ticket ID 103
Nov 20, 2024 11:37:27 PM com.shavi.realtimeeventticketingsystemcli.Vendor run
INFO: Vendor 1 added ticket: 103
Nov 20, 2024 11:37:27 PM com.shavi.realtimeeventticketingsystemcli.TicketPool addTicket
INFO: Vendor 3 is waiting to add tickets...
Nov 20, 2024 11:37:27 PM com.shavi.realtimeeventticketingsystemcli.Ticket <init>
INFO: Ticket created: Ticket{id=104, vendorId=1}
Nov 20, 2024 11:37:27 PM com.shavi.realtimeeventticketingsystemcli.TicketPool retrieveTicket
INFO: Customer retrieved ticket ID 73
Nov 20, 2024 11:37:27 PM com.shavi.realtimeeventticketingsystemcli.Customer run
INFO: Customer 1 successfully purchased ticket ID 73
Nov 20, 2024 11:37:27 PM com.shavi.realtimeeventticketingsystemcli.TicketPool retrieveTicket
INFO: Customer retrieved ticket ID 74
Nov 20, 2024 11:37:27 PM com.shavi.realtimeeventticketingsystemcli.Customer run
INFO: Customer 5 successfully purchased ticket ID 74
Nov 20, 2024 11:37:27 PM com.shavi.realtimeeventticketingsystemcli.TicketPool retrieveTicket
INFO: Customer retrieved ticket ID 75
Nov 20, 2024 11:37:27 PM com.shavi.realtimeeventticketingsystemcli.Customer run
INFO: Customer 2 successfully purchased ticket ID 75
Nov 20, 2024 11:37:27 PM com.shavi.realtimeeventticketingsystemcli.TicketPool retrieveTicket
INFO: Customer retrieved ticket ID 76
Nov 20, 2024 11:37:27 PM com.shavi.realtimeeventticketingsystemcli.Customer run
INFO: Customer 3 successfully purchased ticket ID 76
Nov 20, 2024 11:37:27 PM com.shavi.realtimeeventticketingsystemcli.TicketPool retrieveTicket
INFO: Customer retrieved ticket ID 79
Nov 20, 2024 11:37:27 PM com.shavi.realtimeeventticketingsystemcli.Customer run
INFO: Customer 2 successfully purchased ticket ID 79
Nov 20, 2024 11:37:27 PM com.shavi.realtimeeventticketingsystemcli.TicketPool retrieveTicket
INFO: Customer retrieved ticket ID 78
Nov 20, 2024 11:37:27 PM com.shavi.realtimeeventticketingsystemcli.Customer run
INFO: Customer 5 successfully purchased ticket ID 78
Nov 20, 2024 11:37:27 PM com.shavi.realtimeeventticketingsystemcli.TicketPool retrieveTicket
INFO: Customer retrieved ticket ID 81
Nov 20, 2024 11:37:27 PM com.shavi.realtimeeventticketingsystemcli.Customer run
INFO: Customer 1 successfully purchased ticket ID 81
Nov 20, 2024 11:37:27 PM com.shavi.realtimeeventticketingsystemcli.TicketPool addTicket
INFO: Vendor 3 added ticket ID 101
Nov 20, 2024 11:37:27 PM com.shavi.realtimeeventticketingsystemcli.Vendor run
INFO: Vendor 3 added ticket: 101
Nov 20, 2024 11:37:27 PM com.shavi.realtimeeventticketingsystemcli.Ticket <init>
INFO: Ticket created: Ticket{id=105, vendorId=3}
Nov 20, 2024 11:37:27 PM com.shavi.realtimeeventticketingsystemcli.TicketPool addTicket
INFO: Vendor 1 added ticket ID 104
Nov 20, 2024 11:37:27 PM com.shavi.realtimeeventticketingsystemcli.Vendor run
INFO: Vendor 1 added ticket: 104
Nov 20, 2024 11:37:27 PM com.shavi.realtimeeventticketingsystemcli.TicketPool addTicket
INFO: Vendor 3 added ticket ID 105
Nov 20, 2024 11:37:27 PM com.shavi.realtimeeventticketingsystemcli.Vendor run
INFO: Vendor 3 added ticket: 105
Nov 20, 2024 11:37:27 PM com.shavi.realtimeeventticketingsystemcli.TicketPool retrieveTicket
INFO: Customer retrieved ticket ID 80
Nov 20, 2024 11:37:27 PM com.shavi.realtimeeventticketingsystemcli.Customer run
INFO: Customer 3 successfully purchased ticket ID 80
Nov 20, 2024 11:37:29 PM com.shavi.realtimeeventticketingsystemcli.TicketPool retrieveTicket
INFO: Customer retrieved ticket ID 77
Nov 20, 2024 11:37:29 PM com.shavi.realtimeeventticketingsystemcli.Customer run
INFO: Customer 4 successfully purchased ticket ID 77
Nov 20, 2024 11:37:29 PM com.shavi.realtimeeventticketingsystemcli.TicketPool retrieveTicket
INFO: Customer retrieved ticket ID 83
Nov 20, 2024 11:37:29 PM com.shavi.realtimeeventticketingsystemcli.Customer run
INFO: Customer 4 successfully purchased ticket ID 83
Nov 20, 2024 11:37:29 PM com.shavi.realtimeeventticketingsystemcli.TicketPool retrieveTicket
INFO: Customer retrieved ticket ID 82
Nov 20, 2024 11:37:29 PM com.shavi.realtimeeventticketingsystemcli.Customer run
INFO: Customer 5 successfully purchased ticket ID 82
Nov 20, 2024 11:37:29 PM com.shavi.realtimeeventticketingsystemcli.TicketPool retrieveTicket
INFO: Customer retrieved ticket ID 85
Nov 20, 2024 11:37:29 PM com.shavi.realtimeeventticketingsystemcli.Customer run
INFO: Customer 2 successfully purchased ticket ID 85
Nov 20, 2024 11:37:29 PM com.shavi.realtimeeventticketingsystemcli.TicketPool retrieveTicket
INFO: Customer retrieved ticket ID 84
Nov 20, 2024 11:37:29 PM com.shavi.realtimeeventticketingsystemcli.Customer run
INFO: Customer 1 successfully purchased ticket ID 84
Nov 20, 2024 11:37:29 PM com.shavi.realtimeeventticketingsystemcli.TicketPool retrieveTicket
INFO: Customer retrieved ticket ID 86
Nov 20, 2024 11:37:29 PM com.shavi.realtimeeventticketingsystemcli.Customer run
INFO: Customer 5 successfully purchased ticket ID 86
Nov 20, 2024 11:37:29 PM com.shavi.realtimeeventticketingsystemcli.TicketPool retrieveTicket
INFO: Customer retrieved ticket ID 87
Nov 20, 2024 11:37:29 PM com.shavi.realtimeeventticketingsystemcli.Customer run
INFO: Customer 1 successfully purchased ticket ID 87
Nov 20, 2024 11:37:29 PM com.shavi.realtimeeventticketingsystemcli.TicketPool retrieveTicket
INFO: Customer retrieved ticket ID 88
Nov 20, 2024 11:37:29 PM com.shavi.realtimeeventticketingsystemcli.Customer run
INFO: Customer 3 successfully purchased ticket ID 88
Nov 20, 2024 11:37:29 PM com.shavi.realtimeeventticketingsystemcli.TicketPool retrieveTicket
INFO: Customer retrieved ticket ID 89
Nov 20, 2024 11:37:29 PM com.shavi.realtimeeventticketingsystemcli.Customer run
INFO: Customer 2 successfully purchased ticket ID 89
Nov 20, 2024 11:37:29 PM com.shavi.realtimeeventticketingsystemcli.TicketPool retrieveTicket
INFO: Customer retrieved ticket ID 90
Nov 20, 2024 11:37:29 PM com.shavi.realtimeeventticketingsystemcli.Customer run
INFO: Customer 3 successfully purchased ticket ID 90
Nov 20, 2024 11:37:29 PM com.shavi.realtimeeventticketingsystemcli.TicketPool getCurrentSize
INFO: Current ticket pool size: 15
Nov 20, 2024 11:37:29 PM com.shavi.realtimeeventticketingsystemcli.Main monitorTicketingOperations
INFO: Monitoring Ticket Pool: Current Size = 15
Nov 20, 2024 11:37:31 PM com.shavi.realtimeeventticketingsystemcli.TicketPool retrieveTicket
INFO: Customer retrieved ticket ID 91
Nov 20, 2024 11:37:31 PM com.shavi.realtimeeventticketingsystemcli.Customer run
INFO: Customer 3 successfully purchased ticket ID 91
Nov 20, 2024 11:37:31 PM com.shavi.realtimeeventticketingsystemcli.TicketPool retrieveTicket
INFO: Customer retrieved ticket ID 93
Nov 20, 2024 11:37:31 PM com.shavi.realtimeeventticketingsystemcli.Customer run
INFO: Customer 2 successfully purchased ticket ID 93
Nov 20, 2024 11:37:31 PM com.shavi.realtimeeventticketingsystemcli.TicketPool retrieveTicket
INFO: Customer retrieved ticket ID 92
Nov 20, 2024 11:37:31 PM com.shavi.realtimeeventticketingsystemcli.TicketPool retrieveTicket
INFO: Customer retrieved ticket ID 95
Nov 20, 2024 11:37:31 PM com.shavi.realtimeeventticketingsystemcli.Customer run
INFO: Customer 4 successfully purchased ticket ID 92
Nov 20, 2024 11:37:31 PM com.shavi.realtimeeventticketingsystemcli.Customer run
INFO: Customer 5 successfully purchased ticket ID 95
Nov 20, 2024 11:37:31 PM com.shavi.realtimeeventticketingsystemcli.TicketPool retrieveTicket
INFO: Customer retrieved ticket ID 94
Nov 20, 2024 11:37:31 PM com.shavi.realtimeeventticketingsystemcli.Customer run
INFO: Customer 1 successfully purchased ticket ID 94
Nov 20, 2024 11:37:31 PM com.shavi.realtimeeventticketingsystemcli.TicketPool retrieveTicket
INFO: Customer retrieved ticket ID 97
Nov 20, 2024 11:37:31 PM com.shavi.realtimeeventticketingsystemcli.Customer run
INFO: Customer 5 successfully purchased ticket ID 97
Nov 20, 2024 11:37:31 PM com.shavi.realtimeeventticketingsystemcli.TicketPool retrieveTicket
INFO: Customer retrieved ticket ID 96
Nov 20, 2024 11:37:31 PM com.shavi.realtimeeventticketingsystemcli.Customer run
INFO: Customer 4 successfully purchased ticket ID 96
Nov 20, 2024 11:37:31 PM com.shavi.realtimeeventticketingsystemcli.TicketPool retrieveTicket
INFO: Customer retrieved ticket ID 100
Nov 20, 2024 11:37:31 PM com.shavi.realtimeeventticketingsystemcli.Customer run
INFO: Customer 2 successfully purchased ticket ID 100
Nov 20, 2024 11:37:31 PM com.shavi.realtimeeventticketingsystemcli.TicketPool retrieveTicket
INFO: Customer retrieved ticket ID 99
Nov 20, 2024 11:37:31 PM com.shavi.realtimeeventticketingsystemcli.Customer run
INFO: Customer 3 successfully purchased ticket ID 99
Nov 20, 2024 11:37:31 PM com.shavi.realtimeeventticketingsystemcli.TicketPool retrieveTicket
INFO: Customer retrieved ticket ID 98
Nov 20, 2024 11:37:31 PM com.shavi.realtimeeventticketingsystemcli.Customer run
INFO: Customer 1 successfully purchased ticket ID 98
Nov 20, 2024 11:37:32 PM com.shavi.realtimeeventticketingsystemcli.TicketPool getCurrentSize
INFO: Current ticket pool size: 5
Nov 20, 2024 11:37:32 PM com.shavi.realtimeeventticketingsystemcli.Main monitorTicketingOperations
INFO: Monitoring Ticket Pool: Current Size = 5
Nov 20, 2024 11:37:33 PM com.shavi.realtimeeventticketingsystemcli.TicketPool retrieveTicket
INFO: Customer retrieved ticket ID 102
Nov 20, 2024 11:37:33 PM com.shavi.realtimeeventticketingsystemcli.Customer run
INFO: Customer 4 successfully purchased ticket ID 102
Nov 20, 2024 11:37:33 PM com.shavi.realtimeeventticketingsystemcli.TicketPool retrieveTicket
INFO: Customer retrieved ticket ID 103
Nov 20, 2024 11:37:33 PM com.shavi.realtimeeventticketingsystemcli.Customer run
INFO: Customer 2 successfully purchased ticket ID 103
Nov 20, 2024 11:37:33 PM com.shavi.realtimeeventticketingsystemcli.TicketPool retrieveTicket
INFO: Customer retrieved ticket ID 101
Nov 20, 2024 11:37:33 PM com.shavi.realtimeeventticketingsystemcli.Customer run
INFO: Customer 5 successfully purchased ticket ID 101
Nov 20, 2024 11:37:33 PM com.shavi.realtimeeventticketingsystemcli.TicketPool retrieveTicket
INFO: Customer retrieved ticket ID 104
Nov 20, 2024 11:37:33 PM com.shavi.realtimeeventticketingsystemcli.Customer run
INFO: Customer 3 successfully purchased ticket ID 104
Nov 20, 2024 11:37:33 PM com.shavi.realtimeeventticketingsystemcli.TicketPool retrieveTicket
INFO: Customer retrieved ticket ID 105
Nov 20, 2024 11:37:33 PM com.shavi.realtimeeventticketingsystemcli.Customer run
INFO: Customer 1 successfully purchased ticket ID 105
Nov 20, 2024 11:37:33 PM com.shavi.realtimeeventticketingsystemcli.TicketPool retrieveTicket
INFO: Customer is waiting for tickets...
Nov 20, 2024 11:37:33 PM com.shavi.realtimeeventticketingsystemcli.TicketPool retrieveTicket
INFO: Customer is waiting for tickets...
Nov 20, 2024 11:37:33 PM com.shavi.realtimeeventticketingsystemcli.TicketPool retrieveTicket
INFO: Customer is waiting for tickets...
Nov 20, 2024 11:37:33 PM com.shavi.realtimeeventticketingsystemcli.TicketPool retrieveTicket
INFO: Customer is waiting for tickets...
Nov 20, 2024 11:37:33 PM com.shavi.realtimeeventticketingsystemcli.TicketPool retrieveTicket
INFO: Customer is waiting for tickets...
Nov 20, 2024 11:37:34 PM com.shavi.realtimeeventticketingsystemcli.TicketPool getCurrentSize
INFO: Current ticket pool size: 0
Nov 20, 2024 11:37:34 PM com.shavi.realtimeeventticketingsystemcli.Main monitorTicketingOperations
INFO: Monitoring Ticket Pool: Current Size = 0
Nov 20, 2024 11:37:34 PM com.shavi.realtimeeventticketingsystemcli.Main monitorTicketingOperations
WARNING: Warning: Ticket pool is empty!
Nov 20, 2024 11:37:37 PM com.shavi.realtimeeventticketingsystemcli.TicketPool getCurrentSize
INFO: Current ticket pool size: 0
Nov 20, 2024 11:37:37 PM com.shavi.realtimeeventticketingsystemcli.Main monitorTicketingOperations
INFO: Monitoring Ticket Pool: Current Size = 0
Nov 20, 2024 11:37:37 PM com.shavi.realtimeeventticketingsystemcli.Main monitorTicketingOperations
WARNING: Warning: Ticket pool is empty!
Nov 20, 2024 11:37:39 PM com.shavi.realtimeeventticketingsystemcli.TicketPool getCurrentSize
INFO: Current ticket pool size: 0
Nov 20, 2024 11:37:39 PM com.shavi.realtimeeventticketingsystemcli.Main monitorTicketingOperations
INFO: Monitoring Ticket Pool: Current Size = 0
Nov 20, 2024 11:37:39 PM com.shavi.realtimeeventticketingsystemcli.Main monitorTicketingOperations
WARNING: Warning: Ticket pool is empty!
Nov 20, 2024 11:37:42 PM com.shavi.realtimeeventticketingsystemcli.TicketPool getCurrentSize
INFO: Current ticket pool size: 0
Nov 20, 2024 11:37:42 PM com.shavi.realtimeeventticketingsystemcli.Main monitorTicketingOperations
INFO: Monitoring Ticket Pool: Current Size = 0
Nov 20, 2024 11:37:42 PM com.shavi.realtimeeventticketingsystemcli.Main monitorTicketingOperations
WARNING: Warning: Ticket pool is empty!
Nov 20, 2024 11:37:44 PM com.shavi.realtimeeventticketingsystemcli.TicketPool getCurrentSize
INFO: Current ticket pool size: 0
Nov 20, 2024 11:37:44 PM com.shavi.realtimeeventticketingsystemcli.Main monitorTicketingOperations
INFO: Monitoring Ticket Pool: Current Size = 0
Nov 20, 2024 11:37:44 PM com.shavi.realtimeeventticketingsystemcli.Main monitorTicketingOperations
WARNING: Warning: Ticket pool is empty!
Nov 20, 2024 11:37:47 PM com.shavi.realtimeeventticketingsystemcli.TicketPool getCurrentSize
INFO: Current ticket pool size: 0
Nov 20, 2024 11:37:47 PM com.shavi.realtimeeventticketingsystemcli.Main monitorTicketingOperations
INFO: Monitoring Ticket Pool: Current Size = 0
Nov 20, 2024 11:37:47 PM com.shavi.realtimeeventticketingsystemcli.Main monitorTicketingOperations
WARNING: Warning: Ticket pool is empty!
Nov 20, 2024 11:37:49 PM com.shavi.realtimeeventticketingsystemcli.TicketPool getCurrentSize
INFO: Current ticket pool size: 0
Nov 20, 2024 11:37:49 PM com.shavi.realtimeeventticketingsystemcli.Main monitorTicketingOperations
INFO: Monitoring Ticket Pool: Current Size = 0
Nov 20, 2024 11:37:49 PM com.shavi.realtimeeventticketingsystemcli.Main monitorTicketingOperations
WARNING: Warning: Ticket pool is empty!
Nov 20, 2024 11:37:52 PM com.shavi.realtimeeventticketingsystemcli.TicketPool getCurrentSize
INFO: Current ticket pool size: 0
Nov 20, 2024 11:37:52 PM com.shavi.realtimeeventticketingsystemcli.Main monitorTicketingOperations
INFO: Monitoring Ticket Pool: Current Size = 0
Nov 20, 2024 11:37:52 PM com.shavi.realtimeeventticketingsystemcli.Main monitorTicketingOperations
WARNING: Warning: Ticket pool is empty!
Nov 20, 2024 11:37:54 PM com.shavi.realtimeeventticketingsystemcli.TicketPool getCurrentSize
INFO: Current ticket pool size: 0
Nov 20, 2024 11:37:54 PM com.shavi.realtimeeventticketingsystemcli.Main monitorTicketingOperations
INFO: Monitoring Ticket Pool: Current Size = 0
Nov 20, 2024 11:37:54 PM com.shavi.realtimeeventticketingsystemcli.Main monitorTicketingOperations
WARNING: Warning: Ticket pool is empty!
Nov 20, 2024 11:37:57 PM com.shavi.realtimeeventticketingsystemcli.TicketPool getCurrentSize
INFO: Current ticket pool size: 0
Nov 20, 2024 11:37:57 PM com.shavi.realtimeeventticketingsystemcli.Main monitorTicketingOperations
INFO: Monitoring Ticket Pool: Current Size = 0
Nov 20, 2024 11:37:57 PM com.shavi.realtimeeventticketingsystemcli.Main monitorTicketingOperations
WARNING: Warning: Ticket pool is empty!
Nov 20, 2024 11:37:59 PM com.shavi.realtimeeventticketingsystemcli.TicketPool getCurrentSize
INFO: Current ticket pool size: 0
Nov 20, 2024 11:37:59 PM com.shavi.realtimeeventticketingsystemcli.Main monitorTicketingOperations
INFO: Monitoring Ticket Pool: Current Size = 0
Nov 20, 2024 11:37:59 PM com.shavi.realtimeeventticketingsystemcli.Main monitorTicketingOperations
WARNING: Warning: Ticket pool is empty!
Nov 20, 2024 11:38:02 PM com.shavi.realtimeeventticketingsystemcli.TicketPool getCurrentSize
INFO: Current ticket pool size: 0
Nov 20, 2024 11:38:02 PM com.shavi.realtimeeventticketingsystemcli.Main monitorTicketingOperations
INFO: Monitoring Ticket Pool: Current Size = 0
Nov 20, 2024 11:38:02 PM com.shavi.realtimeeventticketingsystemcli.Main monitorTicketingOperations
WARNING: Warning: Ticket pool is empty!
Nov 20, 2024 11:38:04 PM com.shavi.realtimeeventticketingsystemcli.TicketPool getCurrentSize
INFO: Current ticket pool size: 0
Nov 20, 2024 11:38:04 PM com.shavi.realtimeeventticketingsystemcli.Main monitorTicketingOperations
INFO: Monitoring Ticket Pool: Current Size = 0
Nov 20, 2024 11:38:04 PM com.shavi.realtimeeventticketingsystemcli.Main monitorTicketingOperations
WARNING: Warning: Ticket pool is empty!
Nov 20, 2024 11:38:07 PM com.shavi.realtimeeventticketingsystemcli.TicketPool getCurrentSize
INFO: Current ticket pool size: 0
Nov 20, 2024 11:38:07 PM com.shavi.realtimeeventticketingsystemcli.Main monitorTicketingOperations
INFO: Monitoring Ticket Pool: Current Size = 0
Nov 20, 2024 11:38:07 PM com.shavi.realtimeeventticketingsystemcli.Main monitorTicketingOperations
WARNING: Warning: Ticket pool is empty!
Nov 20, 2024 11:38:09 PM com.shavi.realtimeeventticketingsystemcli.TicketPool getCurrentSize
INFO: Current ticket pool size: 0
Nov 20, 2024 11:38:09 PM com.shavi.realtimeeventticketingsystemcli.Main monitorTicketingOperations
INFO: Monitoring Ticket Pool: Current Size = 0
Nov 20, 2024 11:38:09 PM com.shavi.realtimeeventticketingsystemcli.Main monitorTicketingOperations
WARNING: Warning: Ticket pool is empty!
Nov 20, 2024 11:38:12 PM com.shavi.realtimeeventticketingsystemcli.TicketPool getCurrentSize
INFO: Current ticket pool size: 0
Nov 20, 2024 11:38:12 PM com.shavi.realtimeeventticketingsystemcli.Main monitorTicketingOperations
INFO: Monitoring Ticket Pool: Current Size = 0
Nov 20, 2024 11:38:12 PM com.shavi.realtimeeventticketingsystemcli.Main monitorTicketingOperations
WARNING: Warning: Ticket pool is empty!
Nov 20, 2024 11:38:15 PM com.shavi.realtimeeventticketingsystemcli.TicketPool getCurrentSize
INFO: Current ticket pool size: 0
Nov 20, 2024 11:38:15 PM com.shavi.realtimeeventticketingsystemcli.Main monitorTicketingOperations
INFO: Monitoring Ticket Pool: Current Size = 0
Nov 20, 2024 11:38:15 PM com.shavi.realtimeeventticketingsystemcli.Main monitorTicketingOperations
WARNING: Warning: Ticket pool is empty!
Nov 20, 2024 11:38:17 PM com.shavi.realtimeeventticketingsystemcli.TicketPool getCurrentSize
INFO: Current ticket pool size: 0
Nov 20, 2024 11:38:17 PM com.shavi.realtimeeventticketingsystemcli.Main monitorTicketingOperations
INFO: Monitoring Ticket Pool: Current Size = 0
Nov 20, 2024 11:38:17 PM com.shavi.realtimeeventticketingsystemcli.Main monitorTicketingOperations
WARNING: Warning: Ticket pool is empty!
Nov 20, 2024 11:38:20 PM com.shavi.realtimeeventticketingsystemcli.TicketPool getCurrentSize
INFO: Current ticket pool size: 0
Nov 20, 2024 11:38:20 PM com.shavi.realtimeeventticketingsystemcli.Main monitorTicketingOperations
INFO: Monitoring Ticket Pool: Current Size = 0
Nov 20, 2024 11:38:20 PM com.shavi.realtimeeventticketingsystemcli.Main monitorTicketingOperations
WARNING: Warning: Ticket pool is empty!
Nov 20, 2024 11:38:22 PM com.shavi.realtimeeventticketingsystemcli.TicketPool getCurrentSize
INFO: Current ticket pool size: 0
Nov 20, 2024 11:38:22 PM com.shavi.realtimeeventticketingsystemcli.Main monitorTicketingOperations
INFO: Monitoring Ticket Pool: Current Size = 0
Nov 20, 2024 11:38:22 PM com.shavi.realtimeeventticketingsystemcli.Main monitorTicketingOperations
WARNING: Warning: Ticket pool is empty!
Nov 20, 2024 11:38:25 PM com.shavi.realtimeeventticketingsystemcli.TicketPool getCurrentSize
INFO: Current ticket pool size: 0
Nov 20, 2024 11:38:25 PM com.shavi.realtimeeventticketingsystemcli.Main monitorTicketingOperations
INFO: Monitoring Ticket Pool: Current Size = 0
Nov 20, 2024 11:38:25 PM com.shavi.realtimeeventticketingsystemcli.Main monitorTicketingOperations
WARNING: Warning: Ticket pool is empty!
Nov 20, 2024 11:38:27 PM com.shavi.realtimeeventticketingsystemcli.TicketPool getCurrentSize
INFO: Current ticket pool size: 0
Nov 20, 2024 11:38:27 PM com.shavi.realtimeeventticketingsystemcli.Main monitorTicketingOperations
INFO: Monitoring Ticket Pool: Current Size = 0
Nov 20, 2024 11:38:27 PM com.shavi.realtimeeventticketingsystemcli.Main monitorTicketingOperations
WARNING: Warning: Ticket pool is empty!
Nov 20, 2024 11:38:30 PM com.shavi.realtimeeventticketingsystemcli.TicketPool getCurrentSize
INFO: Current ticket pool size: 0
Nov 20, 2024 11:38:30 PM com.shavi.realtimeeventticketingsystemcli.Main monitorTicketingOperations
INFO: Monitoring Ticket Pool: Current Size = 0
Nov 20, 2024 11:38:30 PM com.shavi.realtimeeventticketingsystemcli.Main monitorTicketingOperations
WARNING: Warning: Ticket pool is empty!
Nov 20, 2024 11:38:32 PM com.shavi.realtimeeventticketingsystemcli.TicketPool getCurrentSize
INFO: Current ticket pool size: 0
Nov 20, 2024 11:38:32 PM com.shavi.realtimeeventticketingsystemcli.Main monitorTicketingOperations
INFO: Monitoring Ticket Pool: Current Size = 0
Nov 20, 2024 11:38:32 PM com.shavi.realtimeeventticketingsystemcli.Main monitorTicketingOperations
WARNING: Warning: Ticket pool is empty!
Nov 20, 2024 11:38:35 PM com.shavi.realtimeeventticketingsystemcli.TicketPool getCurrentSize
INFO: Current ticket pool size: 0
Nov 20, 2024 11:38:35 PM com.shavi.realtimeeventticketingsystemcli.Main monitorTicketingOperations
INFO: Monitoring Ticket Pool: Current Size = 0
Nov 20, 2024 11:38:35 PM com.shavi.realtimeeventticketingsystemcli.Main monitorTicketingOperations
WARNING: Warning: Ticket pool is empty!
Nov 20, 2024 11:38:37 PM com.shavi.realtimeeventticketingsystemcli.TicketPool getCurrentSize
INFO: Current ticket pool size: 0
Nov 20, 2024 11:38:37 PM com.shavi.realtimeeventticketingsystemcli.Main monitorTicketingOperations
INFO: Monitoring Ticket Pool: Current Size = 0
Nov 20, 2024 11:38:37 PM com.shavi.realtimeeventticketingsystemcli.Main monitorTicketingOperations
WARNING: Warning: Ticket pool is empty!
Nov 20, 2024 11:38:40 PM com.shavi.realtimeeventticketingsystemcli.TicketPool getCurrentSize
INFO: Current ticket pool size: 0
Nov 20, 2024 11:38:40 PM com.shavi.realtimeeventticketingsystemcli.Main monitorTicketingOperations
INFO: Monitoring Ticket Pool: Current Size = 0
Nov 20, 2024 11:38:40 PM com.shavi.realtimeeventticketingsystemcli.Main monitorTicketingOperations
WARNING: Warning: Ticket pool is empty!
Nov 20, 2024 11:38:42 PM com.shavi.realtimeeventticketingsystemcli.TicketPool getCurrentSize
INFO: Current ticket pool size: 0
Nov 20, 2024 11:38:42 PM com.shavi.realtimeeventticketingsystemcli.Main monitorTicketingOperations
INFO: Monitoring Ticket Pool: Current Size = 0
Nov 20, 2024 11:38:42 PM com.shavi.realtimeeventticketingsystemcli.Main monitorTicketingOperations
WARNING: Warning: Ticket pool is empty!
Nov 20, 2024 11:38:45 PM com.shavi.realtimeeventticketingsystemcli.TicketPool getCurrentSize
INFO: Current ticket pool size: 0
Nov 20, 2024 11:38:45 PM com.shavi.realtimeeventticketingsystemcli.Main monitorTicketingOperations
INFO: Monitoring Ticket Pool: Current Size = 0
Nov 20, 2024 11:38:45 PM com.shavi.realtimeeventticketingsystemcli.Main monitorTicketingOperations
WARNING: Warning: Ticket pool is empty!
Nov 20, 2024 11:38:47 PM com.shavi.realtimeeventticketingsystemcli.TicketPool getCurrentSize
INFO: Current ticket pool size: 0
Nov 20, 2024 11:38:47 PM com.shavi.realtimeeventticketingsystemcli.Main monitorTicketingOperations
INFO: Monitoring Ticket Pool: Current Size = 0
Nov 20, 2024 11:38:47 PM com.shavi.realtimeeventticketingsystemcli.Main monitorTicketingOperations
WARNING: Warning: Ticket pool is empty!
Nov 20, 2024 11:38:50 PM com.shavi.realtimeeventticketingsystemcli.TicketPool getCurrentSize
INFO: Current ticket pool size: 0
Nov 20, 2024 11:38:50 PM com.shavi.realtimeeventticketingsystemcli.Main monitorTicketingOperations
INFO: Monitoring Ticket Pool: Current Size = 0
Nov 20, 2024 11:38:50 PM com.shavi.realtimeeventticketingsystemcli.Main monitorTicketingOperations
WARNING: Warning: Ticket pool is empty!
Nov 20, 2024 11:38:52 PM com.shavi.realtimeeventticketingsystemcli.TicketPool getCurrentSize
INFO: Current ticket pool size: 0
Nov 20, 2024 11:38:52 PM com.shavi.realtimeeventticketingsystemcli.Main monitorTicketingOperations
INFO: Monitoring Ticket Pool: Current Size = 0
Nov 20, 2024 11:38:52 PM com.shavi.realtimeeventticketingsystemcli.Main monitorTicketingOperations
WARNING: Warning: Ticket pool is empty!
Nov 20, 2024 11:38:55 PM com.shavi.realtimeeventticketingsystemcli.TicketPool getCurrentSize
INFO: Current ticket pool size: 0
Nov 20, 2024 11:38:55 PM com.shavi.realtimeeventticketingsystemcli.Main monitorTicketingOperations
INFO: Monitoring Ticket Pool: Current Size = 0
Nov 20, 2024 11:38:55 PM com.shavi.realtimeeventticketingsystemcli.Main monitorTicketingOperations
WARNING: Warning: Ticket pool is empty!
Nov 20, 2024 11:38:57 PM com.shavi.realtimeeventticketingsystemcli.TicketPool getCurrentSize
INFO: Current ticket pool size: 0
Nov 20, 2024 11:38:57 PM com.shavi.realtimeeventticketingsystemcli.Main monitorTicketingOperations
INFO: Monitoring Ticket Pool: Current Size = 0
Nov 20, 2024 11:38:57 PM com.shavi.realtimeeventticketingsystemcli.Main monitorTicketingOperations
WARNING: Warning: Ticket pool is empty!
Nov 20, 2024 11:39:00 PM com.shavi.realtimeeventticketingsystemcli.TicketPool getCurrentSize
INFO: Current ticket pool size: 0
Nov 20, 2024 11:39:00 PM com.shavi.realtimeeventticketingsystemcli.Main monitorTicketingOperations
INFO: Monitoring Ticket Pool: Current Size = 0
Nov 20, 2024 11:39:00 PM com.shavi.realtimeeventticketingsystemcli.Main monitorTicketingOperations
WARNING: Warning: Ticket pool is empty!
Nov 20, 2024 11:39:01 PM com.shavi.realtimeeventticketingsystemcli.TicketPool retrieveTicket
SEVERE: Customer was interrupted while waiting for tickets.
Nov 20, 2024 11:39:01 PM com.shavi.realtimeeventticketingsystemcli.TicketPool retrieveTicket
SEVERE: Customer was interrupted while waiting for tickets.
Nov 20, 2024 11:39:01 PM com.shavi.realtimeeventticketingsystemcli.TicketPool retrieveTicket
SEVERE: Customer was interrupted while waiting for tickets.
Nov 20, 2024 11:39:01 PM com.shavi.realtimeeventticketingsystemcli.TicketPool retrieveTicket
SEVERE: Customer was interrupted while waiting for tickets.
Nov 20, 2024 11:39:01 PM com.shavi.realtimeeventticketingsystemcli.Customer run
INFO: Customer 3 found no tickets available.
Nov 20, 2024 11:39:01 PM com.shavi.realtimeeventticketingsystemcli.Customer run
INFO: Customer 5 found no tickets available.
Nov 20, 2024 11:39:01 PM com.shavi.realtimeeventticketingsystemcli.Customer run
WARNING: Customer 5 was interrupted.
Nov 20, 2024 11:39:01 PM com.shavi.realtimeeventticketingsystemcli.Customer run
INFO: Customer 1 found no tickets available.
Nov 20, 2024 11:39:01 PM com.shavi.realtimeeventticketingsystemcli.Customer run
WARNING: Customer 1 was interrupted.
Nov 20, 2024 11:39:01 PM com.shavi.realtimeeventticketingsystemcli.Customer run
INFO: Customer 1 has finished all attempts.
Nov 20, 2024 11:39:01 PM com.shavi.realtimeeventticketingsystemcli.Customer run
INFO: Customer 4 found no tickets available.
Nov 20, 2024 11:39:01 PM com.shavi.realtimeeventticketingsystemcli.TicketPool retrieveTicket
SEVERE: Customer was interrupted while waiting for tickets.
Nov 20, 2024 11:39:01 PM com.shavi.realtimeeventticketingsystemcli.Customer run
INFO: Customer 2 found no tickets available.
Nov 20, 2024 11:39:01 PM com.shavi.realtimeeventticketingsystemcli.Customer run
WARNING: Customer 3 was interrupted.
Nov 20, 2024 11:39:01 PM com.shavi.realtimeeventticketingsystemcli.Customer run
INFO: Customer 3 has finished all attempts.
Nov 20, 2024 11:39:01 PM com.shavi.realtimeeventticketingsystemcli.Customer run
INFO: Customer 5 has finished all attempts.
Nov 20, 2024 11:39:01 PM com.shavi.realtimeeventticketingsystemcli.Customer run
WARNING: Customer 4 was interrupted.
Nov 20, 2024 11:39:01 PM com.shavi.realtimeeventticketingsystemcli.Customer run
WARNING: Customer 2 was interrupted.
Nov 20, 2024 11:39:01 PM com.shavi.realtimeeventticketingsystemcli.Customer run
INFO: Customer 2 has finished all attempts.
Nov 20, 2024 11:39:01 PM com.shavi.realtimeeventticketingsystemcli.Customer run
INFO: Customer 4 has finished all attempts.
Nov 20, 2024 11:39:02 PM com.shavi.realtimeeventticketingsystemcli.TicketPool getCurrentSize
INFO: Current ticket pool size: 0
Nov 20, 2024 11:39:02 PM com.shavi.realtimeeventticketingsystemcli.Main monitorTicketingOperations
INFO: Monitoring Ticket Pool: Current Size = 0
Nov 20, 2024 11:39:02 PM com.shavi.realtimeeventticketingsystemcli.Main monitorTicketingOperations
WARNING: Warning: Ticket pool is empty!
Nov 20, 2024 11:39:05 PM com.shavi.realtimeeventticketingsystemcli.TicketPool getCurrentSize
INFO: Current ticket pool size: 0
Nov 20, 2024 11:39:05 PM com.shavi.realtimeeventticketingsystemcli.Main monitorTicketingOperations
INFO: Monitoring Ticket Pool: Current Size = 0
Nov 20, 2024 11:39:05 PM com.shavi.realtimeeventticketingsystemcli.Main monitorTicketingOperations
WARNING: Warning: Ticket pool is empty!
Nov 20, 2024 11:39:07 PM com.shavi.realtimeeventticketingsystemcli.TicketPool getCurrentSize
INFO: Current ticket pool size: 0
Nov 20, 2024 11:39:07 PM com.shavi.realtimeeventticketingsystemcli.Main monitorTicketingOperations
INFO: Monitoring Ticket Pool: Current Size = 0
Nov 20, 2024 11:39:07 PM com.shavi.realtimeeventticketingsystemcli.Main monitorTicketingOperations
WARNING: Warning: Ticket pool is empty!
Nov 20, 2024 11:39:10 PM com.shavi.realtimeeventticketingsystemcli.TicketPool getCurrentSize
INFO: Current ticket pool size: 0
Nov 20, 2024 11:39:10 PM com.shavi.realtimeeventticketingsystemcli.Main monitorTicketingOperations
INFO: Monitoring Ticket Pool: Current Size = 0
Nov 20, 2024 11:39:10 PM com.shavi.realtimeeventticketingsystemcli.Main monitorTicketingOperations
WARNING: Warning: Ticket pool is empty!
Nov 20, 2024 11:39:12 PM com.shavi.realtimeeventticketingsystemcli.TicketPool getCurrentSize
INFO: Current ticket pool size: 0
Nov 20, 2024 11:39:12 PM com.shavi.realtimeeventticketingsystemcli.Main monitorTicketingOperations
INFO: Monitoring Ticket Pool: Current Size = 0
Nov 20, 2024 11:39:12 PM com.shavi.realtimeeventticketingsystemcli.Main monitorTicketingOperations
WARNING: Warning: Ticket pool is empty!
Nov 20, 2024 11:39:14 PM com.shavi.realtimeeventticketingsystemcli.Main main
INFO: Exiting the Ticketing System CLI
