Nov 20, 2024 11:41:49 PM com.shavi.realtimeeventticketingsystemcli.Main main
INFO: Starting the Ticketing System CLI
Nov 20, 2024 11:41:57 PM com.shavi.realtimeeventticketingsystemcli.Main getValidInput
WARNING: Invalid input! Please enter a valid integer.
Nov 20, 2024 11:42:02 PM com.shavi.realtimeeventticketingsystemcli.configurations.SystemConfiguration <init>
INFO: Creating System Configuration with values: SystemConfiguration{totalTickets=10, ticketReleaseRate=2, customerRetrievalRate=1, maxTicketCapacity=20}
Nov 20, 2024 11:42:02 PM com.shavi.realtimeeventticketingsystemcli.Main sendConfigToBackend
INFO: Response Code: 200
Nov 20, 2024 11:42:02 PM com.shavi.realtimeeventticketingsystemcli.Main sendConfigToBackend
INFO: Configuration saved successfully.
Nov 20, 2024 11:42:02 PM com.shavi.realtimeeventticketingsystemcli.TicketPool <init>
INFO: Ticket pool initialized with maxCapacity: 20
Nov 20, 2024 11:42:04 PM com.shavi.realtimeeventticketingsystemcli.TicketPool retrieveTicket
INFO: Customer is waiting for tickets...
Nov 20, 2024 11:42:04 PM com.shavi.realtimeeventticketingsystemcli.TicketPool getCurrentSize
INFO: Current ticket pool size: 0
Nov 20, 2024 11:42:04 PM com.shavi.realtimeeventticketingsystemcli.TicketPool retrieveTicket
INFO: Customer is waiting for tickets...
Nov 20, 2024 11:42:04 PM com.shavi.realtimeeventticketingsystemcli.Main monitorTicketingOperations
INFO: Monitoring Ticket Pool: Current Size = 0
Nov 20, 2024 11:42:04 PM com.shavi.realtimeeventticketingsystemcli.Ticket <init>
INFO: Ticket created: Ticket{id=3, vendorId=2}
Nov 20, 2024 11:42:04 PM com.shavi.realtimeeventticketingsystemcli.TicketPool retrieveTicket
INFO: Customer is waiting for tickets...
Nov 20, 2024 11:42:04 PM com.shavi.realtimeeventticketingsystemcli.Ticket <init>
INFO: Ticket created: Ticket{id=2, vendorId=3}
Nov 20, 2024 11:42:04 PM com.shavi.realtimeeventticketingsystemcli.Ticket <init>
INFO: Ticket created: Ticket{id=1, vendorId=1}
Nov 20, 2024 11:42:04 PM com.shavi.realtimeeventticketingsystemcli.Main monitorTicketingOperations
WARNING: Warning: Ticket pool is empty!
Nov 20, 2024 11:42:04 PM com.shavi.realtimeeventticketingsystemcli.TicketPool retrieveTicket
INFO: Customer is waiting for tickets...
Nov 20, 2024 11:42:04 PM com.shavi.realtimeeventticketingsystemcli.TicketPool retrieveTicket
INFO: Customer is waiting for tickets...
Nov 20, 2024 11:42:04 PM com.shavi.realtimeeventticketingsystemcli.TicketPool addTicket
INFO: Vendor 1 added ticket ID 1
Nov 20, 2024 11:42:04 PM com.shavi.realtimeeventticketingsystemcli.TicketPool addTicket
INFO: Vendor 3 added ticket ID 2
Nov 20, 2024 11:42:04 PM com.shavi.realtimeeventticketingsystemcli.Vendor run
INFO: Vendor 3 added ticket: 2
Nov 20, 2024 11:42:04 PM com.shavi.realtimeeventticketingsystemcli.Ticket <init>
INFO: Ticket created: Ticket{id=4, vendorId=3}
Nov 20, 2024 11:42:04 PM com.shavi.realtimeeventticketingsystemcli.Vendor run
INFO: Vendor 1 added ticket: 1
Nov 20, 2024 11:42:04 PM com.shavi.realtimeeventticketingsystemcli.Ticket <init>
INFO: Ticket created: Ticket{id=5, vendorId=1}
Nov 20, 2024 11:42:04 PM com.shavi.realtimeeventticketingsystemcli.TicketPool addTicket
INFO: Vendor 2 added ticket ID 3
Nov 20, 2024 11:42:04 PM com.shavi.realtimeeventticketingsystemcli.Vendor run
INFO: Vendor 2 added ticket: 3
Nov 20, 2024 11:42:04 PM com.shavi.realtimeeventticketingsystemcli.Ticket <init>
INFO: Ticket created: Ticket{id=6, vendorId=2}
Nov 20, 2024 11:42:04 PM com.shavi.realtimeeventticketingsystemcli.TicketPool addTicket
INFO: Vendor 1 added ticket ID 5
Nov 20, 2024 11:42:04 PM com.shavi.realtimeeventticketingsystemcli.Vendor run
INFO: Vendor 1 added ticket: 5
Nov 20, 2024 11:42:04 PM com.shavi.realtimeeventticketingsystemcli.TicketPool addTicket
INFO: Vendor 3 added ticket ID 4
Nov 20, 2024 11:42:04 PM com.shavi.realtimeeventticketingsystemcli.Vendor run
INFO: Vendor 3 added ticket: 4
Nov 20, 2024 11:42:04 PM com.shavi.realtimeeventticketingsystemcli.TicketPool retrieveTicket
INFO: Customer retrieved ticket ID 1
Nov 20, 2024 11:42:04 PM com.shavi.realtimeeventticketingsystemcli.Customer run
INFO: Customer 2 successfully purchased ticket ID 1
Nov 20, 2024 11:42:04 PM com.shavi.realtimeeventticketingsystemcli.TicketPool retrieveTicket
INFO: Customer retrieved ticket ID 2
Nov 20, 2024 11:42:04 PM com.shavi.realtimeeventticketingsystemcli.Customer run
INFO: Customer 3 successfully purchased ticket ID 2
Nov 20, 2024 11:42:04 PM com.shavi.realtimeeventticketingsystemcli.TicketPool retrieveTicket
INFO: Customer retrieved ticket ID 3
Nov 20, 2024 11:42:04 PM com.shavi.realtimeeventticketingsystemcli.Customer run
INFO: Customer 5 successfully purchased ticket ID 3
Nov 20, 2024 11:42:04 PM com.shavi.realtimeeventticketingsystemcli.TicketPool retrieveTicket
INFO: Customer retrieved ticket ID 5
Nov 20, 2024 11:42:04 PM com.shavi.realtimeeventticketingsystemcli.Customer run
INFO: Customer 4 successfully purchased ticket ID 5
Nov 20, 2024 11:42:04 PM com.shavi.realtimeeventticketingsystemcli.TicketPool retrieveTicket
INFO: Customer retrieved ticket ID 4
Nov 20, 2024 11:42:04 PM com.shavi.realtimeeventticketingsystemcli.Customer run
INFO: Customer 1 successfully purchased ticket ID 4
Nov 20, 2024 11:42:04 PM com.shavi.realtimeeventticketingsystemcli.TicketPool retrieveTicket
INFO: Customer is waiting for tickets...
Nov 20, 2024 11:42:04 PM com.shavi.realtimeeventticketingsystemcli.TicketPool retrieveTicket
INFO: Customer is waiting for tickets...
Nov 20, 2024 11:42:04 PM com.shavi.realtimeeventticketingsystemcli.TicketPool retrieveTicket
INFO: Customer is waiting for tickets...
Nov 20, 2024 11:42:04 PM com.shavi.realtimeeventticketingsystemcli.TicketPool retrieveTicket
INFO: Customer is waiting for tickets...
Nov 20, 2024 11:42:04 PM com.shavi.realtimeeventticketingsystemcli.TicketPool addTicket
INFO: Vendor 2 added ticket ID 6
Nov 20, 2024 11:42:04 PM com.shavi.realtimeeventticketingsystemcli.Vendor run
INFO: Vendor 2 added ticket: 6
Nov 20, 2024 11:42:04 PM com.shavi.realtimeeventticketingsystemcli.TicketPool retrieveTicket
INFO: Customer retrieved ticket ID 6
Nov 20, 2024 11:42:04 PM com.shavi.realtimeeventticketingsystemcli.Customer run
INFO: Customer 4 successfully purchased ticket ID 6
Nov 20, 2024 11:42:04 PM com.shavi.realtimeeventticketingsystemcli.TicketPool retrieveTicket
INFO: Customer is waiting for tickets...
Nov 20, 2024 11:42:04 PM com.shavi.realtimeeventticketingsystemcli.TicketPool retrieveTicket
INFO: Customer is waiting for tickets...
Nov 20, 2024 11:42:04 PM com.shavi.realtimeeventticketingsystemcli.TicketPool retrieveTicket
INFO: Customer is waiting for tickets...
Nov 20, 2024 11:42:04 PM com.shavi.realtimeeventticketingsystemcli.TicketPool retrieveTicket
INFO: Customer is waiting for tickets...
Nov 20, 2024 11:42:05 PM com.shavi.realtimeeventticketingsystemcli.Ticket <init>
INFO: Ticket created: Ticket{id=7, vendorId=1}
Nov 20, 2024 11:42:05 PM com.shavi.realtimeeventticketingsystemcli.Ticket <init>
INFO: Ticket created: Ticket{id=8, vendorId=3}
Nov 20, 2024 11:42:05 PM com.shavi.realtimeeventticketingsystemcli.TicketPool addTicket
INFO: Vendor 1 added ticket ID 7
Nov 20, 2024 11:42:05 PM com.shavi.realtimeeventticketingsystemcli.Vendor run
INFO: Vendor 1 added ticket: 7
Nov 20, 2024 11:42:05 PM com.shavi.realtimeeventticketingsystemcli.Ticket <init>
INFO: Ticket created: Ticket{id=9, vendorId=1}
Nov 20, 2024 11:42:05 PM com.shavi.realtimeeventticketingsystemcli.TicketPool retrieveTicket
INFO: Customer retrieved ticket ID 7
Nov 20, 2024 11:42:05 PM com.shavi.realtimeeventticketingsystemcli.Customer run
INFO: Customer 2 successfully purchased ticket ID 7
Nov 20, 2024 11:42:05 PM com.shavi.realtimeeventticketingsystemcli.TicketPool addTicket
INFO: Vendor 1 added ticket ID 9
Nov 20, 2024 11:42:05 PM com.shavi.realtimeeventticketingsystemcli.Vendor run
INFO: Vendor 1 added ticket: 9
Nov 20, 2024 11:42:05 PM com.shavi.realtimeeventticketingsystemcli.TicketPool retrieveTicket
INFO: Customer retrieved ticket ID 9
Nov 20, 2024 11:42:05 PM com.shavi.realtimeeventticketingsystemcli.Ticket <init>
INFO: Ticket created: Ticket{id=10, vendorId=2}
Nov 20, 2024 11:42:05 PM com.shavi.realtimeeventticketingsystemcli.Customer run
INFO: Customer 1 successfully purchased ticket ID 9
Nov 20, 2024 11:42:05 PM com.shavi.realtimeeventticketingsystemcli.TicketPool retrieveTicket
INFO: Customer is waiting for tickets...
Nov 20, 2024 11:42:05 PM com.shavi.realtimeeventticketingsystemcli.TicketPool retrieveTicket
INFO: Customer is waiting for tickets...
Nov 20, 2024 11:42:05 PM com.shavi.realtimeeventticketingsystemcli.TicketPool addTicket
INFO: Vendor 3 added ticket ID 8
Nov 20, 2024 11:42:05 PM com.shavi.realtimeeventticketingsystemcli.Vendor run
INFO: Vendor 3 added ticket: 8
Nov 20, 2024 11:42:05 PM com.shavi.realtimeeventticketingsystemcli.Ticket <init>
INFO: Ticket created: Ticket{id=11, vendorId=3}
Nov 20, 2024 11:42:05 PM com.shavi.realtimeeventticketingsystemcli.TicketPool retrieveTicket
INFO: Customer retrieved ticket ID 8
Nov 20, 2024 11:42:05 PM com.shavi.realtimeeventticketingsystemcli.Customer run
INFO: Customer 5 successfully purchased ticket ID 8
Nov 20, 2024 11:42:05 PM com.shavi.realtimeeventticketingsystemcli.TicketPool addTicket
INFO: Vendor 3 added ticket ID 11
Nov 20, 2024 11:42:05 PM com.shavi.realtimeeventticketingsystemcli.Vendor run
INFO: Vendor 3 added ticket: 11
Nov 20, 2024 11:42:05 PM com.shavi.realtimeeventticketingsystemcli.TicketPool retrieveTicket
INFO: Customer retrieved ticket ID 11
Nov 20, 2024 11:42:05 PM com.shavi.realtimeeventticketingsystemcli.Customer run
INFO: Customer 3 successfully purchased ticket ID 11
Nov 20, 2024 11:42:05 PM com.shavi.realtimeeventticketingsystemcli.TicketPool addTicket
INFO: Vendor 2 added ticket ID 10
Nov 20, 2024 11:42:05 PM com.shavi.realtimeeventticketingsystemcli.Vendor run
INFO: Vendor 2 added ticket: 10
Nov 20, 2024 11:42:05 PM com.shavi.realtimeeventticketingsystemcli.Ticket <init>
INFO: Ticket created: Ticket{id=12, vendorId=2}
Nov 20, 2024 11:42:05 PM com.shavi.realtimeeventticketingsystemcli.TicketPool addTicket
INFO: Vendor 2 added ticket ID 12
Nov 20, 2024 11:42:05 PM com.shavi.realtimeeventticketingsystemcli.Vendor run
INFO: Vendor 2 added ticket: 12
Nov 20, 2024 11:42:06 PM com.shavi.realtimeeventticketingsystemcli.TicketPool retrieveTicket
INFO: Customer retrieved ticket ID 10
Nov 20, 2024 11:42:06 PM com.shavi.realtimeeventticketingsystemcli.Customer run
INFO: Customer 4 successfully purchased ticket ID 10
Nov 20, 2024 11:42:06 PM com.shavi.realtimeeventticketingsystemcli.TicketPool retrieveTicket
INFO: Customer retrieved ticket ID 12
Nov 20, 2024 11:42:06 PM com.shavi.realtimeeventticketingsystemcli.Customer run
INFO: Customer 4 successfully purchased ticket ID 12
Nov 20, 2024 11:42:07 PM com.shavi.realtimeeventticketingsystemcli.Ticket <init>
INFO: Ticket created: Ticket{id=13, vendorId=1}
Nov 20, 2024 11:42:07 PM com.shavi.realtimeeventticketingsystemcli.Ticket <init>
INFO: Ticket created: Ticket{id=15, vendorId=3}
Nov 20, 2024 11:42:07 PM com.shavi.realtimeeventticketingsystemcli.Ticket <init>
INFO: Ticket created: Ticket{id=14, vendorId=2}
Nov 20, 2024 11:42:07 PM com.shavi.realtimeeventticketingsystemcli.TicketPool addTicket
INFO: Vendor 1 added ticket ID 13
Nov 20, 2024 11:42:07 PM com.shavi.realtimeeventticketingsystemcli.Vendor run
INFO: Vendor 1 added ticket: 13
Nov 20, 2024 11:42:07 PM com.shavi.realtimeeventticketingsystemcli.TicketPool addTicket
INFO: Vendor 2 added ticket ID 14
Nov 20, 2024 11:42:07 PM com.shavi.realtimeeventticketingsystemcli.Vendor run
INFO: Vendor 2 added ticket: 14
Nov 20, 2024 11:42:07 PM com.shavi.realtimeeventticketingsystemcli.Ticket <init>
INFO: Ticket created: Ticket{id=17, vendorId=2}
Nov 20, 2024 11:42:07 PM com.shavi.realtimeeventticketingsystemcli.Ticket <init>
INFO: Ticket created: Ticket{id=16, vendorId=1}
Nov 20, 2024 11:42:07 PM com.shavi.realtimeeventticketingsystemcli.TicketPool addTicket
INFO: Vendor 3 added ticket ID 15
Nov 20, 2024 11:42:07 PM com.shavi.realtimeeventticketingsystemcli.Vendor run
INFO: Vendor 3 added ticket: 15
Nov 20, 2024 11:42:07 PM com.shavi.realtimeeventticketingsystemcli.Ticket <init>
INFO: Ticket created: Ticket{id=18, vendorId=3}
Nov 20, 2024 11:42:07 PM com.shavi.realtimeeventticketingsystemcli.TicketPool addTicket
INFO: Vendor 1 added ticket ID 16
Nov 20, 2024 11:42:07 PM com.shavi.realtimeeventticketingsystemcli.Vendor run
INFO: Vendor 1 added ticket: 16
Nov 20, 2024 11:42:07 PM com.shavi.realtimeeventticketingsystemcli.TicketPool addTicket
INFO: Vendor 2 added ticket ID 17
Nov 20, 2024 11:42:07 PM com.shavi.realtimeeventticketingsystemcli.Vendor run
INFO: Vendor 2 added ticket: 17
Nov 20, 2024 11:42:07 PM com.shavi.realtimeeventticketingsystemcli.TicketPool addTicket
INFO: Vendor 3 added ticket ID 18
Nov 20, 2024 11:42:07 PM com.shavi.realtimeeventticketingsystemcli.Vendor run
INFO: Vendor 3 added ticket: 18
Nov 20, 2024 11:42:07 PM com.shavi.realtimeeventticketingsystemcli.TicketPool retrieveTicket
INFO: Customer retrieved ticket ID 13
Nov 20, 2024 11:42:07 PM com.shavi.realtimeeventticketingsystemcli.Customer run
INFO: Customer 2 successfully purchased ticket ID 13
Nov 20, 2024 11:42:07 PM com.shavi.realtimeeventticketingsystemcli.TicketPool retrieveTicket
INFO: Customer retrieved ticket ID 14
Nov 20, 2024 11:42:07 PM com.shavi.realtimeeventticketingsystemcli.Customer run
INFO: Customer 1 successfully purchased ticket ID 14
Nov 20, 2024 11:42:07 PM com.shavi.realtimeeventticketingsystemcli.TicketPool retrieveTicket
INFO: Customer retrieved ticket ID 15
Nov 20, 2024 11:42:07 PM com.shavi.realtimeeventticketingsystemcli.Customer run
INFO: Customer 2 successfully purchased ticket ID 15
Nov 20, 2024 11:42:07 PM com.shavi.realtimeeventticketingsystemcli.TicketPool retrieveTicket
INFO: Customer retrieved ticket ID 16
Nov 20, 2024 11:42:07 PM com.shavi.realtimeeventticketingsystemcli.Customer run
INFO: Customer 5 successfully purchased ticket ID 16
Nov 20, 2024 11:42:07 PM com.shavi.realtimeeventticketingsystemcli.TicketPool retrieveTicket
INFO: Customer retrieved ticket ID 17
Nov 20, 2024 11:42:07 PM com.shavi.realtimeeventticketingsystemcli.Customer run
INFO: Customer 3 successfully purchased ticket ID 17
Nov 20, 2024 11:42:07 PM com.shavi.realtimeeventticketingsystemcli.TicketPool retrieveTicket
INFO: Customer retrieved ticket ID 18
Nov 20, 2024 11:42:07 PM com.shavi.realtimeeventticketingsystemcli.Customer run
INFO: Customer 1 successfully purchased ticket ID 18
Nov 20, 2024 11:42:07 PM com.shavi.realtimeeventticketingsystemcli.TicketPool retrieveTicket
INFO: Customer is waiting for tickets...
Nov 20, 2024 11:42:07 PM com.shavi.realtimeeventticketingsystemcli.TicketPool retrieveTicket
INFO: Customer is waiting for tickets...
Nov 20, 2024 11:42:08 PM com.shavi.realtimeeventticketingsystemcli.Ticket <init>
INFO: Ticket created: Ticket{id=19, vendorId=1}
Nov 20, 2024 11:42:08 PM com.shavi.realtimeeventticketingsystemcli.TicketPool addTicket
INFO: Vendor 1 added ticket ID 19
Nov 20, 2024 11:42:08 PM com.shavi.realtimeeventticketingsystemcli.Vendor run
INFO: Vendor 1 added ticket: 19
Nov 20, 2024 11:42:08 PM com.shavi.realtimeeventticketingsystemcli.Ticket <init>
INFO: Ticket created: Ticket{id=20, vendorId=2}
Nov 20, 2024 11:42:08 PM com.shavi.realtimeeventticketingsystemcli.Ticket <init>
INFO: Ticket created: Ticket{id=22, vendorId=1}
Nov 20, 2024 11:42:08 PM com.shavi.realtimeeventticketingsystemcli.Ticket <init>
INFO: Ticket created: Ticket{id=21, vendorId=3}
Nov 20, 2024 11:42:08 PM com.shavi.realtimeeventticketingsystemcli.TicketPool retrieveTicket
INFO: Customer retrieved ticket ID 19
Nov 20, 2024 11:42:08 PM com.shavi.realtimeeventticketingsystemcli.Customer run
INFO: Customer 3 successfully purchased ticket ID 19
Nov 20, 2024 11:42:08 PM com.shavi.realtimeeventticketingsystemcli.TicketPool addTicket
INFO: Vendor 3 added ticket ID 21
Nov 20, 2024 11:42:08 PM com.shavi.realtimeeventticketingsystemcli.Vendor run
INFO: Vendor 3 added ticket: 21
Nov 20, 2024 11:42:08 PM com.shavi.realtimeeventticketingsystemcli.Ticket <init>
INFO: Ticket created: Ticket{id=23, vendorId=3}
Nov 20, 2024 11:42:08 PM com.shavi.realtimeeventticketingsystemcli.TicketPool addTicket
INFO: Vendor 1 added ticket ID 22
Nov 20, 2024 11:42:08 PM com.shavi.realtimeeventticketingsystemcli.Vendor run
INFO: Vendor 1 added ticket: 22
Nov 20, 2024 11:42:08 PM com.shavi.realtimeeventticketingsystemcli.TicketPool addTicket
INFO: Vendor 2 added ticket ID 20
Nov 20, 2024 11:42:08 PM com.shavi.realtimeeventticketingsystemcli.Vendor run
INFO: Vendor 2 added ticket: 20
Nov 20, 2024 11:42:08 PM com.shavi.realtimeeventticketingsystemcli.TicketPool retrieveTicket
INFO: Customer retrieved ticket ID 21
Nov 20, 2024 11:42:08 PM com.shavi.realtimeeventticketingsystemcli.Ticket <init>
INFO: Ticket created: Ticket{id=24, vendorId=2}
Nov 20, 2024 11:42:08 PM com.shavi.realtimeeventticketingsystemcli.Customer run
INFO: Customer 5 successfully purchased ticket ID 21
Nov 20, 2024 11:42:08 PM com.shavi.realtimeeventticketingsystemcli.TicketPool addTicket
INFO: Vendor 3 added ticket ID 23
Nov 20, 2024 11:42:08 PM com.shavi.realtimeeventticketingsystemcli.Vendor run
INFO: Vendor 3 added ticket: 23
Nov 20, 2024 11:42:08 PM com.shavi.realtimeeventticketingsystemcli.TicketPool addTicket
INFO: Vendor 2 added ticket ID 24
Nov 20, 2024 11:42:08 PM com.shavi.realtimeeventticketingsystemcli.Vendor run
INFO: Vendor 2 added ticket: 24
Nov 20, 2024 11:42:08 PM com.shavi.realtimeeventticketingsystemcli.TicketPool retrieveTicket
INFO: Customer retrieved ticket ID 22
Nov 20, 2024 11:42:08 PM com.shavi.realtimeeventticketingsystemcli.Customer run
INFO: Customer 4 successfully purchased ticket ID 22
Nov 20, 2024 11:42:08 PM com.shavi.realtimeeventticketingsystemcli.TicketPool retrieveTicket
INFO: Customer retrieved ticket ID 20
Nov 20, 2024 11:42:08 PM com.shavi.realtimeeventticketingsystemcli.Customer run
INFO: Customer 4 successfully purchased ticket ID 20
Nov 20, 2024 11:42:09 PM com.shavi.realtimeeventticketingsystemcli.Ticket <init>
INFO: Ticket created: Ticket{id=26, vendorId=3}
Nov 20, 2024 11:42:09 PM com.shavi.realtimeeventticketingsystemcli.Ticket <init>
INFO: Ticket created: Ticket{id=25, vendorId=2}
Nov 20, 2024 11:42:09 PM com.shavi.realtimeeventticketingsystemcli.Ticket <init>
INFO: Ticket created: Ticket{id=27, vendorId=1}
Nov 20, 2024 11:42:09 PM com.shavi.realtimeeventticketingsystemcli.TicketPool addTicket
INFO: Vendor 3 added ticket ID 26
Nov 20, 2024 11:42:09 PM com.shavi.realtimeeventticketingsystemcli.Vendor run
INFO: Vendor 3 added ticket: 26
Nov 20, 2024 11:42:09 PM com.shavi.realtimeeventticketingsystemcli.TicketPool addTicket
INFO: Vendor 1 added ticket ID 27
Nov 20, 2024 11:42:09 PM com.shavi.realtimeeventticketingsystemcli.Ticket <init>
INFO: Ticket created: Ticket{id=28, vendorId=3}
Nov 20, 2024 11:42:09 PM com.shavi.realtimeeventticketingsystemcli.Vendor run
INFO: Vendor 1 added ticket: 27
Nov 20, 2024 11:42:09 PM com.shavi.realtimeeventticketingsystemcli.Ticket <init>
INFO: Ticket created: Ticket{id=29, vendorId=1}
Nov 20, 2024 11:42:09 PM com.shavi.realtimeeventticketingsystemcli.TicketPool addTicket
INFO: Vendor 2 added ticket ID 25
Nov 20, 2024 11:42:09 PM com.shavi.realtimeeventticketingsystemcli.Vendor run
INFO: Vendor 2 added ticket: 25
Nov 20, 2024 11:42:09 PM com.shavi.realtimeeventticketingsystemcli.Ticket <init>
INFO: Ticket created: Ticket{id=30, vendorId=2}
Nov 20, 2024 11:42:09 PM com.shavi.realtimeeventticketingsystemcli.TicketPool addTicket
INFO: Vendor 1 added ticket ID 29
Nov 20, 2024 11:42:09 PM com.shavi.realtimeeventticketingsystemcli.Vendor run
INFO: Vendor 1 added ticket: 29
Nov 20, 2024 11:42:09 PM com.shavi.realtimeeventticketingsystemcli.TicketPool addTicket
INFO: Vendor 3 added ticket ID 28
Nov 20, 2024 11:42:09 PM com.shavi.realtimeeventticketingsystemcli.Vendor run
INFO: Vendor 3 added ticket: 28
Nov 20, 2024 11:42:09 PM com.shavi.realtimeeventticketingsystemcli.TicketPool addTicket
INFO: Vendor 2 added ticket ID 30
Nov 20, 2024 11:42:09 PM com.shavi.realtimeeventticketingsystemcli.Vendor run
INFO: Vendor 2 added ticket: 30
Nov 20, 2024 11:42:09 PM com.shavi.realtimeeventticketingsystemcli.TicketPool getCurrentSize
INFO: Current ticket pool size: 8
Nov 20, 2024 11:42:09 PM com.shavi.realtimeeventticketingsystemcli.Main monitorTicketingOperations
INFO: Monitoring Ticket Pool: Current Size = 8
Nov 20, 2024 11:42:10 PM com.shavi.realtimeeventticketingsystemcli.TicketPool retrieveTicket
INFO: Customer retrieved ticket ID 23
Nov 20, 2024 11:42:10 PM com.shavi.realtimeeventticketingsystemcli.Customer run
INFO: Customer 2 successfully purchased ticket ID 23
Nov 20, 2024 11:42:10 PM com.shavi.realtimeeventticketingsystemcli.TicketPool retrieveTicket
INFO: Customer retrieved ticket ID 24
Nov 20, 2024 11:42:10 PM com.shavi.realtimeeventticketingsystemcli.Customer run
INFO: Customer 1 successfully purchased ticket ID 24
Nov 20, 2024 11:42:10 PM com.shavi.realtimeeventticketingsystemcli.TicketPool retrieveTicket
INFO: Customer retrieved ticket ID 26
Nov 20, 2024 11:42:10 PM com.shavi.realtimeeventticketingsystemcli.Customer run
INFO: Customer 2 successfully purchased ticket ID 26
Nov 20, 2024 11:42:10 PM com.shavi.realtimeeventticketingsystemcli.TicketPool retrieveTicket
INFO: Customer retrieved ticket ID 27
Nov 20, 2024 11:42:10 PM com.shavi.realtimeeventticketingsystemcli.Customer run
INFO: Customer 1 successfully purchased ticket ID 27
Nov 20, 2024 11:42:10 PM com.shavi.realtimeeventticketingsystemcli.TicketPool retrieveTicket
INFO: Customer retrieved ticket ID 25
Nov 20, 2024 11:42:10 PM com.shavi.realtimeeventticketingsystemcli.Customer run
INFO: Customer 5 successfully purchased ticket ID 25
Nov 20, 2024 11:42:10 PM com.shavi.realtimeeventticketingsystemcli.TicketPool retrieveTicket
INFO: Customer retrieved ticket ID 29
Nov 20, 2024 11:42:10 PM com.shavi.realtimeeventticketingsystemcli.Customer run
INFO: Customer 3 successfully purchased ticket ID 29
Nov 20, 2024 11:42:10 PM com.shavi.realtimeeventticketingsystemcli.TicketPool retrieveTicket
INFO: Customer retrieved ticket ID 28
Nov 20, 2024 11:42:10 PM com.shavi.realtimeeventticketingsystemcli.Customer run
INFO: Customer 5 successfully purchased ticket ID 28
Nov 20, 2024 11:42:10 PM com.shavi.realtimeeventticketingsystemcli.TicketPool retrieveTicket
INFO: Customer retrieved ticket ID 30
Nov 20, 2024 11:42:10 PM com.shavi.realtimeeventticketingsystemcli.Customer run
INFO: Customer 3 successfully purchased ticket ID 30
Nov 20, 2024 11:42:11 PM com.shavi.realtimeeventticketingsystemcli.TicketPool retrieveTicket
INFO: Customer is waiting for tickets...
Nov 20, 2024 11:42:12 PM com.shavi.realtimeeventticketingsystemcli.TicketPool retrieveTicket
INFO: Customer is waiting for tickets...
Nov 20, 2024 11:42:12 PM com.shavi.realtimeeventticketingsystemcli.TicketPool retrieveTicket
INFO: Customer is waiting for tickets...
Nov 20, 2024 11:42:12 PM com.shavi.realtimeeventticketingsystemcli.TicketPool retrieveTicket
INFO: Customer is waiting for tickets...
Nov 20, 2024 11:42:12 PM com.shavi.realtimeeventticketingsystemcli.TicketPool retrieveTicket
INFO: Customer is waiting for tickets...
Nov 20, 2024 11:42:14 PM com.shavi.realtimeeventticketingsystemcli.TicketPool getCurrentSize
INFO: Current ticket pool size: 0
Nov 20, 2024 11:42:14 PM com.shavi.realtimeeventticketingsystemcli.Main monitorTicketingOperations
INFO: Monitoring Ticket Pool: Current Size = 0
Nov 20, 2024 11:42:14 PM com.shavi.realtimeeventticketingsystemcli.Main monitorTicketingOperations
WARNING: Warning: Ticket pool is empty!
Nov 20, 2024 11:42:19 PM com.shavi.realtimeeventticketingsystemcli.TicketPool getCurrentSize
INFO: Current ticket pool size: 0
Nov 20, 2024 11:42:19 PM com.shavi.realtimeeventticketingsystemcli.Main monitorTicketingOperations
INFO: Monitoring Ticket Pool: Current Size = 0
Nov 20, 2024 11:42:19 PM com.shavi.realtimeeventticketingsystemcli.Main monitorTicketingOperations
WARNING: Warning: Ticket pool is empty!
Nov 20, 2024 11:42:24 PM com.shavi.realtimeeventticketingsystemcli.TicketPool getCurrentSize
INFO: Current ticket pool size: 0
Nov 20, 2024 11:42:24 PM com.shavi.realtimeeventticketingsystemcli.Main monitorTicketingOperations
INFO: Monitoring Ticket Pool: Current Size = 0
Nov 20, 2024 11:42:24 PM com.shavi.realtimeeventticketingsystemcli.Main monitorTicketingOperations
WARNING: Warning: Ticket pool is empty!
Nov 20, 2024 11:42:29 PM com.shavi.realtimeeventticketingsystemcli.TicketPool getCurrentSize
INFO: Current ticket pool size: 0
Nov 20, 2024 11:42:29 PM com.shavi.realtimeeventticketingsystemcli.Main monitorTicketingOperations
INFO: Monitoring Ticket Pool: Current Size = 0
Nov 20, 2024 11:42:29 PM com.shavi.realtimeeventticketingsystemcli.Main monitorTicketingOperations
WARNING: Warning: Ticket pool is empty!
Nov 20, 2024 11:42:35 PM com.shavi.realtimeeventticketingsystemcli.TicketPool getCurrentSize
INFO: Current ticket pool size: 0
Nov 20, 2024 11:42:35 PM com.shavi.realtimeeventticketingsystemcli.Main monitorTicketingOperations
INFO: Monitoring Ticket Pool: Current Size = 0
Nov 20, 2024 11:42:35 PM com.shavi.realtimeeventticketingsystemcli.Main monitorTicketingOperations
WARNING: Warning: Ticket pool is empty!
