Nov 03, 2024 9:21:05 PM com.shavi.realtimeeventticketingsystemcli.Ticket <init>
INFO: Ticket created: Ticket{id=3, vendorId=1}
Nov 03, 2024 9:21:05 PM com.shavi.realtimeeventticketingsystemcli.Ticket <init>
INFO: Ticket created: Ticket{id=2, vendorId=3}
Nov 03, 2024 9:21:05 PM com.shavi.realtimeeventticketingsystemcli.Ticket <init>
INFO: Ticket created: Ticket{id=1, vendorId=2}
Nov 03, 2024 9:21:05 PM com.shavi.realtimeeventticketingsystemcli.Vendor run
INFO: Vendor 1 added ticket: 3
Nov 03, 2024 9:21:05 PM com.shavi.realtimeeventticketingsystemcli.Vendor run
INFO: Vendor 3 added ticket: 2
Nov 03, 2024 9:21:05 PM com.shavi.realtimeeventticketingsystemcli.Ticket <init>
INFO: Ticket created: Ticket{id=5, vendorId=3}
Nov 03, 2024 9:21:05 PM com.shavi.realtimeeventticketingsystemcli.Customer run
INFO: Customer 1 successfully purchased ticket 3
Nov 03, 2024 9:21:05 PM com.shavi.realtimeeventticketingsystemcli.Customer run
INFO: Customer 5 successfully purchased ticket 2
Nov 03, 2024 9:21:05 PM com.shavi.realtimeeventticketingsystemcli.Vendor run
INFO: Vendor 2 added ticket: 1
Nov 03, 2024 9:21:05 PM com.shavi.realtimeeventticketingsystemcli.Ticket <init>
INFO: Ticket created: Ticket{id=6, vendorId=2}
Nov 03, 2024 9:21:05 PM com.shavi.realtimeeventticketingsystemcli.Vendor run
INFO: Vendor 2 added ticket: 6
Nov 03, 2024 9:21:05 PM com.shavi.realtimeeventticketingsystemcli.Ticket <init>
INFO: Ticket created: Ticket{id=7, vendorId=2}
Nov 03, 2024 9:21:05 PM com.shavi.realtimeeventticketingsystemcli.Vendor run
INFO: Vendor 2 added ticket: 7
Nov 03, 2024 9:21:05 PM com.shavi.realtimeeventticketingsystemcli.Customer run
INFO: Customer 3 successfully purchased ticket 1
Nov 03, 2024 9:21:05 PM com.shavi.realtimeeventticketingsystemcli.Ticket <init>
INFO: Ticket created: Ticket{id=4, vendorId=1}
Nov 03, 2024 9:21:05 PM com.shavi.realtimeeventticketingsystemcli.Vendor run
INFO: Vendor 3 added ticket: 5
Nov 03, 2024 9:21:05 PM com.shavi.realtimeeventticketingsystemcli.Ticket <init>
INFO: Ticket created: Ticket{id=8, vendorId=3}
Nov 03, 2024 9:21:05 PM com.shavi.realtimeeventticketingsystemcli.Vendor run
INFO: Vendor 3 added ticket: 8
Nov 03, 2024 9:21:05 PM com.shavi.realtimeeventticketingsystemcli.Customer run
INFO: Customer 2 successfully purchased ticket 5
Nov 03, 2024 9:21:05 PM com.shavi.realtimeeventticketingsystemcli.Customer run
INFO: Customer 4 successfully purchased ticket 6
Nov 03, 2024 9:21:05 PM com.shavi.realtimeeventticketingsystemcli.Customer run
INFO: Customer 5 successfully purchased ticket 7
Nov 03, 2024 9:21:05 PM com.shavi.realtimeeventticketingsystemcli.Vendor run
INFO: Vendor 1 added ticket: 4
Nov 03, 2024 9:21:05 PM com.shavi.realtimeeventticketingsystemcli.Ticket <init>
INFO: Ticket created: Ticket{id=9, vendorId=1}
Nov 03, 2024 9:21:05 PM com.shavi.realtimeeventticketingsystemcli.Vendor run
INFO: Vendor 1 added ticket: 9
Nov 03, 2024 9:21:05 PM com.shavi.realtimeeventticketingsystemcli.Customer run
INFO: Customer 1 successfully purchased ticket 4
Nov 03, 2024 9:21:05 PM com.shavi.realtimeeventticketingsystemcli.Customer run
INFO: Customer 3 successfully purchased ticket 8
Nov 03, 2024 9:21:05 PM com.shavi.realtimeeventticketingsystemcli.Customer run
INFO: Customer 2 successfully purchased ticket 9
Nov 03, 2024 9:21:07 PM com.shavi.realtimeeventticketingsystemcli.Ticket <init>
INFO: Ticket created: Ticket{id=11, vendorId=3}
Nov 03, 2024 9:21:07 PM com.shavi.realtimeeventticketingsystemcli.Vendor run
INFO: Vendor 3 added ticket: 11
Nov 03, 2024 9:21:07 PM com.shavi.realtimeeventticketingsystemcli.Ticket <init>
INFO: Ticket created: Ticket{id=10, vendorId=2}
Nov 03, 2024 9:21:07 PM com.shavi.realtimeeventticketingsystemcli.Customer run
INFO: Customer 4 successfully purchased ticket 11
Nov 03, 2024 9:21:07 PM com.shavi.realtimeeventticketingsystemcli.Ticket <init>
INFO: Ticket created: Ticket{id=12, vendorId=3}
Nov 03, 2024 9:21:07 PM com.shavi.realtimeeventticketingsystemcli.Vendor run
INFO: Vendor 3 added ticket: 12
Nov 03, 2024 9:21:07 PM com.shavi.realtimeeventticketingsystemcli.Ticket <init>
INFO: Ticket created: Ticket{id=13, vendorId=3}
Nov 03, 2024 9:21:07 PM com.shavi.realtimeeventticketingsystemcli.Vendor run
INFO: Vendor 3 added ticket: 13
Nov 03, 2024 9:21:07 PM com.shavi.realtimeeventticketingsystemcli.Vendor run
INFO: Vendor 2 added ticket: 10
Nov 03, 2024 9:21:07 PM com.shavi.realtimeeventticketingsystemcli.Ticket <init>
INFO: Ticket created: Ticket{id=14, vendorId=2}
Nov 03, 2024 9:21:07 PM com.shavi.realtimeeventticketingsystemcli.Vendor run
INFO: Vendor 2 added ticket: 14
Nov 03, 2024 9:21:07 PM com.shavi.realtimeeventticketingsystemcli.Customer run
INFO: Customer 1 successfully purchased ticket 10
Nov 03, 2024 9:21:07 PM com.shavi.realtimeeventticketingsystemcli.Customer run
INFO: Customer 2 successfully purchased ticket 12
Nov 03, 2024 9:21:07 PM com.shavi.realtimeeventticketingsystemcli.Customer run
INFO: Customer 3 successfully purchased ticket 13
Nov 03, 2024 9:21:07 PM com.shavi.realtimeeventticketingsystemcli.Ticket <init>
INFO: Ticket created: Ticket{id=15, vendorId=2}
Nov 03, 2024 9:21:07 PM com.shavi.realtimeeventticketingsystemcli.Vendor run
INFO: Vendor 2 added ticket: 15
Nov 03, 2024 9:21:07 PM com.shavi.realtimeeventticketingsystemcli.Customer run
INFO: Customer 5 successfully purchased ticket 14
Nov 03, 2024 9:21:07 PM com.shavi.realtimeeventticketingsystemcli.Customer run
INFO: Customer 1 successfully purchased ticket 15
Nov 03, 2024 9:21:07 PM com.shavi.realtimeeventticketingsystemcli.Ticket <init>
INFO: Ticket created: Ticket{id=16, vendorId=1}
Nov 03, 2024 9:21:07 PM com.shavi.realtimeeventticketingsystemcli.Vendor run
INFO: Vendor 1 added ticket: 16
Nov 03, 2024 9:21:07 PM com.shavi.realtimeeventticketingsystemcli.Ticket <init>
INFO: Ticket created: Ticket{id=17, vendorId=1}
Nov 03, 2024 9:21:07 PM com.shavi.realtimeeventticketingsystemcli.Customer run
INFO: Customer 3 successfully purchased ticket 16
Nov 03, 2024 9:21:07 PM com.shavi.realtimeeventticketingsystemcli.Vendor run
INFO: Vendor 1 added ticket: 17
Nov 03, 2024 9:21:07 PM com.shavi.realtimeeventticketingsystemcli.Ticket <init>
INFO: Ticket created: Ticket{id=18, vendorId=1}
Nov 03, 2024 9:21:07 PM com.shavi.realtimeeventticketingsystemcli.Vendor run
INFO: Vendor 1 added ticket: 18
Nov 03, 2024 9:21:07 PM com.shavi.realtimeeventticketingsystemcli.Customer run
INFO: Customer 5 successfully purchased ticket 17
Nov 03, 2024 9:21:07 PM com.shavi.realtimeeventticketingsystemcli.Customer run
INFO: Customer 2 successfully purchased ticket 18
Nov 03, 2024 9:21:09 PM com.shavi.realtimeeventticketingsystemcli.Ticket <init>
INFO: Ticket created: Ticket{id=19, vendorId=3}
Nov 03, 2024 9:21:09 PM com.shavi.realtimeeventticketingsystemcli.Ticket <init>
INFO: Ticket created: Ticket{id=20, vendorId=2}
Nov 03, 2024 9:21:09 PM com.shavi.realtimeeventticketingsystemcli.Vendor run
INFO: Vendor 3 added ticket: 19
Nov 03, 2024 9:21:09 PM com.shavi.realtimeeventticketingsystemcli.Ticket <init>
INFO: Ticket created: Ticket{id=21, vendorId=3}
Nov 03, 2024 9:21:09 PM com.shavi.realtimeeventticketingsystemcli.Customer run
INFO: Customer 1 successfully purchased ticket 19
Nov 03, 2024 9:21:09 PM com.shavi.realtimeeventticketingsystemcli.Vendor run
INFO: Vendor 2 added ticket: 20
Nov 03, 2024 9:21:09 PM com.shavi.realtimeeventticketingsystemcli.Ticket <init>
INFO: Ticket created: Ticket{id=22, vendorId=2}
Nov 03, 2024 9:21:09 PM com.shavi.realtimeeventticketingsystemcli.Vendor run
INFO: Vendor 2 added ticket: 22
Nov 03, 2024 9:21:09 PM com.shavi.realtimeeventticketingsystemcli.Customer run
INFO: Customer 5 successfully purchased ticket 20
Nov 03, 2024 9:21:09 PM com.shavi.realtimeeventticketingsystemcli.Vendor run
INFO: Vendor 3 added ticket: 21
Nov 03, 2024 9:21:09 PM com.shavi.realtimeeventticketingsystemcli.Ticket <init>
INFO: Ticket created: Ticket{id=24, vendorId=3}
Nov 03, 2024 9:21:09 PM com.shavi.realtimeeventticketingsystemcli.Vendor run
INFO: Vendor 3 added ticket: 24
Nov 03, 2024 9:21:09 PM com.shavi.realtimeeventticketingsystemcli.Customer run
INFO: Customer 2 successfully purchased ticket 21
Nov 03, 2024 9:21:09 PM com.shavi.realtimeeventticketingsystemcli.Ticket <init>
INFO: Ticket created: Ticket{id=23, vendorId=2}
Nov 03, 2024 9:21:09 PM com.shavi.realtimeeventticketingsystemcli.Vendor run
INFO: Vendor 2 added ticket: 23
Nov 03, 2024 9:21:09 PM com.shavi.realtimeeventticketingsystemcli.Customer run
INFO: Customer 3 successfully purchased ticket 22
Nov 03, 2024 9:21:09 PM com.shavi.realtimeeventticketingsystemcli.Customer run
INFO: Customer 1 successfully purchased ticket 24
Nov 03, 2024 9:21:09 PM com.shavi.realtimeeventticketingsystemcli.Customer run
INFO: Customer 5 successfully purchased ticket 23
Nov 03, 2024 9:21:09 PM com.shavi.realtimeeventticketingsystemcli.Ticket <init>
INFO: Ticket created: Ticket{id=25, vendorId=1}
Nov 03, 2024 9:21:09 PM com.shavi.realtimeeventticketingsystemcli.Vendor run
INFO: Vendor 1 added ticket: 25
Nov 03, 2024 9:21:09 PM com.shavi.realtimeeventticketingsystemcli.Ticket <init>
INFO: Ticket created: Ticket{id=26, vendorId=1}
Nov 03, 2024 9:21:09 PM com.shavi.realtimeeventticketingsystemcli.Vendor run
INFO: Vendor 1 added ticket: 26
Nov 03, 2024 9:21:09 PM com.shavi.realtimeeventticketingsystemcli.Customer run
INFO: Customer 2 successfully purchased ticket 25
Nov 03, 2024 9:21:09 PM com.shavi.realtimeeventticketingsystemcli.Customer run
INFO: Customer 3 successfully purchased ticket 26
Nov 03, 2024 9:21:09 PM com.shavi.realtimeeventticketingsystemcli.Ticket <init>
INFO: Ticket created: Ticket{id=27, vendorId=1}
Nov 03, 2024 9:21:09 PM com.shavi.realtimeeventticketingsystemcli.Vendor run
INFO: Vendor 1 added ticket: 27
Nov 03, 2024 9:21:09 PM com.shavi.realtimeeventticketingsystemcli.Customer run
INFO: Customer 4 successfully purchased ticket 27
Nov 03, 2024 9:21:11 PM com.shavi.realtimeeventticketingsystemcli.Ticket <init>
INFO: Ticket created: Ticket{id=29, vendorId=3}
Nov 03, 2024 9:21:11 PM com.shavi.realtimeeventticketingsystemcli.Ticket <init>
INFO: Ticket created: Ticket{id=28, vendorId=2}
Nov 03, 2024 9:21:11 PM com.shavi.realtimeeventticketingsystemcli.Vendor run
INFO: Vendor 3 added ticket: 29
Nov 03, 2024 9:21:11 PM com.shavi.realtimeeventticketingsystemcli.Customer run
INFO: Customer 4 successfully purchased ticket 29
Nov 03, 2024 9:21:11 PM com.shavi.realtimeeventticketingsystemcli.Ticket <init>
INFO: Ticket created: Ticket{id=30, vendorId=3}
Nov 03, 2024 9:21:11 PM com.shavi.realtimeeventticketingsystemcli.Vendor run
INFO: Vendor 2 added ticket: 28
Nov 03, 2024 9:21:11 PM com.shavi.realtimeeventticketingsystemcli.Customer run
INFO: Customer 3 successfully purchased ticket 28
Nov 03, 2024 9:21:11 PM com.shavi.realtimeeventticketingsystemcli.Vendor run
INFO: Vendor 3 added ticket: 30
Nov 03, 2024 9:21:11 PM com.shavi.realtimeeventticketingsystemcli.Customer run
INFO: Customer 5 successfully purchased ticket 30
Nov 03, 2024 9:21:11 PM com.shavi.realtimeeventticketingsystemcli.Ticket <init>
INFO: Ticket created: Ticket{id=31, vendorId=2}
Nov 03, 2024 9:21:11 PM com.shavi.realtimeeventticketingsystemcli.Vendor run
INFO: Vendor 2 added ticket: 31
Nov 03, 2024 9:21:11 PM com.shavi.realtimeeventticketingsystemcli.Ticket <init>
INFO: Ticket created: Ticket{id=32, vendorId=3}
Nov 03, 2024 9:21:11 PM com.shavi.realtimeeventticketingsystemcli.Vendor run
INFO: Vendor 3 added ticket: 32
Nov 03, 2024 9:21:11 PM com.shavi.realtimeeventticketingsystemcli.Customer run
INFO: Customer 1 successfully purchased ticket 31
Nov 03, 2024 9:21:11 PM com.shavi.realtimeeventticketingsystemcli.Ticket <init>
INFO: Ticket created: Ticket{id=33, vendorId=2}
Nov 03, 2024 9:21:11 PM com.shavi.realtimeeventticketingsystemcli.Customer run
INFO: Customer 5 successfully purchased ticket 32
Nov 03, 2024 9:21:11 PM com.shavi.realtimeeventticketingsystemcli.Vendor run
INFO: Vendor 2 added ticket: 33
Nov 03, 2024 9:21:11 PM com.shavi.realtimeeventticketingsystemcli.Customer run
INFO: Customer 2 successfully purchased ticket 33
Nov 03, 2024 9:21:11 PM com.shavi.realtimeeventticketingsystemcli.Ticket <init>
INFO: Ticket created: Ticket{id=34, vendorId=1}
Nov 03, 2024 9:21:11 PM com.shavi.realtimeeventticketingsystemcli.Vendor run
INFO: Vendor 1 added ticket: 34
Nov 03, 2024 9:21:11 PM com.shavi.realtimeeventticketingsystemcli.Ticket <init>
INFO: Ticket created: Ticket{id=35, vendorId=1}
Nov 03, 2024 9:21:11 PM com.shavi.realtimeeventticketingsystemcli.Vendor run
INFO: Vendor 1 added ticket: 35
Nov 03, 2024 9:21:11 PM com.shavi.realtimeeventticketingsystemcli.Customer run
INFO: Customer 2 successfully purchased ticket 35
Nov 03, 2024 9:21:11 PM com.shavi.realtimeeventticketingsystemcli.Customer run
INFO: Customer 1 successfully purchased ticket 34
Nov 03, 2024 9:21:11 PM com.shavi.realtimeeventticketingsystemcli.Ticket <init>
INFO: Ticket created: Ticket{id=36, vendorId=1}
Nov 03, 2024 9:21:11 PM com.shavi.realtimeeventticketingsystemcli.Vendor run
INFO: Vendor 1 added ticket: 36
Nov 03, 2024 9:21:11 PM com.shavi.realtimeeventticketingsystemcli.Customer run
INFO: Customer 3 successfully purchased ticket 36
Nov 03, 2024 9:21:13 PM com.shavi.realtimeeventticketingsystemcli.Ticket <init>
INFO: Ticket created: Ticket{id=37, vendorId=3}
Nov 03, 2024 9:21:13 PM com.shavi.realtimeeventticketingsystemcli.Ticket <init>
INFO: Ticket created: Ticket{id=38, vendorId=2}
Nov 03, 2024 9:21:13 PM com.shavi.realtimeeventticketingsystemcli.Vendor run
INFO: Vendor 3 added ticket: 37
Nov 03, 2024 9:21:13 PM com.shavi.realtimeeventticketingsystemcli.Ticket <init>
INFO: Ticket created: Ticket{id=39, vendorId=3}
Nov 03, 2024 9:21:13 PM com.shavi.realtimeeventticketingsystemcli.Customer run
INFO: Customer 4 successfully purchased ticket 37
Nov 03, 2024 9:21:13 PM com.shavi.realtimeeventticketingsystemcli.Vendor run
INFO: Vendor 2 added ticket: 38
Nov 03, 2024 9:21:13 PM com.shavi.realtimeeventticketingsystemcli.Ticket <init>
INFO: Ticket created: Ticket{id=40, vendorId=2}
Nov 03, 2024 9:21:13 PM com.shavi.realtimeeventticketingsystemcli.Customer run
INFO: Customer 5 successfully purchased ticket 38
Nov 03, 2024 9:21:13 PM com.shavi.realtimeeventticketingsystemcli.Vendor run
INFO: Vendor 3 added ticket: 39
Nov 03, 2024 9:21:13 PM com.shavi.realtimeeventticketingsystemcli.Ticket <init>
INFO: Ticket created: Ticket{id=41, vendorId=3}
Nov 03, 2024 9:21:13 PM com.shavi.realtimeeventticketingsystemcli.Vendor run
INFO: Vendor 3 added ticket: 41
Nov 03, 2024 9:21:13 PM com.shavi.realtimeeventticketingsystemcli.Customer run
INFO: Customer 2 successfully purchased ticket 39
Nov 03, 2024 9:21:13 PM com.shavi.realtimeeventticketingsystemcli.Vendor run
INFO: Vendor 2 added ticket: 40
Nov 03, 2024 9:21:13 PM com.shavi.realtimeeventticketingsystemcli.Ticket <init>
INFO: Ticket created: Ticket{id=42, vendorId=2}
Nov 03, 2024 9:21:13 PM com.shavi.realtimeeventticketingsystemcli.Customer run
INFO: Customer 3 successfully purchased ticket 40
Nov 03, 2024 9:21:13 PM com.shavi.realtimeeventticketingsystemcli.Customer run
INFO: Customer 4 successfully purchased ticket 41
Nov 03, 2024 9:21:13 PM com.shavi.realtimeeventticketingsystemcli.Vendor run
INFO: Vendor 2 added ticket: 42
Nov 03, 2024 9:21:13 PM com.shavi.realtimeeventticketingsystemcli.Customer run
INFO: Customer 5 successfully purchased ticket 42
Nov 03, 2024 9:21:13 PM com.shavi.realtimeeventticketingsystemcli.Ticket <init>
INFO: Ticket created: Ticket{id=43, vendorId=1}
Nov 03, 2024 9:21:13 PM com.shavi.realtimeeventticketingsystemcli.Vendor run
INFO: Vendor 1 added ticket: 43
Nov 03, 2024 9:21:13 PM com.shavi.realtimeeventticketingsystemcli.Customer run
INFO: Customer 2 successfully purchased ticket 43
Nov 03, 2024 9:21:13 PM com.shavi.realtimeeventticketingsystemcli.Ticket <init>
INFO: Ticket created: Ticket{id=44, vendorId=1}
Nov 03, 2024 9:21:13 PM com.shavi.realtimeeventticketingsystemcli.Vendor run
INFO: Vendor 1 added ticket: 44
Nov 03, 2024 9:21:13 PM com.shavi.realtimeeventticketingsystemcli.Ticket <init>
INFO: Ticket created: Ticket{id=45, vendorId=1}
Nov 03, 2024 9:21:13 PM com.shavi.realtimeeventticketingsystemcli.Customer run
INFO: Customer 1 successfully purchased ticket 44
Nov 03, 2024 9:21:13 PM com.shavi.realtimeeventticketingsystemcli.Vendor run
INFO: Vendor 1 added ticket: 45
Nov 03, 2024 9:21:13 PM com.shavi.realtimeeventticketingsystemcli.Customer run
INFO: Customer 3 successfully purchased ticket 45
Nov 03, 2024 9:21:15 PM com.shavi.realtimeeventticketingsystemcli.Ticket <init>
INFO: Ticket created: Ticket{id=46, vendorId=3}
Nov 03, 2024 9:21:15 PM com.shavi.realtimeeventticketingsystemcli.Vendor run
INFO: Vendor 3 added ticket: 46
Nov 03, 2024 9:21:15 PM com.shavi.realtimeeventticketingsystemcli.Ticket <init>
INFO: Ticket created: Ticket{id=47, vendorId=3}
Nov 03, 2024 9:21:15 PM com.shavi.realtimeeventticketingsystemcli.Customer run
INFO: Customer 1 successfully purchased ticket 46
Nov 03, 2024 9:21:15 PM com.shavi.realtimeeventticketingsystemcli.Vendor run
INFO: Vendor 3 added ticket: 47
Nov 03, 2024 9:21:15 PM com.shavi.realtimeeventticketingsystemcli.Customer run
INFO: Customer 2 successfully purchased ticket 47
Nov 03, 2024 9:21:15 PM com.shavi.realtimeeventticketingsystemcli.Ticket <init>
INFO: Ticket created: Ticket{id=48, vendorId=3}
Nov 03, 2024 9:21:15 PM com.shavi.realtimeeventticketingsystemcli.Vendor run
INFO: Vendor 3 added ticket: 48
Nov 03, 2024 9:21:15 PM com.shavi.realtimeeventticketingsystemcli.Customer run
INFO: Customer 4 successfully purchased ticket 48
Nov 03, 2024 9:21:15 PM com.shavi.realtimeeventticketingsystemcli.Ticket <init>
INFO: Ticket created: Ticket{id=50, vendorId=2}
Nov 03, 2024 9:21:15 PM com.shavi.realtimeeventticketingsystemcli.Ticket <init>
INFO: Ticket created: Ticket{id=49, vendorId=1}
Nov 03, 2024 9:21:15 PM com.shavi.realtimeeventticketingsystemcli.Vendor run
INFO: Vendor 2 added ticket: 50
Nov 03, 2024 9:21:15 PM com.shavi.realtimeeventticketingsystemcli.Customer run
INFO: Customer 2 successfully purchased ticket 50
Nov 03, 2024 9:21:15 PM com.shavi.realtimeeventticketingsystemcli.Ticket <init>
INFO: Ticket created: Ticket{id=51, vendorId=2}
Nov 03, 2024 9:21:15 PM com.shavi.realtimeeventticketingsystemcli.Vendor run
INFO: Vendor 1 added ticket: 49
Nov 03, 2024 9:21:15 PM com.shavi.realtimeeventticketingsystemcli.Customer run
INFO: Customer 3 successfully purchased ticket 51
Nov 03, 2024 9:21:15 PM com.shavi.realtimeeventticketingsystemcli.Customer run
INFO: Customer 4 successfully purchased ticket 49
Nov 03, 2024 9:21:15 PM com.shavi.realtimeeventticketingsystemcli.Vendor run
INFO: Vendor 2 added ticket: 51
Nov 03, 2024 9:21:15 PM com.shavi.realtimeeventticketingsystemcli.Ticket <init>
INFO: Ticket created: Ticket{id=53, vendorId=2}
Nov 03, 2024 9:21:15 PM com.shavi.realtimeeventticketingsystemcli.Vendor run
INFO: Vendor 2 added ticket: 53
Nov 03, 2024 9:21:15 PM com.shavi.realtimeeventticketingsystemcli.Ticket <init>
INFO: Ticket created: Ticket{id=52, vendorId=1}
Nov 03, 2024 9:21:15 PM com.shavi.realtimeeventticketingsystemcli.Customer run
INFO: Customer 5 successfully purchased ticket 53
Nov 03, 2024 9:21:15 PM com.shavi.realtimeeventticketingsystemcli.Vendor run
INFO: Vendor 1 added ticket: 52
Nov 03, 2024 9:21:15 PM com.shavi.realtimeeventticketingsystemcli.Ticket <init>
INFO: Ticket created: Ticket{id=54, vendorId=1}
Nov 03, 2024 9:21:15 PM com.shavi.realtimeeventticketingsystemcli.Vendor run
INFO: Vendor 1 added ticket: 54
Nov 03, 2024 9:21:15 PM com.shavi.realtimeeventticketingsystemcli.Customer run
INFO: Customer 3 successfully purchased ticket 52
Nov 03, 2024 9:21:15 PM com.shavi.realtimeeventticketingsystemcli.Customer run
INFO: Customer 5 successfully purchased ticket 54
Nov 03, 2024 9:21:17 PM com.shavi.realtimeeventticketingsystemcli.Ticket <init>
INFO: Ticket created: Ticket{id=55, vendorId=3}
Nov 03, 2024 9:21:17 PM com.shavi.realtimeeventticketingsystemcli.Vendor run
INFO: Vendor 3 added ticket: 55
Nov 03, 2024 9:21:17 PM com.shavi.realtimeeventticketingsystemcli.Ticket <init>
INFO: Ticket created: Ticket{id=56, vendorId=3}
Nov 03, 2024 9:21:17 PM com.shavi.realtimeeventticketingsystemcli.Customer run
INFO: Customer 1 successfully purchased ticket 55
Nov 03, 2024 9:21:17 PM com.shavi.realtimeeventticketingsystemcli.Vendor run
INFO: Vendor 3 added ticket: 56
Nov 03, 2024 9:21:17 PM com.shavi.realtimeeventticketingsystemcli.Customer run
INFO: Customer 3 successfully purchased ticket 56
Nov 03, 2024 9:21:17 PM com.shavi.realtimeeventticketingsystemcli.Ticket <init>
INFO: Ticket created: Ticket{id=57, vendorId=3}
Nov 03, 2024 9:21:17 PM com.shavi.realtimeeventticketingsystemcli.Vendor run
INFO: Vendor 3 added ticket: 57
Nov 03, 2024 9:21:17 PM com.shavi.realtimeeventticketingsystemcli.Customer run
INFO: Customer 4 successfully purchased ticket 57
Nov 03, 2024 9:21:17 PM com.shavi.realtimeeventticketingsystemcli.Ticket <init>
INFO: Ticket created: Ticket{id=58, vendorId=2}
Nov 03, 2024 9:21:17 PM com.shavi.realtimeeventticketingsystemcli.Vendor run
INFO: Vendor 2 added ticket: 58
Nov 03, 2024 9:21:17 PM com.shavi.realtimeeventticketingsystemcli.Ticket <init>
INFO: Ticket created: Ticket{id=59, vendorId=2}
Nov 03, 2024 9:21:17 PM com.shavi.realtimeeventticketingsystemcli.Customer run
INFO: Customer 3 successfully purchased ticket 58
Nov 03, 2024 9:21:17 PM com.shavi.realtimeeventticketingsystemcli.Vendor run
INFO: Vendor 2 added ticket: 59
Nov 03, 2024 9:21:17 PM com.shavi.realtimeeventticketingsystemcli.Ticket <init>
INFO: Ticket created: Ticket{id=60, vendorId=2}
Nov 03, 2024 9:21:17 PM com.shavi.realtimeeventticketingsystemcli.Customer run
INFO: Customer 2 successfully purchased ticket 59
Nov 03, 2024 9:21:17 PM com.shavi.realtimeeventticketingsystemcli.Vendor run
INFO: Vendor 2 added ticket: 60
Nov 03, 2024 9:21:17 PM com.shavi.realtimeeventticketingsystemcli.Ticket <init>
INFO: Ticket created: Ticket{id=61, vendorId=1}
Nov 03, 2024 9:21:17 PM com.shavi.realtimeeventticketingsystemcli.Vendor run
INFO: Vendor 1 added ticket: 61
Nov 03, 2024 9:21:17 PM com.shavi.realtimeeventticketingsystemcli.Customer run
INFO: Customer 4 successfully purchased ticket 61
Nov 03, 2024 9:21:17 PM com.shavi.realtimeeventticketingsystemcli.Customer run
INFO: Customer 5 successfully purchased ticket 60
Nov 03, 2024 9:21:17 PM com.shavi.realtimeeventticketingsystemcli.Ticket <init>
INFO: Ticket created: Ticket{id=62, vendorId=1}
Nov 03, 2024 9:21:17 PM com.shavi.realtimeeventticketingsystemcli.Vendor run
INFO: Vendor 1 added ticket: 62
Nov 03, 2024 9:21:17 PM com.shavi.realtimeeventticketingsystemcli.Ticket <init>
INFO: Ticket created: Ticket{id=63, vendorId=1}
Nov 03, 2024 9:21:17 PM com.shavi.realtimeeventticketingsystemcli.Vendor run
INFO: Vendor 1 added ticket: 63
Nov 03, 2024 9:21:17 PM com.shavi.realtimeeventticketingsystemcli.Customer run
INFO: Customer 2 successfully purchased ticket 62
Nov 03, 2024 9:21:17 PM com.shavi.realtimeeventticketingsystemcli.Customer run
INFO: Customer 5 successfully purchased ticket 63
Nov 03, 2024 9:21:19 PM com.shavi.realtimeeventticketingsystemcli.Ticket <init>
INFO: Ticket created: Ticket{id=64, vendorId=3}
Nov 03, 2024 9:21:19 PM com.shavi.realtimeeventticketingsystemcli.Vendor run
INFO: Vendor 3 added ticket: 64
Nov 03, 2024 9:21:19 PM com.shavi.realtimeeventticketingsystemcli.Ticket <init>
INFO: Ticket created: Ticket{id=65, vendorId=3}
Nov 03, 2024 9:21:19 PM com.shavi.realtimeeventticketingsystemcli.Customer run
INFO: Customer 1 successfully purchased ticket 64
Nov 03, 2024 9:21:19 PM com.shavi.realtimeeventticketingsystemcli.Vendor run
INFO: Vendor 3 added ticket: 65
Nov 03, 2024 9:21:19 PM com.shavi.realtimeeventticketingsystemcli.Customer run
INFO: Customer 2 successfully purchased ticket 65
Nov 03, 2024 9:21:19 PM com.shavi.realtimeeventticketingsystemcli.Ticket <init>
INFO: Ticket created: Ticket{id=66, vendorId=3}
Nov 03, 2024 9:21:19 PM com.shavi.realtimeeventticketingsystemcli.Vendor run
INFO: Vendor 3 added ticket: 66
Nov 03, 2024 9:21:19 PM com.shavi.realtimeeventticketingsystemcli.Customer run
INFO: Customer 3 successfully purchased ticket 66
Nov 03, 2024 9:21:19 PM com.shavi.realtimeeventticketingsystemcli.Ticket <init>
INFO: Ticket created: Ticket{id=67, vendorId=1}
Nov 03, 2024 9:21:19 PM com.shavi.realtimeeventticketingsystemcli.Ticket <init>
INFO: Ticket created: Ticket{id=68, vendorId=2}
Nov 03, 2024 9:21:19 PM com.shavi.realtimeeventticketingsystemcli.Vendor run
INFO: Vendor 1 added ticket: 67
Nov 03, 2024 9:21:19 PM com.shavi.realtimeeventticketingsystemcli.Ticket <init>
INFO: Ticket created: Ticket{id=69, vendorId=1}
Nov 03, 2024 9:21:19 PM com.shavi.realtimeeventticketingsystemcli.Customer run
INFO: Customer 2 successfully purchased ticket 67
Nov 03, 2024 9:21:19 PM com.shavi.realtimeeventticketingsystemcli.Vendor run
INFO: Vendor 2 added ticket: 68
Nov 03, 2024 9:21:19 PM com.shavi.realtimeeventticketingsystemcli.Ticket <init>
INFO: Ticket created: Ticket{id=70, vendorId=2}
Nov 03, 2024 9:21:19 PM com.shavi.realtimeeventticketingsystemcli.Vendor run
INFO: Vendor 2 added ticket: 70
Nov 03, 2024 9:21:19 PM com.shavi.realtimeeventticketingsystemcli.Ticket <init>
INFO: Ticket created: Ticket{id=71, vendorId=2}
Nov 03, 2024 9:21:19 PM com.shavi.realtimeeventticketingsystemcli.Vendor run
INFO: Vendor 2 added ticket: 71
Nov 03, 2024 9:21:19 PM com.shavi.realtimeeventticketingsystemcli.Customer run
INFO: Customer 5 successfully purchased ticket 68
Nov 03, 2024 9:21:19 PM com.shavi.realtimeeventticketingsystemcli.Customer run
INFO: Customer 5 successfully purchased ticket 71
Nov 03, 2024 9:21:19 PM com.shavi.realtimeeventticketingsystemcli.Vendor run
INFO: Vendor 1 added ticket: 69
Nov 03, 2024 9:21:19 PM com.shavi.realtimeeventticketingsystemcli.Ticket <init>
INFO: Ticket created: Ticket{id=72, vendorId=1}
Nov 03, 2024 9:21:19 PM com.shavi.realtimeeventticketingsystemcli.Vendor run
INFO: Vendor 1 added ticket: 72
Nov 03, 2024 9:21:19 PM com.shavi.realtimeeventticketingsystemcli.Customer run
INFO: Customer 4 successfully purchased ticket 69
Nov 03, 2024 9:21:19 PM com.shavi.realtimeeventticketingsystemcli.Customer run
INFO: Customer 4 successfully purchased ticket 72
Nov 03, 2024 9:21:19 PM com.shavi.realtimeeventticketingsystemcli.Customer run
INFO: Customer 3 successfully purchased ticket 70
Nov 03, 2024 9:21:21 PM com.shavi.realtimeeventticketingsystemcli.Ticket <init>
INFO: Ticket created: Ticket{id=75, vendorId=3}
Nov 03, 2024 9:21:21 PM com.shavi.realtimeeventticketingsystemcli.Vendor run
INFO: Vendor 3 added ticket: 75
Nov 03, 2024 9:21:21 PM com.shavi.realtimeeventticketingsystemcli.Ticket <init>
INFO: Ticket created: Ticket{id=74, vendorId=1}
Nov 03, 2024 9:21:21 PM com.shavi.realtimeeventticketingsystemcli.Vendor run
INFO: Vendor 1 added ticket: 74
Nov 03, 2024 9:21:21 PM com.shavi.realtimeeventticketingsystemcli.Ticket <init>
INFO: Ticket created: Ticket{id=73, vendorId=2}
Nov 03, 2024 9:21:21 PM com.shavi.realtimeeventticketingsystemcli.Vendor run
INFO: Vendor 2 added ticket: 73
Nov 03, 2024 9:21:21 PM com.shavi.realtimeeventticketingsystemcli.Customer run
INFO: Customer 3 successfully purchased ticket 73
Nov 03, 2024 9:21:21 PM com.shavi.realtimeeventticketingsystemcli.Customer run
INFO: Customer 1 successfully purchased ticket 75
Nov 03, 2024 9:21:21 PM com.shavi.realtimeeventticketingsystemcli.Ticket <init>
INFO: Ticket created: Ticket{id=76, vendorId=3}
Nov 03, 2024 9:21:21 PM com.shavi.realtimeeventticketingsystemcli.Customer run
INFO: Customer 2 successfully purchased ticket 74
Nov 03, 2024 9:21:21 PM com.shavi.realtimeeventticketingsystemcli.Ticket <init>
INFO: Ticket created: Ticket{id=77, vendorId=1}
Nov 03, 2024 9:21:21 PM com.shavi.realtimeeventticketingsystemcli.Ticket <init>
INFO: Ticket created: Ticket{id=78, vendorId=2}
Nov 03, 2024 9:21:21 PM com.shavi.realtimeeventticketingsystemcli.Customer run
INFO: Customer 1 successfully purchased ticket 77
Nov 03, 2024 9:21:21 PM com.shavi.realtimeeventticketingsystemcli.Vendor run
INFO: Vendor 3 added ticket: 76
Nov 03, 2024 9:21:21 PM com.shavi.realtimeeventticketingsystemcli.Ticket <init>
INFO: Ticket created: Ticket{id=79, vendorId=3}
Nov 03, 2024 9:21:21 PM com.shavi.realtimeeventticketingsystemcli.Vendor run
INFO: Vendor 3 added ticket: 79
Nov 03, 2024 9:21:21 PM com.shavi.realtimeeventticketingsystemcli.Customer run
INFO: Customer 4 successfully purchased ticket 76
Nov 03, 2024 9:21:21 PM com.shavi.realtimeeventticketingsystemcli.Vendor run
INFO: Vendor 1 added ticket: 77
Nov 03, 2024 9:21:21 PM com.shavi.realtimeeventticketingsystemcli.Ticket <init>
INFO: Ticket created: Ticket{id=80, vendorId=1}
Nov 03, 2024 9:21:21 PM com.shavi.realtimeeventticketingsystemcli.Vendor run
INFO: Vendor 1 added ticket: 80
Nov 03, 2024 9:21:21 PM com.shavi.realtimeeventticketingsystemcli.Customer run
INFO: Customer 5 successfully purchased ticket 80
Nov 03, 2024 9:21:21 PM com.shavi.realtimeeventticketingsystemcli.Vendor run
INFO: Vendor 2 added ticket: 78
Nov 03, 2024 9:21:21 PM com.shavi.realtimeeventticketingsystemcli.Ticket <init>
INFO: Ticket created: Ticket{id=81, vendorId=2}
Nov 03, 2024 9:21:21 PM com.shavi.realtimeeventticketingsystemcli.Vendor run
INFO: Vendor 2 added ticket: 81
Nov 03, 2024 9:21:21 PM com.shavi.realtimeeventticketingsystemcli.Customer run
INFO: Customer 2 successfully purchased ticket 78
Nov 03, 2024 9:21:21 PM com.shavi.realtimeeventticketingsystemcli.Customer run
INFO: Customer 3 successfully purchased ticket 79
Nov 03, 2024 9:21:21 PM com.shavi.realtimeeventticketingsystemcli.Customer run
INFO: Customer 4 successfully purchased ticket 81
Nov 03, 2024 9:21:23 PM com.shavi.realtimeeventticketingsystemcli.Ticket <init>
INFO: Ticket created: Ticket{id=84, vendorId=3}
Nov 03, 2024 9:21:23 PM com.shavi.realtimeeventticketingsystemcli.Ticket <init>
INFO: Ticket created: Ticket{id=83, vendorId=2}
Nov 03, 2024 9:21:23 PM com.shavi.realtimeeventticketingsystemcli.Ticket <init>
INFO: Ticket created: Ticket{id=82, vendorId=1}
Nov 03, 2024 9:21:23 PM com.shavi.realtimeeventticketingsystemcli.Vendor run
INFO: Vendor 3 added ticket: 84
Nov 03, 2024 9:21:23 PM com.shavi.realtimeeventticketingsystemcli.Customer run
INFO: Customer 5 successfully purchased ticket 84
Nov 03, 2024 9:21:23 PM com.shavi.realtimeeventticketingsystemcli.Vendor run
INFO: Vendor 2 added ticket: 83
Nov 03, 2024 9:21:23 PM com.shavi.realtimeeventticketingsystemcli.Customer run
INFO: Customer 1 successfully purchased ticket 83
Nov 03, 2024 9:21:23 PM com.shavi.realtimeeventticketingsystemcli.Vendor run
INFO: Vendor 1 added ticket: 82
Nov 03, 2024 9:21:23 PM com.shavi.realtimeeventticketingsystemcli.Customer run
INFO: Customer 4 successfully purchased ticket 82
Nov 03, 2024 9:21:23 PM com.shavi.realtimeeventticketingsystemcli.Ticket <init>
INFO: Ticket created: Ticket{id=85, vendorId=3}
Nov 03, 2024 9:21:23 PM com.shavi.realtimeeventticketingsystemcli.Ticket <init>
INFO: Ticket created: Ticket{id=86, vendorId=2}
Nov 03, 2024 9:21:23 PM com.shavi.realtimeeventticketingsystemcli.Ticket <init>
INFO: Ticket created: Ticket{id=87, vendorId=1}
Nov 03, 2024 9:21:23 PM com.shavi.realtimeeventticketingsystemcli.Vendor run
INFO: Vendor 3 added ticket: 85
Nov 03, 2024 9:21:23 PM com.shavi.realtimeeventticketingsystemcli.Customer run
INFO: Customer 3 successfully purchased ticket 85
Nov 03, 2024 9:21:23 PM com.shavi.realtimeeventticketingsystemcli.Vendor run
INFO: Vendor 2 added ticket: 86
Nov 03, 2024 9:21:23 PM com.shavi.realtimeeventticketingsystemcli.Customer run
INFO: Customer 4 successfully purchased ticket 86
Nov 03, 2024 9:21:23 PM com.shavi.realtimeeventticketingsystemcli.Vendor run
INFO: Vendor 1 added ticket: 87
Nov 03, 2024 9:21:23 PM com.shavi.realtimeeventticketingsystemcli.Customer run
INFO: Customer 2 successfully purchased ticket 87
Nov 03, 2024 9:21:23 PM com.shavi.realtimeeventticketingsystemcli.Ticket <init>
INFO: Ticket created: Ticket{id=88, vendorId=3}
Nov 03, 2024 9:21:23 PM com.shavi.realtimeeventticketingsystemcli.Ticket <init>
INFO: Ticket created: Ticket{id=89, vendorId=2}
Nov 03, 2024 9:21:23 PM com.shavi.realtimeeventticketingsystemcli.Ticket <init>
INFO: Ticket created: Ticket{id=90, vendorId=1}
Nov 03, 2024 9:21:23 PM com.shavi.realtimeeventticketingsystemcli.Vendor run
INFO: Vendor 3 added ticket: 88
Nov 03, 2024 9:21:23 PM com.shavi.realtimeeventticketingsystemcli.Customer run
INFO: Customer 1 successfully purchased ticket 88
Nov 03, 2024 9:21:23 PM com.shavi.realtimeeventticketingsystemcli.Vendor run
INFO: Vendor 2 added ticket: 89
Nov 03, 2024 9:21:23 PM com.shavi.realtimeeventticketingsystemcli.Customer run
INFO: Customer 2 successfully purchased ticket 89
Nov 03, 2024 9:21:23 PM com.shavi.realtimeeventticketingsystemcli.Vendor run
INFO: Vendor 1 added ticket: 90
Nov 03, 2024 9:21:23 PM com.shavi.realtimeeventticketingsystemcli.Customer run
INFO: Customer 3 successfully purchased ticket 90
Nov 03, 2024 9:21:25 PM com.shavi.realtimeeventticketingsystemcli.Ticket <init>
INFO: Ticket created: Ticket{id=91, vendorId=3}
Nov 03, 2024 9:21:25 PM com.shavi.realtimeeventticketingsystemcli.Vendor run
INFO: Vendor 3 added ticket: 91
Nov 03, 2024 9:21:25 PM com.shavi.realtimeeventticketingsystemcli.Ticket <init>
INFO: Ticket created: Ticket{id=94, vendorId=3}
Nov 03, 2024 9:21:25 PM com.shavi.realtimeeventticketingsystemcli.Ticket <init>
INFO: Ticket created: Ticket{id=92, vendorId=1}
Nov 03, 2024 9:21:25 PM com.shavi.realtimeeventticketingsystemcli.Ticket <init>
INFO: Ticket created: Ticket{id=93, vendorId=2}
Nov 03, 2024 9:21:25 PM com.shavi.realtimeeventticketingsystemcli.Vendor run
INFO: Vendor 2 added ticket: 93
Nov 03, 2024 9:21:25 PM com.shavi.realtimeeventticketingsystemcli.Customer run
INFO: Customer 4 successfully purchased ticket 93
Nov 03, 2024 9:21:25 PM com.shavi.realtimeeventticketingsystemcli.Customer run
INFO: Customer 5 successfully purchased ticket 91
Nov 03, 2024 9:21:25 PM com.shavi.realtimeeventticketingsystemcli.Vendor run
INFO: Vendor 3 added ticket: 94
Nov 03, 2024 9:21:25 PM com.shavi.realtimeeventticketingsystemcli.Ticket <init>
INFO: Ticket created: Ticket{id=96, vendorId=3}
Nov 03, 2024 9:21:25 PM com.shavi.realtimeeventticketingsystemcli.Vendor run
INFO: Vendor 3 added ticket: 96
Nov 03, 2024 9:21:25 PM com.shavi.realtimeeventticketingsystemcli.Customer run
INFO: Customer 1 successfully purchased ticket 94
Nov 03, 2024 9:21:25 PM com.shavi.realtimeeventticketingsystemcli.Vendor run
INFO: Vendor 1 added ticket: 92
Nov 03, 2024 9:21:25 PM com.shavi.realtimeeventticketingsystemcli.Ticket <init>
INFO: Ticket created: Ticket{id=97, vendorId=1}
Nov 03, 2024 9:21:25 PM com.shavi.realtimeeventticketingsystemcli.Vendor run
INFO: Vendor 1 added ticket: 97
Nov 03, 2024 9:21:25 PM com.shavi.realtimeeventticketingsystemcli.Customer run
INFO: Customer 5 successfully purchased ticket 97
Nov 03, 2024 9:21:25 PM com.shavi.realtimeeventticketingsystemcli.Customer run
INFO: Customer 2 successfully purchased ticket 92
Nov 03, 2024 9:21:25 PM com.shavi.realtimeeventticketingsystemcli.Ticket <init>
INFO: Ticket created: Ticket{id=95, vendorId=2}
Nov 03, 2024 9:21:25 PM com.shavi.realtimeeventticketingsystemcli.Vendor run
INFO: Vendor 2 added ticket: 95
Nov 03, 2024 9:21:25 PM com.shavi.realtimeeventticketingsystemcli.Ticket <init>
INFO: Ticket created: Ticket{id=99, vendorId=2}
Nov 03, 2024 9:21:25 PM com.shavi.realtimeeventticketingsystemcli.Customer run
INFO: Customer 3 successfully purchased ticket 96
Nov 03, 2024 9:21:25 PM com.shavi.realtimeeventticketingsystemcli.Ticket <init>
INFO: Ticket created: Ticket{id=98, vendorId=1}
Nov 03, 2024 9:21:25 PM com.shavi.realtimeeventticketingsystemcli.Vendor run
INFO: Vendor 1 added ticket: 98
Nov 03, 2024 9:21:25 PM com.shavi.realtimeeventticketingsystemcli.Customer run
INFO: Customer 4 successfully purchased ticket 98
Nov 03, 2024 9:21:25 PM com.shavi.realtimeeventticketingsystemcli.Customer run
INFO: Customer 1 successfully purchased ticket 95
Nov 03, 2024 9:21:25 PM com.shavi.realtimeeventticketingsystemcli.Vendor run
INFO: Vendor 2 added ticket: 99
Nov 03, 2024 9:21:25 PM com.shavi.realtimeeventticketingsystemcli.Customer run
INFO: Customer 2 successfully purchased ticket 99
Nov 03, 2024 9:21:28 PM com.shavi.realtimeeventticketingsystemcli.Ticket <init>
INFO: Ticket created: Ticket{id=101, vendorId=3}
Nov 03, 2024 9:21:28 PM com.shavi.realtimeeventticketingsystemcli.Vendor run
INFO: Vendor 3 added ticket: 101
Nov 03, 2024 9:21:28 PM com.shavi.realtimeeventticketingsystemcli.Ticket <init>
INFO: Ticket created: Ticket{id=103, vendorId=3}
Nov 03, 2024 9:21:28 PM com.shavi.realtimeeventticketingsystemcli.Vendor run
INFO: Vendor 3 added ticket: 103
Nov 03, 2024 9:21:28 PM com.shavi.realtimeeventticketingsystemcli.Ticket <init>
INFO: Ticket created: Ticket{id=104, vendorId=3}
Nov 03, 2024 9:21:28 PM com.shavi.realtimeeventticketingsystemcli.Ticket <init>
INFO: Ticket created: Ticket{id=100, vendorId=2}
Nov 03, 2024 9:21:28 PM com.shavi.realtimeeventticketingsystemcli.Ticket <init>
INFO: Ticket created: Ticket{id=102, vendorId=1}
Nov 03, 2024 9:21:28 PM com.shavi.realtimeeventticketingsystemcli.Customer run
INFO: Customer 3 successfully purchased ticket 101
Nov 03, 2024 9:21:28 PM com.shavi.realtimeeventticketingsystemcli.Customer run
INFO: Customer 1 successfully purchased ticket 103
Nov 03, 2024 9:21:28 PM com.shavi.realtimeeventticketingsystemcli.Vendor run
INFO: Vendor 3 added ticket: 104
Nov 03, 2024 9:21:28 PM com.shavi.realtimeeventticketingsystemcli.Customer run
INFO: Customer 4 successfully purchased ticket 104
Nov 03, 2024 9:21:28 PM com.shavi.realtimeeventticketingsystemcli.Vendor run
INFO: Vendor 2 added ticket: 100
Nov 03, 2024 9:21:28 PM com.shavi.realtimeeventticketingsystemcli.Ticket <init>
INFO: Ticket created: Ticket{id=105, vendorId=2}
Nov 03, 2024 9:21:28 PM com.shavi.realtimeeventticketingsystemcli.Vendor run
INFO: Vendor 2 added ticket: 105
Nov 03, 2024 9:21:28 PM com.shavi.realtimeeventticketingsystemcli.Customer run
INFO: Customer 5 successfully purchased ticket 100
Nov 03, 2024 9:21:28 PM com.shavi.realtimeeventticketingsystemcli.Vendor run
INFO: Vendor 1 added ticket: 102
Nov 03, 2024 9:21:28 PM com.shavi.realtimeeventticketingsystemcli.Ticket <init>
INFO: Ticket created: Ticket{id=107, vendorId=1}
Nov 03, 2024 9:21:28 PM com.shavi.realtimeeventticketingsystemcli.Vendor run
INFO: Vendor 1 added ticket: 107
Nov 03, 2024 9:21:28 PM com.shavi.realtimeeventticketingsystemcli.Ticket <init>
INFO: Ticket created: Ticket{id=108, vendorId=1}
Nov 03, 2024 9:21:28 PM com.shavi.realtimeeventticketingsystemcli.Vendor run
INFO: Vendor 1 added ticket: 108
Nov 03, 2024 9:21:28 PM com.shavi.realtimeeventticketingsystemcli.Customer run
INFO: Customer 2 successfully purchased ticket 102
Nov 03, 2024 9:21:28 PM com.shavi.realtimeeventticketingsystemcli.Customer run
INFO: Customer 1 successfully purchased ticket 105
Nov 03, 2024 9:21:28 PM com.shavi.realtimeeventticketingsystemcli.Ticket <init>
INFO: Ticket created: Ticket{id=106, vendorId=2}
Nov 03, 2024 9:21:28 PM com.shavi.realtimeeventticketingsystemcli.Vendor run
INFO: Vendor 2 added ticket: 106
Nov 03, 2024 9:21:28 PM com.shavi.realtimeeventticketingsystemcli.Customer run
INFO: Customer 4 successfully purchased ticket 107
Nov 03, 2024 9:21:28 PM com.shavi.realtimeeventticketingsystemcli.Customer run
INFO: Customer 5 successfully purchased ticket 108
Nov 03, 2024 9:21:28 PM com.shavi.realtimeeventticketingsystemcli.Customer run
INFO: Customer 2 successfully purchased ticket 106
Nov 03, 2024 9:21:30 PM com.shavi.realtimeeventticketingsystemcli.Ticket <init>
INFO: Ticket created: Ticket{id=109, vendorId=1}
Nov 03, 2024 9:21:30 PM com.shavi.realtimeeventticketingsystemcli.Vendor run
INFO: Vendor 1 added ticket: 109
Nov 03, 2024 9:21:30 PM com.shavi.realtimeeventticketingsystemcli.Ticket <init>
INFO: Ticket created: Ticket{id=111, vendorId=1}
Nov 03, 2024 9:21:30 PM com.shavi.realtimeeventticketingsystemcli.Vendor run
INFO: Vendor 1 added ticket: 111
Nov 03, 2024 9:21:30 PM com.shavi.realtimeeventticketingsystemcli.Ticket <init>
INFO: Ticket created: Ticket{id=112, vendorId=1}
Nov 03, 2024 9:21:30 PM com.shavi.realtimeeventticketingsystemcli.Ticket <init>
INFO: Ticket created: Ticket{id=110, vendorId=3}
Nov 03, 2024 9:21:30 PM com.shavi.realtimeeventticketingsystemcli.Customer run
INFO: Customer 2 successfully purchased ticket 109
Nov 03, 2024 9:21:30 PM com.shavi.realtimeeventticketingsystemcli.Customer run
INFO: Customer 3 successfully purchased ticket 111
Nov 03, 2024 9:21:30 PM com.shavi.realtimeeventticketingsystemcli.Vendor run
INFO: Vendor 1 added ticket: 112
Nov 03, 2024 9:21:30 PM com.shavi.realtimeeventticketingsystemcli.Customer run
INFO: Customer 5 successfully purchased ticket 112
Nov 03, 2024 9:21:30 PM com.shavi.realtimeeventticketingsystemcli.Vendor run
INFO: Vendor 3 added ticket: 110
Nov 03, 2024 9:21:30 PM com.shavi.realtimeeventticketingsystemcli.Ticket <init>
INFO: Ticket created: Ticket{id=113, vendorId=3}
Nov 03, 2024 9:21:30 PM com.shavi.realtimeeventticketingsystemcli.Vendor run
INFO: Vendor 3 added ticket: 113
Nov 03, 2024 9:21:30 PM com.shavi.realtimeeventticketingsystemcli.Customer run
INFO: Customer 4 successfully purchased ticket 113
Nov 03, 2024 9:21:30 PM com.shavi.realtimeeventticketingsystemcli.Customer run
INFO: Customer 1 successfully purchased ticket 110
Nov 03, 2024 9:21:30 PM com.shavi.realtimeeventticketingsystemcli.Ticket <init>
INFO: Ticket created: Ticket{id=114, vendorId=3}
Nov 03, 2024 9:21:30 PM com.shavi.realtimeeventticketingsystemcli.Vendor run
INFO: Vendor 3 added ticket: 114
Nov 03, 2024 9:21:30 PM com.shavi.realtimeeventticketingsystemcli.Customer run
INFO: Customer 5 successfully purchased ticket 114
Nov 03, 2024 9:21:30 PM com.shavi.realtimeeventticketingsystemcli.Ticket <init>
INFO: Ticket created: Ticket{id=115, vendorId=2}
Nov 03, 2024 9:21:30 PM com.shavi.realtimeeventticketingsystemcli.Vendor run
INFO: Vendor 2 added ticket: 115
Nov 03, 2024 9:21:30 PM com.shavi.realtimeeventticketingsystemcli.Ticket <init>
INFO: Ticket created: Ticket{id=116, vendorId=2}
Nov 03, 2024 9:21:30 PM com.shavi.realtimeeventticketingsystemcli.Vendor run
INFO: Vendor 2 added ticket: 116
Nov 03, 2024 9:21:30 PM com.shavi.realtimeeventticketingsystemcli.Ticket <init>
INFO: Ticket created: Ticket{id=117, vendorId=2}
Nov 03, 2024 9:21:30 PM com.shavi.realtimeeventticketingsystemcli.Vendor run
INFO: Vendor 2 added ticket: 117
Nov 03, 2024 9:21:30 PM com.shavi.realtimeeventticketingsystemcli.Customer run
INFO: Customer 2 successfully purchased ticket 117
Nov 03, 2024 9:21:30 PM com.shavi.realtimeeventticketingsystemcli.Customer run
INFO: Customer 1 successfully purchased ticket 115
Nov 03, 2024 9:21:30 PM com.shavi.realtimeeventticketingsystemcli.Customer run
INFO: Customer 4 successfully purchased ticket 116
Nov 03, 2024 9:21:32 PM com.shavi.realtimeeventticketingsystemcli.Ticket <init>
INFO: Ticket created: Ticket{id=118, vendorId=1}
Nov 03, 2024 9:21:32 PM com.shavi.realtimeeventticketingsystemcli.Vendor run
INFO: Vendor 1 added ticket: 118
Nov 03, 2024 9:21:32 PM com.shavi.realtimeeventticketingsystemcli.Ticket <init>
INFO: Ticket created: Ticket{id=119, vendorId=3}
Nov 03, 2024 9:21:32 PM com.shavi.realtimeeventticketingsystemcli.Ticket <init>
INFO: Ticket created: Ticket{id=120, vendorId=1}
Nov 03, 2024 9:21:32 PM com.shavi.realtimeeventticketingsystemcli.Customer run
INFO: Customer 4 successfully purchased ticket 119
Nov 03, 2024 9:21:32 PM com.shavi.realtimeeventticketingsystemcli.Vendor run
INFO: Vendor 1 added ticket: 120
Nov 03, 2024 9:21:32 PM com.shavi.realtimeeventticketingsystemcli.Ticket <init>
INFO: Ticket created: Ticket{id=121, vendorId=1}
Nov 03, 2024 9:21:32 PM com.shavi.realtimeeventticketingsystemcli.Vendor run
INFO: Vendor 1 added ticket: 121
Nov 03, 2024 9:21:32 PM com.shavi.realtimeeventticketingsystemcli.Customer run
INFO: Customer 3 successfully purchased ticket 118
Nov 03, 2024 9:21:32 PM com.shavi.realtimeeventticketingsystemcli.Vendor run
INFO: Vendor 3 added ticket: 119
Nov 03, 2024 9:21:32 PM com.shavi.realtimeeventticketingsystemcli.Ticket <init>
INFO: Ticket created: Ticket{id=122, vendorId=3}
Nov 03, 2024 9:21:32 PM com.shavi.realtimeeventticketingsystemcli.Vendor run
INFO: Vendor 3 added ticket: 122
Nov 03, 2024 9:21:32 PM com.shavi.realtimeeventticketingsystemcli.Ticket <init>
INFO: Ticket created: Ticket{id=123, vendorId=3}
Nov 03, 2024 9:21:32 PM com.shavi.realtimeeventticketingsystemcli.Vendor run
INFO: Vendor 3 added ticket: 123
Nov 03, 2024 9:21:32 PM com.shavi.realtimeeventticketingsystemcli.Customer run
INFO: Customer 4 successfully purchased ticket 120
Nov 03, 2024 9:21:32 PM com.shavi.realtimeeventticketingsystemcli.Customer run
INFO: Customer 5 successfully purchased ticket 121
Nov 03, 2024 9:21:32 PM com.shavi.realtimeeventticketingsystemcli.Customer run
INFO: Customer 2 successfully purchased ticket 122
Nov 03, 2024 9:21:32 PM com.shavi.realtimeeventticketingsystemcli.Customer run
INFO: Customer 1 successfully purchased ticket 123
Nov 03, 2024 9:21:32 PM com.shavi.realtimeeventticketingsystemcli.Ticket <init>
INFO: Ticket created: Ticket{id=124, vendorId=2}
Nov 03, 2024 9:21:32 PM com.shavi.realtimeeventticketingsystemcli.Vendor run
INFO: Vendor 2 added ticket: 124
Nov 03, 2024 9:21:32 PM com.shavi.realtimeeventticketingsystemcli.Ticket <init>
INFO: Ticket created: Ticket{id=125, vendorId=2}
Nov 03, 2024 9:21:32 PM com.shavi.realtimeeventticketingsystemcli.Customer run
INFO: Customer 5 successfully purchased ticket 124
Nov 03, 2024 9:21:32 PM com.shavi.realtimeeventticketingsystemcli.Vendor run
INFO: Vendor 2 added ticket: 125
Nov 03, 2024 9:21:32 PM com.shavi.realtimeeventticketingsystemcli.Ticket <init>
INFO: Ticket created: Ticket{id=126, vendorId=2}
Nov 03, 2024 9:21:32 PM com.shavi.realtimeeventticketingsystemcli.Vendor run
INFO: Vendor 2 added ticket: 126
Nov 03, 2024 9:21:32 PM com.shavi.realtimeeventticketingsystemcli.Customer run
INFO: Customer 1 successfully purchased ticket 125
Nov 03, 2024 9:21:32 PM com.shavi.realtimeeventticketingsystemcli.Customer run
INFO: Customer 2 successfully purchased ticket 126
Nov 03, 2024 9:21:34 PM com.shavi.realtimeeventticketingsystemcli.Ticket <init>
INFO: Ticket created: Ticket{id=127, vendorId=3}
Nov 03, 2024 9:21:34 PM com.shavi.realtimeeventticketingsystemcli.Vendor run
INFO: Vendor 3 added ticket: 127
Nov 03, 2024 9:21:34 PM com.shavi.realtimeeventticketingsystemcli.Ticket <init>
INFO: Ticket created: Ticket{id=129, vendorId=3}
Nov 03, 2024 9:21:34 PM com.shavi.realtimeeventticketingsystemcli.Ticket <init>
INFO: Ticket created: Ticket{id=128, vendorId=1}
Nov 03, 2024 9:21:34 PM com.shavi.realtimeeventticketingsystemcli.Customer run
INFO: Customer 3 successfully purchased ticket 127
Nov 03, 2024 9:21:34 PM com.shavi.realtimeeventticketingsystemcli.Vendor run
INFO: Vendor 3 added ticket: 129
Nov 03, 2024 9:21:34 PM com.shavi.realtimeeventticketingsystemcli.Ticket <init>
INFO: Ticket created: Ticket{id=131, vendorId=3}
Nov 03, 2024 9:21:34 PM com.shavi.realtimeeventticketingsystemcli.Vendor run
INFO: Vendor 3 added ticket: 131
Nov 03, 2024 9:21:34 PM com.shavi.realtimeeventticketingsystemcli.Ticket <init>
INFO: Ticket created: Ticket{id=130, vendorId=2}
Nov 03, 2024 9:21:34 PM com.shavi.realtimeeventticketingsystemcli.Customer run
INFO: Customer 1 successfully purchased ticket 129
Nov 03, 2024 9:21:34 PM com.shavi.realtimeeventticketingsystemcli.Vendor run
INFO: Vendor 1 added ticket: 128
Nov 03, 2024 9:21:34 PM com.shavi.realtimeeventticketingsystemcli.Ticket <init>
INFO: Ticket created: Ticket{id=132, vendorId=1}
Nov 03, 2024 9:21:34 PM com.shavi.realtimeeventticketingsystemcli.Customer run
INFO: Customer 4 successfully purchased ticket 128
Nov 03, 2024 9:21:34 PM com.shavi.realtimeeventticketingsystemcli.Customer run
INFO: Customer 2 successfully purchased ticket 131
Nov 03, 2024 9:21:34 PM com.shavi.realtimeeventticketingsystemcli.Vendor run
INFO: Vendor 2 added ticket: 130
Nov 03, 2024 9:21:34 PM com.shavi.realtimeeventticketingsystemcli.Ticket <init>
INFO: Ticket created: Ticket{id=133, vendorId=2}
Nov 03, 2024 9:21:34 PM com.shavi.realtimeeventticketingsystemcli.Vendor run
INFO: Vendor 2 added ticket: 133
Nov 03, 2024 9:21:34 PM com.shavi.realtimeeventticketingsystemcli.Customer run
INFO: Customer 1 successfully purchased ticket 133
Nov 03, 2024 9:21:34 PM com.shavi.realtimeeventticketingsystemcli.Customer run
INFO: Customer 3 successfully purchased ticket 130
Nov 03, 2024 9:21:34 PM com.shavi.realtimeeventticketingsystemcli.Vendor run
INFO: Vendor 1 added ticket: 132
Nov 03, 2024 9:21:34 PM com.shavi.realtimeeventticketingsystemcli.Ticket <init>
INFO: Ticket created: Ticket{id=135, vendorId=1}
Nov 03, 2024 9:21:34 PM com.shavi.realtimeeventticketingsystemcli.Customer run
INFO: Customer 5 successfully purchased ticket 132
Nov 03, 2024 9:21:34 PM com.shavi.realtimeeventticketingsystemcli.Ticket <init>
INFO: Ticket created: Ticket{id=134, vendorId=2}
Nov 03, 2024 9:21:34 PM com.shavi.realtimeeventticketingsystemcli.Vendor run
INFO: Vendor 2 added ticket: 134
Nov 03, 2024 9:21:34 PM com.shavi.realtimeeventticketingsystemcli.Customer run
INFO: Customer 5 successfully purchased ticket 134
Nov 03, 2024 9:21:34 PM com.shavi.realtimeeventticketingsystemcli.Vendor run
INFO: Vendor 1 added ticket: 135
Nov 03, 2024 9:21:34 PM com.shavi.realtimeeventticketingsystemcli.Customer run
INFO: Customer 2 successfully purchased ticket 135
Nov 03, 2024 9:21:35 PM com.shavi.realtimeeventticketingsystemcli.Vendor run
WARNING: Vendor 3 was unable to release tickets due to high demand. Please wait for the next ticket release cycle.
Nov 03, 2024 9:21:35 PM com.shavi.realtimeeventticketingsystemcli.Vendor run
WARNING: Vendor 2 was unable to release tickets due to high demand. Please wait for the next ticket release cycle.
Nov 03, 2024 9:21:35 PM com.shavi.realtimeeventticketingsystemcli.Vendor run
WARNING: Vendor 1 was unable to release tickets due to high demand. Please wait for the next ticket release cycle.
Nov 03, 2024 9:22:05 PM com.shavi.realtimeeventticketingsystemcli.Customer run
INFO: Customer 1 found no tickets available.
Nov 03, 2024 9:22:05 PM com.shavi.realtimeeventticketingsystemcli.Customer run
INFO: Customer 3 found no tickets available.
Nov 03, 2024 9:22:05 PM com.shavi.realtimeeventticketingsystemcli.Customer run
WARNING: Customer 1 could not purchase tickets at this time. Tickets may become available shortly.
Nov 03, 2024 9:22:05 PM com.shavi.realtimeeventticketingsystemcli.Customer run
INFO: Customer 5 found no tickets available.
Nov 03, 2024 9:22:05 PM com.shavi.realtimeeventticketingsystemcli.Customer run
INFO: Customer 4 found no tickets available.
Nov 03, 2024 9:22:05 PM com.shavi.realtimeeventticketingsystemcli.Customer run
INFO: Customer 2 found no tickets available.
Nov 03, 2024 9:22:05 PM com.shavi.realtimeeventticketingsystemcli.Customer run
WARNING: Customer 2 could not purchase tickets at this time. Tickets may become available shortly.
Nov 03, 2024 9:22:05 PM com.shavi.realtimeeventticketingsystemcli.Customer run
WARNING: Customer 3 could not purchase tickets at this time. Tickets may become available shortly.
Nov 03, 2024 9:22:05 PM com.shavi.realtimeeventticketingsystemcli.Customer run
WARNING: Customer 5 could not purchase tickets at this time. Tickets may become available shortly.
Nov 03, 2024 9:22:05 PM com.shavi.realtimeeventticketingsystemcli.Customer run
WARNING: Customer 4 could not purchase tickets at this time. Tickets may become available shortly.
